#
# There is insufficient memory for the Java Runtime Environment to continue.
# Native memory allocation (malloc) failed to allocate 1614016 bytes for Chunk::new
# Possible reasons:
#   The system is out of physical RAM or swap space
#   In 32 bit mode, the process size limit was hit
# Possible solutions:
#   Reduce memory load on the system
#   Increase physical memory or swap space
#   Check if swap backing store is full
#   Use 64 bit Java on a 64 bit OS
#   Decrease Java heap size (-Xmx/-Xms)
#   Decrease number of Java threads
#   Decrease Java thread stack sizes (-Xss)
#   Set larger code cache with -XX:ReservedCodeCacheSize=
# This output file may be truncated or incomplete.
#
#  Out of Memory Error (allocation.cpp:390), pid=10568, tid=10020
#
# JRE version: Java(TM) SE Runtime Environment (8.0_40-b26) (build 1.8.0_40-b26)
# Java VM: Java HotSpot(TM) 64-Bit Server VM (25.40-b25 mixed mode windows-amd64 compressed oops)
# Failed to write core dump. Minidumps are not enabled by default on client versions of Windows
#

---------------  T H R E A D  ---------------

Current thread (0x0000000017bd0800):  JavaThread "C2 CompilerThread1" daemon [_thread_in_native, id=10020, stack(0x0000000018240000,0x0000000018340000)]

Stack: [0x0000000018240000,0x0000000018340000]
Native frames: (J=compiled Java code, j=interpreted, Vv=VM code, C=native code)
V  [jvm.dll+0x32b47a]


Current CompileTask:
C2:   4535 2066   !   4       com.android.dx.cf.code.Ropper::processBlock (1101 bytes)


---------------  P R O C E S S  ---------------

Java Threads: ( => current thread )
  0x0000000017eef000 JavaThread "pool-2-thread-4" [_thread_in_Java, id=12240, stack(0x0000000018b40000,0x0000000018c40000)]
  0x0000000017edb800 JavaThread "pool-2-thread-3" [_thread_blocked, id=2320, stack(0x0000000018a40000,0x0000000018b40000)]
  0x0000000017edb000 JavaThread "pool-2-thread-2" [_thread_blocked, id=5328, stack(0x0000000018940000,0x0000000018a40000)]
  0x0000000017ec7800 JavaThread "pool-3-thread-1" [_thread_blocked, id=2868, stack(0x0000000018840000,0x0000000018940000)]
  0x0000000017e1b800 JavaThread "pool-2-thread-1" [_thread_blocked, id=11320, stack(0x0000000018740000,0x0000000018840000)]
  0x0000000017bda800 JavaThread "Service Thread" daemon [_thread_blocked, id=5784, stack(0x0000000018540000,0x0000000018640000)]
  0x0000000017bd5000 JavaThread "C1 CompilerThread3" daemon [_thread_blocked, id=4276, stack(0x0000000018440000,0x0000000018540000)]
  0x0000000017bd1800 JavaThread "C2 CompilerThread2" daemon [_thread_in_native, id=11956, stack(0x0000000018340000,0x0000000018440000)]
=>0x0000000017bd0800 JavaThread "C2 CompilerThread1" daemon [_thread_in_native, id=10020, stack(0x0000000018240000,0x0000000018340000)]
  0x0000000017b6b000 JavaThread "C2 CompilerThread0" daemon [_thread_blocked, id=8108, stack(0x0000000018140000,0x0000000018240000)]
  0x0000000017b68800 JavaThread "Attach Listener" daemon [_thread_blocked, id=14080, stack(0x0000000018040000,0x0000000018140000)]
  0x0000000017b67800 JavaThread "Signal Dispatcher" daemon [_thread_blocked, id=5052, stack(0x0000000017f40000,0x0000000018040000)]
  0x000000000302a000 JavaThread "Finalizer" daemon [_thread_blocked, id=10460, stack(0x0000000017a40000,0x0000000017b40000)]
  0x0000000003023000 JavaThread "Reference Handler" daemon [_thread_blocked, id=12912, stack(0x0000000017940000,0x0000000017a40000)]
  0x0000000002e1d800 JavaThread "main" [_thread_blocked, id=9536, stack(0x0000000002e30000,0x0000000002f30000)]

Other Threads:
  0x0000000015b49800 VMThread [stack: 0x0000000017840000,0x0000000017940000] [id=10672]
  0x0000000017bdb000 WatcherThread [stack: 0x0000000018640000,0x0000000018740000] [id=2880]

VM state:not at safepoint (normal execution)

VM Mutex/Monitor currently owned by a thread: None

Heap:
 PSYoungGen      total 141824K, used 26975K [0x00000000eab00000, 0x00000000f4000000, 0x0000000100000000)
  eden space 131072K, 12% used [0x00000000eab00000,0x00000000ebadbfc0,0x00000000f2b00000)
  from space 10752K, 99% used [0x00000000f2b00000,0x00000000f357bf90,0x00000000f3580000)
  to   space 10752K, 0% used [0x00000000f3580000,0x00000000f3580000,0x00000000f4000000)
 ParOldGen       total 175104K, used 29269K [0x00000000c0000000, 0x00000000cab00000, 0x00000000eab00000)
  object space 175104K, 16% used [0x00000000c0000000,0x00000000c1c95450,0x00000000cab00000)
 Metaspace       used 6250K, capacity 7216K, committed 7296K, reserved 1056768K
  class space    used 586K, capacity 616K, committed 640K, reserved 1048576K

Card table byte_map: [0x00000000123f0000,0x0000000012600000] byte_map_base: 0x0000000011df0000

Marking Bits: (ParMarkBitMap*) 0x000000006de14040
 Begin Bits: [0x0000000012f60000, 0x0000000013f60000)
 End Bits:   [0x0000000013f60000, 0x0000000014f60000)

Polling page: 0x00000000014f0000

CodeCache: size=245760Kb used=10498Kb max_used=10510Kb free=235261Kb
 bounds [0x0000000003030000, 0x0000000003a80000, 0x0000000012030000]
 total_blobs=2430 nmethods=2160 adapters=182
 compilation: enabled

Compilation events (10 events):
Event: 4.514 Thread 0x0000000017bd5000 2180       3       com.android.dx.ssa.back.FirstFitLocalCombiningAllocator::ssaSetToSpecs (57 bytes)
Event: 4.514 Thread 0x0000000017bd1800 nmethod 2179 0x0000000003a72290 code [0x0000000003a723e0, 0x0000000003a72538]
Event: 4.515 Thread 0x0000000017bd5000 nmethod 2180 0x0000000003a73690 code [0x0000000003a73900, 0x0000000003a74968]
Event: 4.515 Thread 0x0000000017bd5000 2181       3       com.android.dx.util.BitIntSet::elements (8 bytes)
Event: 4.515 Thread 0x0000000017bd5000 nmethod 2181 0x0000000003a71cd0 code [0x0000000003a71e40, 0x0000000003a72108]
Event: 4.517 Thread 0x0000000017b6b000 2182       4       com.android.dx.ssa.SsaMethod::removeFromUseList (57 bytes)
Event: 4.518 Thread 0x0000000017bd1800 2183   !   4       com.android.dx.cf.code.BytecodeArray::parseInstruction (2764 bytes)
Event: 4.523 Thread 0x0000000017b6b000 nmethod 2182 0x0000000003a72bd0 code [0x0000000003a72d20, 0x0000000003a731f8]
Event: 4.524 Thread 0x0000000017b6b000 2184 %     4       java.lang.String::lastIndexOf @ 62 (151 bytes)
Event: 4.527 Thread 0x0000000017b6b000 nmethod 2184% 0x0000000003a71350 code [0x0000000003a714a0, 0x0000000003a71898]

GC Heap History (6 events):
Event: 1.659 GC heap before
{Heap before GC invocations=1 (full 0):
 PSYoungGen      total 76288K, used 65536K [0x00000000eab00000, 0x00000000f0000000, 0x0000000100000000)
  eden space 65536K, 100% used [0x00000000eab00000,0x00000000eeb00000,0x00000000eeb00000)
  from space 10752K, 0% used [0x00000000ef580000,0x00000000ef580000,0x00000000f0000000)
  to   space 10752K, 0% used [0x00000000eeb00000,0x00000000eeb00000,0x00000000ef580000)
 ParOldGen       total 175104K, used 0K [0x00000000c0000000, 0x00000000cab00000, 0x00000000eab00000)
  object space 175104K, 0% used [0x00000000c0000000,0x00000000c0000000,0x00000000cab00000)
 Metaspace       used 6065K, capacity 7088K, committed 7296K, reserved 1056768K
  class space    used 580K, capacity 616K, committed 640K, reserved 1048576K
Event: 1.679 GC heap after
Heap after GC invocations=1 (full 0):
 PSYoungGen      total 76288K, used 10724K [0x00000000eab00000, 0x00000000f4000000, 0x0000000100000000)
  eden space 65536K, 0% used [0x00000000eab00000,0x00000000eab00000,0x00000000eeb00000)
  from space 10752K, 99% used [0x00000000eeb00000,0x00000000ef5792d0,0x00000000ef580000)
  to   space 10752K, 0% used [0x00000000f3580000,0x00000000f3580000,0x00000000f4000000)
 ParOldGen       total 175104K, used 470K [0x00000000c0000000, 0x00000000cab00000, 0x00000000eab00000)
  object space 175104K, 0% used [0x00000000c0000000,0x00000000c0075a00,0x00000000cab00000)
 Metaspace       used 6065K, capacity 7088K, committed 7296K, reserved 1056768K
  class space    used 580K, capacity 616K, committed 640K, reserved 1048576K
}
Event: 2.168 GC heap before
{Heap before GC invocations=2 (full 0):
 PSYoungGen      total 76288K, used 76260K [0x00000000eab00000, 0x00000000f4000000, 0x0000000100000000)
  eden space 65536K, 100% used [0x00000000eab00000,0x00000000eeb00000,0x00000000eeb00000)
  from space 10752K, 99% used [0x00000000eeb00000,0x00000000ef5792d0,0x00000000ef580000)
  to   space 10752K, 0% used [0x00000000f3580000,0x00000000f3580000,0x00000000f4000000)
 ParOldGen       total 175104K, used 470K [0x00000000c0000000, 0x00000000cab00000, 0x00000000eab00000)
  object space 175104K, 0% used [0x00000000c0000000,0x00000000c0075a00,0x00000000cab00000)
 Metaspace       used 6140K, capacity 7152K, committed 7296K, reserved 1056768K
  class space    used 584K, capacity 616K, committed 640K, reserved 1048576K
Event: 2.286 GC heap after
Heap after GC invocations=2 (full 0):
 PSYoungGen      total 141824K, used 10729K [0x00000000eab00000, 0x00000000f4000000, 0x0000000100000000)
  eden space 131072K, 0% used [0x00000000eab00000,0x00000000eab00000,0x00000000f2b00000)
  from space 10752K, 99% used [0x00000000f3580000,0x00000000f3ffa428,0x00000000f4000000)
  to   space 10752K, 0% used [0x00000000f2b00000,0x00000000f2b00000,0x00000000f3580000)
 ParOldGen       total 175104K, used 8981K [0x00000000c0000000, 0x00000000cab00000, 0x00000000eab00000)
  object space 175104K, 5% used [0x00000000c0000000,0x00000000c08c5700,0x00000000cab00000)
 Metaspace       used 6140K, capacity 7152K, committed 7296K, reserved 1056768K
  class space    used 584K, capacity 616K, committed 640K, reserved 1048576K
}
Event: 4.431 GC heap before
{Heap before GC invocations=3 (full 0):
 PSYoungGen      total 141824K, used 141801K [0x00000000eab00000, 0x00000000f4000000, 0x0000000100000000)
  eden space 131072K, 100% used [0x00000000eab00000,0x00000000f2b00000,0x00000000f2b00000)
  from space 10752K, 99% used [0x00000000f3580000,0x00000000f3ffa428,0x00000000f4000000)
  to   space 10752K, 0% used [0x00000000f2b00000,0x00000000f2b00000,0x00000000f3580000)
 ParOldGen       total 175104K, used 8981K [0x00000000c0000000, 0x00000000cab00000, 0x00000000eab00000)
  object space 175104K, 5% used [0x00000000c0000000,0x00000000c08c5700,0x00000000cab00000)
 Metaspace       used 6247K, capacity 7216K, committed 7296K, reserved 1056768K
  class space    used 586K, capacity 616K, committed 640K, reserved 1048576K
Event: 4.462 GC heap after
Heap after GC invocations=3 (full 0):
 PSYoungGen      total 141824K, used 10735K [0x00000000eab00000, 0x00000000f4000000, 0x0000000100000000)
  eden space 131072K, 0% used [0x00000000eab00000,0x00000000eab00000,0x00000000f2b00000)
  from space 10752K, 99% used [0x00000000f2b00000,0x00000000f357bf90,0x00000000f3580000)
  to   space 10752K, 0% used [0x00000000f3580000,0x00000000f3580000,0x00000000f4000000)
 ParOldGen       total 175104K, used 29269K [0x00000000c0000000, 0x00000000cab00000, 0x00000000eab00000)
  object space 175104K, 16% used [0x00000000c0000000,0x00000000c1c95450,0x00000000cab00000)
 Metaspace       used 6247K, capacity 7216K, committed 7296K, reserved 1056768K
  class space    used 586K, capacity 616K, committed 640K, reserved 1048576K
}

Deoptimization events (10 events):
Event: 1.852 Thread 0x0000000017eef000 Uncommon trap: reason=unstable_if action=reinterpret pc=0x0000000003786ca0 method=com.android.dx.ssa.SCCP.simulateBranch(Lcom/android/dx/ssa/SsaInsn;)V @ 118
Event: 2.301 Thread 0x0000000017e1b800 Uncommon trap: reason=unstable_if action=reinterpret pc=0x0000000003832d30 method=com.android.dx.cf.code.Ropper.processBlock(Lcom/android/dx/cf/code/ByteBlock;Lcom/android/dx/cf/code/Frame;[I)V @ 940
Event: 2.404 Thread 0x0000000002e1d800 Uncommon trap: reason=class_check action=maybe_recompile pc=0x0000000003814c20 method=com.android.dx.ssa.SsaConverter.placePhiFunctions(Lcom/android/dx/ssa/SsaMethod;Lcom/android/dx/ssa/LocalVariableInfo;I)V @ 257
Event: 2.745 Thread 0x0000000017eef000 Uncommon trap: reason=unstable_if action=reinterpret pc=0x0000000003904658 method=com.android.dx.dex.code.RopTranslator.pickOrder()V @ 164
Event: 2.911 Thread 0x0000000017eef000 Uncommon trap: reason=null_check action=make_not_entrant pc=0x0000000003466940 method=com.android.dx.ssa.SsaRenamer.getLocalForNewReg(I)Lcom/android/dx/rop/code/LocalItem; @ 19
Event: 2.930 Thread 0x0000000017edb800 Uncommon trap: reason=null_check action=make_not_entrant pc=0x00000000034419fc method=com.android.dx.ssa.SsaRenamer.getLocalForNewReg(I)Lcom/android/dx/rop/code/LocalItem; @ 19
Event: 4.516 Thread 0x0000000017eef000 Uncommon trap: reason=bimorphic action=maybe_recompile pc=0x0000000003842920 method=com.android.dx.cf.code.BytecodeArray.parseInstruction(ILcom/android/dx/cf/code/BytecodeArray$Visitor;)I @ 2281
Event: 4.516 Thread 0x0000000017eef000 Uncommon trap: reason=bimorphic action=maybe_recompile pc=0x0000000003842920 method=com.android.dx.cf.code.BytecodeArray.parseInstruction(ILcom/android/dx/cf/code/BytecodeArray$Visitor;)I @ 2281
Event: 4.516 Thread 0x0000000017eef000 Uncommon trap: reason=bimorphic action=maybe_recompile pc=0x0000000003842920 method=com.android.dx.cf.code.BytecodeArray.parseInstruction(ILcom/android/dx/cf/code/BytecodeArray$Visitor;)I @ 2281
Event: 4.516 Thread 0x0000000017eef000 Uncommon trap: reason=bimorphic action=maybe_recompile pc=0x0000000003842920 method=com.android.dx.cf.code.BytecodeArray.parseInstruction(ILcom/android/dx/cf/code/BytecodeArray$Visitor;)I @ 2281

Internal exceptions (5 events):
Event: 0.035 Thread 0x0000000002e1d800 Exception <a 'java/lang/NoSuchMethodError': Method sun.misc.Unsafe.defineClass(Ljava/lang/String;[BII)Ljava/lang/Class; name or signature does not match> (0x00000000eab12f00) thrown at [D:\re\workspace\8-2-build-windows-amd64-cygwin\jdk8u40\3098\hotspot\srE≤
:1¢?
Event: 0.036 Thread 0x0000000002e1d800 Exception <a 'java/lang/NoSuchMethodError': Method sun.misc.Unsafe.prefetchRead(Ljava/lang/Object;J)V name or signature does not match> (0x00000000eab13190) thrown at [D:\re\workspace\8-2-build-windows-amd64-cygwin\jdk8u40\3098\hotspot\src\share\vm\prims\jËÕôàç‚?
Event: 0.580 Thread 0x0000000017edb800 Implicit null exception at 0x000000000332d322 to 0x000000000332d412
Event: 2.911 Thread 0x0000000017eef000 Implicit null exception at 0x00000000034658e1 to 0x00000000034668f5
Event: 2.930 Thread 0x0000000017edb800 Implicit null exception at 0x0000000003440c94 to 0x00000000034419c9

Events (10 events):
Event: 4.516 Thread 0x0000000017eef000 DEOPT UNPACKING pc=0x000000000307582a sp=0x0000000018c3e5b0 mode 2
Event: 4.516 Thread 0x0000000017eef000 Uncommon trap: trap_request=0xffffffc6 fr.pc=0x0000000003842920
Event: 4.516 Thread 0x0000000017eef000 DEOPT PACKING pc=0x0000000003842920 sp=0x0000000018c3e5e0
Event: 4.516 Thread 0x0000000017eef000 DEOPT UNPACKING pc=0x000000000307582a sp=0x0000000018c3e5b0 mode 2
Event: 4.516 Thread 0x0000000017eef000 Uncommon trap: trap_request=0xffffffc6 fr.pc=0x0000000003842920
Event: 4.516 Thread 0x0000000017eef000 DEOPT PACKING pc=0x0000000003842920 sp=0x0000000018c3e420
Event: 4.516 Thread 0x0000000017eef000 DEOPT UNPACKING pc=0x000000000307582a sp=0x0000000018c3e3f0 mode 2
Event: 4.516 Thread 0x0000000017eef000 Uncommon trap: trap_request=0xffffffc6 fr.pc=0x0000000003842920
Event: 4.516 Thread 0x0000000017eef000 DEOPT PACKING pc=0x0000000003842920 sp=0x0000000018c3e420
Event: 4.516 Thread 0x0000000017eef000 DEOPT UNPACKING pc=0x000000000307582a sp=0x0000000018c3e3f0 mode 2


Dynamic libraries:
0x00007ff756350000 - 0x00007ff756387000 	C:\Program Files\Java\jdk1.8.0_40\bin\java.exe
0x00007ff85e460000 - 0x00007ff85e631000 	C:\WINDOWS\SYSTEM32\ntdll.dll
0x00007ff85ba00000 - 0x00007ff85baab000 	C:\WINDOWS\System32\KERNEL32.DLL
0x00007ff85aca0000 - 0x00007ff85aebd000 	C:\WINDOWS\System32\KERNELBASE.dll
0x00007ff85cc70000 - 0x00007ff85cd12000 	C:\WINDOWS\System32\ADVAPI32.dll
0x00007ff85bcd0000 - 0x00007ff85bd6e000 	C:\WINDOWS\System32\msvcrt.dll
0x00007ff85cd40000 - 0x00007ff85cd99000 	C:\WINDOWS\System32\sechost.dll
0x00007ff85cdb0000 - 0x00007ff85ced1000 	C:\WINDOWS\System32\RPCRT4.dll
0x00007ff85c6b0000 - 0x00007ff85c815000 	C:\WINDOWS\System32\USER32.dll
0x00007ff85aac0000 - 0x00007ff85aade000 	C:\WINDOWS\System32\win32u.dll
0x00007ff85c610000 - 0x00007ff85c644000 	C:\WINDOWS\System32\GDI32.dll
0x00007ff85b860000 - 0x00007ff85b9e2000 	C:\WINDOWS\System32\gdi32full.dll
0x00007ff852140000 - 0x00007ff8523b9000 	C:\WINDOWS\WinSxS\amd64_microsoft.windows.common-controls_6595b64144ccf1df_6.0.14393.447_none_42191651c6827bb3\COMCTL32.dll
0x00007ff85bd70000 - 0x00007ff85c038000 	C:\WINDOWS\System32\combase.dll
0x00007ff85a950000 - 0x00007ff85aa45000 	C:\WINDOWS\System32\ucrtbase.dll
0x00007ff85aa50000 - 0x00007ff85aaba000 	C:\WINDOWS\System32\bcryptPrimitives.dll
0x00007ff85bca0000 - 0x00007ff85bcce000 	C:\WINDOWS\System32\IMM32.DLL
0x000000006dea0000 - 0x000000006df72000 	C:\Program Files\Java\jdk1.8.0_40\jre\bin\msvcr100.dll
0x000000006d610000 - 0x000000006de93000 	C:\Program Files\Java\jdk1.8.0_40\jre\bin\server\jvm.dll
0x00007ff85b9f0000 - 0x00007ff85b9f8000 	C:\WINDOWS\System32\PSAPI.DLL
0x00007ff851270000 - 0x00007ff851279000 	C:\WINDOWS\SYSTEM32\WSOCK32.dll
0x00007ff85c9e0000 - 0x00007ff85ca4a000 	C:\WINDOWS\System32\WS2_32.dll
0x00007ff858120000 - 0x00007ff858143000 	C:\WINDOWS\SYSTEM32\WINMM.dll
0x00007ff855c50000 - 0x00007ff855c5a000 	C:\WINDOWS\SYSTEM32\VERSION.dll
0x00007ff858080000 - 0x00007ff8580ab000 	C:\WINDOWS\SYSTEM32\WINMMBASE.dll
0x00007ff85aec0000 - 0x00007ff85af02000 	C:\WINDOWS\System32\cfgmgr32.dll
0x000000006f710000 - 0x000000006f71f000 	C:\Program Files\Java\jdk1.8.0_40\jre\bin\verify.dll
0x000000006d5e0000 - 0x000000006d609000 	C:\Program Files\Java\jdk1.8.0_40\jre\bin\java.dll
0x000000006f6f0000 - 0x000000006f706000 	C:\Program Files\Java\jdk1.8.0_40\jre\bin\zip.dll
0x00007ff85cf50000 - 0x00007ff85e459000 	C:\WINDOWS\System32\SHELL32.dll
0x00007ff85b0e0000 - 0x00007ff85b7ba000 	C:\WINDOWS\System32\windows.storage.dll
0x00007ff85a8f0000 - 0x00007ff85a93c000 	C:\WINDOWS\System32\powrprof.dll
0x00007ff85c820000 - 0x00007ff85c872000 	C:\WINDOWS\System32\shlwapi.dll
0x00007ff85a8e0000 - 0x00007ff85a8ef000 	C:\WINDOWS\System32\kernel.appcore.dll
0x00007ff85abf0000 - 0x00007ff85ac99000 	C:\WINDOWS\System32\shcore.dll
0x00007ff85a8c0000 - 0x00007ff85a8d4000 	C:\WINDOWS\System32\profapi.dll
0x00007ff84fcf0000 - 0x00007ff84fe82000 	C:\WINDOWS\SYSTEM32\dbghelp.dll

VM Arguments:
jvm_args: -Djava.awt.headless=true -Xmx1024M -Dfile.encoding=windows-1251 -Duser.country=RU -Duser.language=ru -Duser.variant 
java_command: com.android.dx.command.Main --dex --force-jumbo --num-threads=4 --multi-dex --output C:\Users\Ilya\Dropbox\MyDayList\app\build\intermediates\transforms\dex\debug\folders\1000\10\com.google.android.gms-play-services-games-8.4.0_2d7dbd01f7292d4a96f477f7ee062892217db5bc C:\Users\Ilya\Dropbox\MyDayList\app\build\intermediates\exploded-aar\com.google.android.gms\play-services-games\8.4.0\jars\classes.jar
java_class_path (initial): C:\Users\Ilya\AppData\Local\Android\sdk\build-tools\23.0.1\lib\dx.jar
Launcher Type: SUN_STANDARD

Environment Variables:
PATH=C:\oraclexe\app\oracle\product\11.2.0\server\bin;C:\Program Files (x86)\Intel\iCLS Client\;C:\Program Files\Intel\iCLS Client\;C:\ProgramData\Oracle\Java\javapath;C:\Windows\system32;C:\Windows;C:\Windows\System32\Wbem;C:\Windows\System32\WindowsPowerShell\v1.0\;C:\Program Files\Intel\Intel(R) Management Engine Components\DAL;C:\Program Files\Intel\Intel(R) Management Engine Components\IPT;C:\Program Files (x86)\Intel\Intel(R) Management Engine Components\DAL;C:\Program Files (x86)\Intel\Intel(R) Management Engine Components\IPT;C:\Program Files\Microsoft SQL Server\110\Tools\Binn\;C:\Program Files (x86)\Common Files\Acronis\SnapAPI\;C:\WINDOWS\system32;C:\WINDOWS;C:\WINDOWS\System32\Wbem;C:\WINDOWS\System32\WindowsPowerShell\v1.0\;D:\android-ndk-r10e;C:\Users\Ilya\AppData\Local\Programs\Python\Python35-32\Scripts;C:\Users\Ilya\AppData\Local\Programs\Python\Python35-32;D:\python 2.7\Scripts;D:\python 2.7;C:\Program Files\Java\jdk1.8.0_40\bin;C:\Users\Ilya\AppData\Local\Android\sdk\platform-tools;C:\Program Files (x86)\Skype\Phone\;C:\Program Files\Microsoft SQL Server\120\Tools\Binn\;C:\Users\Ilya\.dnx\bin;C:\Program Files\Microsoft DNX\Dnvm\;C:\Program Files (x86)\Windows Kits\8.1\Windows Performance Toolkit\;C:\Program Files (x86)\NVIDIA Corporation\PhysX\Common;%SystemRoot%\system32;%SystemRoot%;%SystemRoot%\System32\Wbem;%SYSTEMROOT%\System32\WindowsPowerShell\v1.0\;G:\NMATLAB\runtime\win64;G:\NMATLAB\bin;C:\Users\Ilya\AppData\Local\Microsoft\WindowsApps;
USERNAME=Ilya
OS=Windows_NT
PROCESSOR_IDENTIFIER=Intel64 Family 6 Model 58 Stepping 9, GenuineIntel



---------------  S Y S T E M  ---------------

OS: Windows 10.0 , 64 bit Build 14393 (10.0.14393.0)

CPU:total 8 (4 cores per cpu, 2 threads per core) family 6 model 58 stepping 9, cmov, cx8, fxsr, mmx, sse, sse2, sse3, ssse3, sse4.1, sse4.2, popcnt, avx, aes, clmul, erms, ht, tsc, tscinvbit, tscinv

Memory: 4k page, physical 16718628k(3262504k free), swap 16739108k(8964k free)

vm_info: Java HotSpot(TM) 64-Bit Server VM (25.40-b25) for windows-amd64 JRE (1.8.0_40-b26), built on Mar  7 2015 13:51:59 by "java_re" with MS VC++ 10.0 (VS2010)

time: Fri Dec 16 22:21:20 2016
elapsed time: 4 seconds (0d 0h 0m 4s)

