#
# There is insufficient memory for the Java Runtime Environment to continue.
# Native memory allocation (malloc) failed to allocate 428416 bytes for Chunk::new
# Possible reasons:
#   The system is out of physical RAM or swap space
#   In 32 bit mode, the process size limit was hit
# Possible solutions:
#   Reduce memory load on the system
#   Increase physical memory or swap space
#   Check if swap backing store is full
#   Use 64 bit Java on a 64 bit OS
#   Decrease Java heap size (-Xmx/-Xms)
#   Decrease number of Java threads
#   Decrease Java thread stack sizes (-Xss)
#   Set larger code cache with -XX:ReservedCodeCacheSize=
# This output file may be truncated or incomplete.
#
#  Out of Memory Error (allocation.cpp:390), pid=15440, tid=9508
#
# JRE version: Java(TM) SE Runtime Environment (8.0_40-b26) (build 1.8.0_40-b26)
# Java VM: Java HotSpot(TM) 64-Bit Server VM (25.40-b25 mixed mode windows-amd64 compressed oops)
# Failed to write core dump. Minidumps are not enabled by default on client versions of Windows
#

---------------  T H R E A D  ---------------

Current thread (0x0000000016fa9800):  JavaThread "C2 CompilerThread2" daemon [_thread_in_native, id=9508, stack(0x0000000017720000,0x0000000017820000)]

Stack: [0x0000000017720000,0x0000000017820000]
Native frames: (J=compiled Java code, j=interpreted, Vv=VM code, C=native code)
V  [jvm.dll+0x32b47a]
V  [jvm.dll+0x2797f3]
V  [jvm.dll+0x27a489]
V  [jvm.dll+0x2717a5]
V  [jvm.dll+0xcb9a2]
V  [jvm.dll+0xcbe6c]
V  [jvm.dll+0x4929a7]
V  [jvm.dll+0x45f639]
V  [jvm.dll+0x46a73b]
V  [jvm.dll+0x46cd52]
V  [jvm.dll+0x4500d2]
V  [jvm.dll+0xa4312]
V  [jvm.dll+0xa4c4f]
V  [jvm.dll+0x241914]
V  [jvm.dll+0x29848a]
C  [msvcr100.dll+0x21d9f]
C  [msvcr100.dll+0x21e3b]
C  [KERNEL32.DLL+0x12d92]
C  [ntdll.dll+0x9f64]


Current CompileTask:
C2:   1544 1580   !   4       com.android.dx.cf.code.RopperMachine::run (1550 bytes)


---------------  P R O C E S S  ---------------

Java Threads: ( => current thread )
  0x000000001720c000 JavaThread "pool-1-thread-3" [_thread_blocked, id=14552, stack(0x0000000017e20000,0x0000000017f20000)]
  0x0000000017209800 JavaThread "pool-1-thread-2" [_thread_in_Java, id=14948, stack(0x0000000017d20000,0x0000000017e20000)]
  0x0000000017206800 JavaThread "pool-2-thread-1" [_thread_blocked, id=3532, stack(0x0000000017c20000,0x0000000017d20000)]
  0x0000000016ff0800 JavaThread "Service Thread" daemon [_thread_blocked, id=10924, stack(0x0000000017920000,0x0000000017a20000)]
  0x0000000016fb9000 JavaThread "C1 CompilerThread3" daemon [_thread_blocked, id=8912, stack(0x0000000017820000,0x0000000017920000)]
=>0x0000000016fa9800 JavaThread "C2 CompilerThread2" daemon [_thread_in_native, id=9508, stack(0x0000000017720000,0x0000000017820000)]
  0x0000000016f57000 JavaThread "C2 CompilerThread1" daemon [_thread_in_native, id=5720, stack(0x0000000017620000,0x0000000017720000)]
  0x0000000016f4a000 JavaThread "C2 CompilerThread0" daemon [_thread_in_native, id=5036, stack(0x0000000017520000,0x0000000017620000)]
  0x0000000016f47800 JavaThread "Attach Listener" daemon [_thread_blocked, id=15656, stack(0x0000000017420000,0x0000000017520000)]
  0x0000000016f46000 JavaThread "Signal Dispatcher" daemon [_thread_blocked, id=9244, stack(0x0000000017320000,0x0000000017420000)]
  0x0000000002429800 JavaThread "Finalizer" daemon [_thread_blocked, id=15596, stack(0x0000000016e20000,0x0000000016f20000)]
  0x0000000014f4d800 JavaThread "Reference Handler" daemon [_thread_blocked, id=4372, stack(0x0000000016d20000,0x0000000016e20000)]
  0x000000000210d800 JavaThread "main" [_thread_blocked, id=1376, stack(0x0000000002230000,0x0000000002330000)]

Other Threads:
  0x0000000014f49000 VMThread [stack: 0x0000000016c20000,0x0000000016d20000] [id=12680]
  0x0000000016ff1800 WatcherThread [stack: 0x0000000017a20000,0x0000000017b20000] [id=7524]

VM state:not at safepoint (normal execution)

VM Mutex/Monitor currently owned by a thread: None

Heap:
 PSYoungGen      total 76288K, used 37150K [0x00000000eab00000, 0x00000000f4000000, 0x0000000100000000)
  eden space 65536K, 40% used [0x00000000eab00000,0x00000000ec5133f8,0x00000000eeb00000)
  from space 10752K, 97% used [0x00000000eeb00000,0x00000000ef5345c8,0x00000000ef580000)
  to   space 10752K, 0% used [0x00000000f3580000,0x00000000f3580000,0x00000000f4000000)
 ParOldGen       total 175104K, used 16K [0x00000000c0000000, 0x00000000cab00000, 0x00000000eab00000)
  object space 175104K, 0% used [0x00000000c0000000,0x00000000c0004000,0x00000000cab00000)
 Metaspace       used 6062K, capacity 7088K, committed 7296K, reserved 1056768K
  class space    used 582K, capacity 616K, committed 640K, reserved 1048576K

Card table byte_map: [0x00000000117f0000,0x0000000011a00000] byte_map_base: 0x00000000111f0000

Marking Bits: (ParMarkBitMap*) 0x00000000747d4040
 Begin Bits: [0x0000000012360000, 0x0000000013360000)
 End Bits:   [0x0000000013360000, 0x0000000014360000)

Polling page: 0x0000000002030000

CodeCache: size=245760Kb used=6374Kb max_used=6374Kb free=239385Kb
 bounds [0x0000000002430000, 0x0000000002a70000, 0x0000000011430000]
 total_blobs=1898 nmethods=1629 adapters=182
 compilation: enabled

Compilation events (10 events):
Event: 1.471 Thread 0x0000000016fb9000 1654       2       java.util.HashMap$HashIterator::nextNode (100 bytes)
Event: 1.471 Thread 0x0000000016fb9000 nmethod 1654 0x0000000002a5d590 code [0x0000000002a5d720, 0x0000000002a5da98]
Event: 1.473 Thread 0x0000000016fb9000 1655       2       java.util.concurrent.locks.AbstractQueuedSynchronizer::compareAndSetWaitStatus (13 bytes)
Event: 1.473 Thread 0x0000000016fb9000 nmethod 1655 0x0000000002a64e10 code [0x0000000002a64f60, 0x0000000002a650b0]
Event: 1.473 Thread 0x0000000016fb9000 1656       2       java.util.concurrent.locks.LockSupport::setBlocker (12 bytes)
Event: 1.473 Thread 0x0000000016fb9000 nmethod 1656 0x0000000002a5d290 code [0x0000000002a5d3e0, 0x0000000002a5d530]
Event: 1.474 Thread 0x0000000016fb9000 1658       2       com.android.dx.cf.code.BaseMachine::popArgs (137 bytes)
Event: 1.474 Thread 0x0000000016fb9000 nmethod 1658 0x0000000002a6d890 code [0x0000000002a6db40, 0x0000000002a6e4a8]
Event: 1.476 Thread 0x0000000016fb9000 1660       2       java.util.concurrent.locks.ReentrantLock$Sync::tryRelease (45 bytes)
Event: 1.476 Thread 0x0000000016fb9000 nmethod 1660 0x0000000002a6ee10 code [0x0000000002a6ef80, 0x0000000002a6f1c8]

GC Heap History (2 events):
Event: 0.829 GC heap before
{Heap before GC invocations=1 (full 0):
 PSYoungGen      total 76288K, used 65536K [0x00000000eab00000, 0x00000000f0000000, 0x0000000100000000)
  eden space 65536K, 100% used [0x00000000eab00000,0x00000000eeb00000,0x00000000eeb00000)
  from space 10752K, 0% used [0x00000000ef580000,0x00000000ef580000,0x00000000f0000000)
  to   space 10752K, 0% used [0x00000000eeb00000,0x00000000eeb00000,0x00000000ef580000)
 ParOldGen       total 175104K, used 0K [0x00000000c0000000, 0x00000000cab00000, 0x00000000eab00000)
  object space 175104K, 0% used [0x00000000c0000000,0x00000000c0000000,0x00000000cab00000)
 Metaspace       used 5919K, capacity 6960K, committed 7040K, reserved 1056768K
  class space    used 580K, capacity 616K, committed 640K, reserved 1048576K
Event: 0.843 GC heap after
Heap after GC invocations=1 (full 0):
 PSYoungGen      total 76288K, used 10449K [0x00000000eab00000, 0x00000000f4000000, 0x0000000100000000)
  eden space 65536K, 0% used [0x00000000eab00000,0x00000000eab00000,0x00000000eeb00000)
  from space 10752K, 97% used [0x00000000eeb00000,0x00000000ef5345c8,0x00000000ef580000)
  to   space 10752K, 0% used [0x00000000f3580000,0x00000000f3580000,0x00000000f4000000)
 ParOldGen       total 175104K, used 16K [0x00000000c0000000, 0x00000000cab00000, 0x00000000eab00000)
  object space 175104K, 0% used [0x00000000c0000000,0x00000000c0004000,0x00000000cab00000)
 Metaspace       used 5919K, capacity 6960K, committed 7040K, reserved 1056768K
  class space    used 580K, capacity 616K, committed 640K, reserved 1048576K
}

Deoptimization events (10 events):
Event: 0.362 Thread 0x000000001720c000 Uncommon trap: reason=unstable_if action=reinterpret pc=0x0000000002634970 method=java.util.BitSet.nextSetBit(I)I @ 87
Event: 0.802 Thread 0x0000000017209800 Uncommon trap: reason=uninitialized action=reinterpret pc=0x000000000293cca0 method=com.android.dx.cf.code.BytecodeArray.parseInstruction(ILcom/android/dx/cf/code/BytecodeArray$Visitor;)I @ 999
Event: 0.804 Thread 0x0000000017209800 Uncommon trap: reason=bimorphic action=maybe_recompile pc=0x0000000002637260 method=java.util.HashMap.getNode(ILjava/lang/Object;)Ljava/util/HashMap$Node; @ 126
Event: 0.813 Thread 0x0000000017214000 Uncommon trap: reason=unstable_if action=reinterpret pc=0x0000000002722538 method=com.android.dx.rop.code.RegisterSpecSet.put(Lcom/android/dx/rop/code/RegisterSpec;)V @ 77
Event: 0.880 Thread 0x0000000017214000 Uncommon trap: reason=null_check action=make_not_entrant pc=0x00000000026f70e0 method=com.android.dx.rop.type.Type.equals(Ljava/lang/Object;)Z @ 8
Event: 1.339 Thread 0x0000000017205800 Uncommon trap: reason=bimorphic action=maybe_recompile pc=0x0000000002a04ee4 method=com.android.dx.ssa.SCCP.simulatePhi(Lcom/android/dx/ssa/PhiInsn;)V @ 124
Event: 1.339 Thread 0x0000000017205800 Uncommon trap: reason=bimorphic action=maybe_recompile pc=0x0000000002a04ee4 method=com.android.dx.ssa.SCCP.simulatePhi(Lcom/android/dx/ssa/PhiInsn;)V @ 124
Event: 1.340 Thread 0x0000000017205800 Uncommon trap: reason=bimorphic action=maybe_recompile pc=0x000000000262dca4 method=java.util.HashMap.getNode(ILjava/lang/Object;)Ljava/util/HashMap$Node; @ 126
Event: 1.340 Thread 0x0000000017205800 Uncommon trap: reason=class_check action=maybe_recompile pc=0x000000000281f15c method=java.util.HashMap.putVal(ILjava/lang/Object;Ljava/lang/Object;ZZ)Ljava/lang/Object; @ 203
Event: 1.457 Thread 0x0000000017214000 Uncommon trap: reason=bimorphic action=maybe_recompile pc=0x0000000002a04ee4 method=com.android.dx.ssa.SCCP.simulatePhi(Lcom/android/dx/ssa/PhiInsn;)V @ 124

Internal exceptions (3 events):
Event: 0.035 Thread 0x000000000210d800 Exception <a 'java/lang/NoSuchMethodError': Method sun.misc.Unsafe.defineClass(Ljava/lang/String;[BII)Ljava/lang/Class; name or signature does not match> (0x00000000eab12f00) thrown at [D:\re\workspace\8-2-build-windows-amd64-cygwin\jdk8u40\3098\hotspot\srÔ ”ÈSŸ°?
Event: 0.035 Thread 0x000000000210d800 Exception <a 'java/lang/NoSuchMethodError': Method sun.misc.Unsafe.prefetchRead(Ljava/lang/Object;J)V name or signature does not match> (0x00000000eab13190) thrown at [D:\re\workspace\8-2-build-windows-amd64-cygwin\jdk8u40\3098\hotspot\src\share\vm\prims\jK°ã$(Ï?
Event: 0.880 Thread 0x0000000017214000 Implicit null exception at 0x00000000026f6fe2 to 0x00000000026f70d2

Events (10 events):
Event: 1.340 Thread 0x0000000017205800 DEOPT UNPACKING pc=0x000000000247582a sp=0x0000000017c1e318 mode 2
Event: 1.457 Thread 0x0000000017214000 Uncommon trap: trap_request=0xffffffc6 fr.pc=0x0000000002a04ee4
Event: 1.457 Thread 0x0000000017214000 DEOPT PACKING pc=0x0000000002a04ee4 sp=0x000000001801e7a0
Event: 1.457 Thread 0x0000000017214000 DEOPT UNPACKING pc=0x000000000247582a sp=0x000000001801e778 mode 2
Event: 1.467 loading class java/util/HashMap$KeySet
Event: 1.468 loading class java/util/HashMap$KeySet done
Event: 1.468 loading class java/util/HashMap$KeyIterator
Event: 1.468 loading class java/util/HashMap$KeyIterator done
Event: 1.476 Thread 0x0000000017205800 Thread exited: 0x0000000017205800
Event: 1.476 Thread 0x0000000017214000 Thread exited: 0x0000000017214000


Dynamic libraries:
0x00007ff678e00000 - 0x00007ff678e37000 	C:\Program Files\Java\jdk1.8.0_40\bin\java.exe
0x00007ff886840000 - 0x00007ff886a01000 	C:\WINDOWS\SYSTEM32\ntdll.dll
0x00007ff8857d0000 - 0x00007ff88587d000 	C:\WINDOWS\system32\KERNEL32.DLL
0x00007ff883d30000 - 0x00007ff883f0d000 	C:\WINDOWS\system32\KERNELBASE.dll
0x00007ff8860c0000 - 0x00007ff886166000 	C:\WINDOWS\system32\ADVAPI32.dll
0x00007ff885f10000 - 0x00007ff885fad000 	C:\WINDOWS\system32\msvcrt.dll
0x00007ff883ff0000 - 0x00007ff88404b000 	C:\WINDOWS\system32\sechost.dll
0x00007ff8858f0000 - 0x00007ff885a16000 	C:\WINDOWS\system32\RPCRT4.dll
0x00007ff8866e0000 - 0x00007ff88682e000 	C:\WINDOWS\system32\USER32.dll
0x00007ff886530000 - 0x00007ff8866b6000 	C:\WINDOWS\system32\GDI32.dll
0x00007ff880440000 - 0x00007ff8806b4000 	C:\WINDOWS\WinSxS\amd64_microsoft.windows.common-controls_6595b64144ccf1df_6.0.10240.16384_none_f41f7b285750ef43\COMCTL32.dll
0x00007ff8855e0000 - 0x00007ff885616000 	C:\WINDOWS\system32\IMM32.DLL
0x00007ff885db0000 - 0x00007ff885f0c000 	C:\WINDOWS\system32\MSCTF.dll
0x0000000073db0000 - 0x0000000073e82000 	C:\Program Files\Java\jdk1.8.0_40\jre\bin\msvcr100.dll
0x0000000073fd0000 - 0x0000000074853000 	C:\Program Files\Java\jdk1.8.0_40\jre\bin\server\jvm.dll
0x00007ff886170000 - 0x00007ff886178000 	C:\WINDOWS\system32\PSAPI.DLL
0x00007ff877d10000 - 0x00007ff877d19000 	C:\WINDOWS\SYSTEM32\WSOCK32.dll
0x00007ff8812e0000 - 0x00007ff881303000 	C:\WINDOWS\SYSTEM32\WINMM.dll
0x00007ff87f6d0000 - 0x00007ff87f6da000 	C:\WINDOWS\SYSTEM32\VERSION.dll
0x00007ff885a20000 - 0x00007ff885a89000 	C:\WINDOWS\system32\WS2_32.dll
0x0000000000890000 - 0x00000000008bc000 	C:\WINDOWS\SYSTEM32\WINMMBASE.dll
0x00007ff886830000 - 0x00007ff886838000 	C:\WINDOWS\system32\NSI.dll
0x00007ff883650000 - 0x00007ff883694000 	C:\WINDOWS\system32\cfgmgr32.dll
0x00007ff881be0000 - 0x00007ff881c07000 	C:\WINDOWS\SYSTEM32\DEVOBJ.dll
0x0000000077080000 - 0x000000007708f000 	C:\Program Files\Java\jdk1.8.0_40\jre\bin\verify.dll
0x0000000074c80000 - 0x0000000074ca9000 	C:\Program Files\Java\jdk1.8.0_40\jre\bin\java.dll
0x0000000074c60000 - 0x0000000074c76000 	C:\Program Files\Java\jdk1.8.0_40\jre\bin\zip.dll
0x00007ff8840b0000 - 0x00007ff8855d2000 	C:\WINDOWS\system32\SHELL32.dll
0x00007ff8836a0000 - 0x00007ff883cc8000 	C:\WINDOWS\system32\windows.storage.dll
0x00007ff886180000 - 0x00007ff8863fc000 	C:\WINDOWS\system32\combase.dll
0x00007ff8864c0000 - 0x00007ff886511000 	C:\WINDOWS\system32\shlwapi.dll
0x00007ff8832e0000 - 0x00007ff8832ef000 	C:\WINDOWS\system32\kernel.appcore.dll
0x00007ff883590000 - 0x00007ff883643000 	C:\WINDOWS\system32\shcore.dll
0x00007ff883290000 - 0x00007ff8832da000 	C:\WINDOWS\system32\powrprof.dll
0x00007ff883270000 - 0x00007ff883283000 	C:\WINDOWS\system32\profapi.dll
0x00007ff878180000 - 0x00007ff87830a000 	C:\WINDOWS\SYSTEM32\dbghelp.dll

VM Arguments:
jvm_args: -Djava.awt.headless=true -Xmx1024M -Dfile.encoding=windows-1251 -Duser.country=RU -Duser.language=ru -Duser.variant 
java_command: com.android.dx.command.Main --dex --num-threads=4 --output C:\Users\Ilya\Dropbox\MyDayList\app\build\intermediates\pre-dexed\debug\com.google.android.gms-play-services-wallet-8.3.0_a59a48a1129ca4aaebf54472e6ddf1db4af86ab5.jar C:\Users\Ilya\Dropbox\MyDayList\app\build\intermediates\exploded-aar\com.google.android.gms\play-services-wallet\8.3.0\jars\classes.jar
java_class_path (initial): C:\Users\Ilya\AppData\Local\Android\sdk\build-tools\23.0.1\lib\dx.jar
Launcher Type: SUN_STANDARD

Environment Variables:
PATH=C:\Program Files (x86)\Intel\iCLS Client\;C:\Program Files\Intel\iCLS Client\;C:\ProgramData\Oracle\Java\javapath;C:\Windows\system32;C:\Windows;C:\Windows\System32\Wbem;C:\Windows\System32\WindowsPowerShell\v1.0\;C:\Program Files (x86)\NVIDIA Corporation\PhysX\Common;C:\Program Files\Intel\Intel(R) Management Engine Components\DAL;C:\Program Files\Intel\Intel(R) Management Engine Components\IPT;C:\Program Files (x86)\Intel\Intel(R) Management Engine Components\DAL;C:\Program Files (x86)\Intel\Intel(R) Management Engine Components\IPT;C:\Program Files (x86)\Windows Kits\8.1\Windows Performance Toolkit\;C:\Program Files\Microsoft SQL Server\110\Tools\Binn\;C:\Program Files (x86)\Microsoft SDKs\TypeScript\1.0\;C:\Program Files (x86)\Common Files\Acronis\SnapAPI\;C:\WINDOWS\system32;C:\WINDOWS;C:\WINDOWS\System32\Wbem;C:\WINDOWS\System32\WindowsPowerShell\v1.0\;C:\Program Files (x86)\Skype\Phone\;C:\Program Files (x86)\MySQL\MySQL Fabric 1.5 & MySQL Utilities 1.5\;C:\Program Files (x86)\MySQL\MySQL Fabric 1.5 & MySQL Utilities 1.5\Doctrine extensions for PHP\;D:\android-ndk-r10e;C:\Users\Ilya\AppData\Local\Programs\Python\Python35-32\Scripts;C:\Users\Ilya\AppData\Local\Programs\Python\Python35-32;D:\python 2.7\Scripts;D:\python 2.7;C:\Program Files\Java\jdk1.8.0_40\bin;C:\Users\Ilya\AppData\Local\Android\sdk\platform-tools;
USERNAME=Ilya
OS=Windows_NT
PROCESSOR_IDENTIFIER=Intel64 Family 6 Model 58 Stepping 9, GenuineIntel



---------------  S Y S T E M  ---------------

OS: Windows 10.0 , 64 bit Build 10240 (10.0.10240.16384)

CPU:total 8 (4 cores per cpu, 2 threads per core) family 6 model 58 stepping 9, cmov, cx8, fxsr, mmx, sse, sse2, sse3, ssse3, sse4.1, sse4.2, popcnt, avx, aes, clmul, erms, ht, tsc, tscinvbit, tscinv

Memory: 4k page, physical 16718628k(6628380k free), swap 16739108k(5748k free)

vm_info: Java HotSpot(TM) 64-Bit Server VM (25.40-b25) for windows-amd64 JRE (1.8.0_40-b26), built on Mar  7 2015 13:51:59 by "java_re" with MS VC++ 10.0 (VS2010)

time: Wed Dec 16 19:12:50 2015
elapsed time: 1 seconds (0d 0h 0m 1s)

