#
# There is insufficient memory for the Java Runtime Environment to continue.
# Native memory allocation (malloc) failed to allocate 32744 bytes for ChunkPool::allocate
# Possible reasons:
#   The system is out of physical RAM or swap space
#   In 32 bit mode, the process size limit was hit
# Possible solutions:
#   Reduce memory load on the system
#   Increase physical memory or swap space
#   Check if swap backing store is full
#   Use 64 bit Java on a 64 bit OS
#   Decrease Java heap size (-Xmx/-Xms)
#   Decrease number of Java threads
#   Decrease Java thread stack sizes (-Xss)
#   Set larger code cache with -XX:ReservedCodeCacheSize=
# This output file may be truncated or incomplete.
#
#  Out of Memory Error (allocation.cpp:273), pid=6804, tid=9904
#
# JRE version: Java(TM) SE Runtime Environment (8.0_40-b26) (build 1.8.0_40-b26)
# Java VM: Java HotSpot(TM) 64-Bit Server VM (25.40-b25 mixed mode windows-amd64 compressed oops)
# Failed to write core dump. Minidumps are not enabled by default on client versions of Windows
#

---------------  T H R E A D  ---------------

Current thread (0x000000001769f800):  JavaThread "C2 CompilerThread2" daemon [_thread_in_native, id=9904, stack(0x0000000017e70000,0x0000000017f70000)]

Stack: [0x0000000017e70000,0x0000000017f70000]
Native frames: (J=compiled Java code, j=interpreted, Vv=VM code, C=native code)
V  [jvm.dll+0x32b47a]
V  [jvm.dll+0x2797f3]
V  [jvm.dll+0x27a489]
V  [jvm.dll+0x2717a5]
V  [jvm.dll+0xcb7c4]
V  [jvm.dll+0xcb9e7]
V  [jvm.dll+0xcbe6c]
V  [jvm.dll+0xcc1c4]
V  [jvm.dll+0x4ea1f0]
V  [jvm.dll+0x504fc1]
V  [jvm.dll+0x45f9f3]
V  [jvm.dll+0x46a73b]
V  [jvm.dll+0x46cd52]
V  [jvm.dll+0x4500d2]
V  [jvm.dll+0xa4312]
V  [jvm.dll+0xa4c4f]
V  [jvm.dll+0x241914]
V  [jvm.dll+0x29848a]
C  [msvcr100.dll+0x21d9f]
C  [msvcr100.dll+0x21e3b]
C  [KERNEL32.DLL+0x8364]
C  [ntdll.dll+0x670d1]


Current CompileTask:
C2:   1992 1422   !   4       com.android.dx.cf.cst.ConstantPoolParser::parse0 (731 bytes)


---------------  P R O C E S S  ---------------

Java Threads: ( => current thread )
  0x0000000017970000 JavaThread "pool-2-thread-4" [_thread_in_vm, id=12632, stack(0x0000000018670000,0x0000000018770000)]
  0x000000001796d800 JavaThread "pool-2-thread-3" [_thread_in_Java, id=3192, stack(0x0000000018570000,0x0000000018670000)]
  0x000000001797e800 JavaThread "pool-2-thread-2" [_thread_in_Java, id=9472, stack(0x0000000018470000,0x0000000018570000)]
  0x0000000017958000 JavaThread "pool-3-thread-1" [_thread_blocked, id=10192, stack(0x0000000018370000,0x0000000018470000)]
  0x000000001794b800 JavaThread "pool-2-thread-1" [_thread_in_Java, id=12468, stack(0x0000000018270000,0x0000000018370000)]
  0x000000001770e800 JavaThread "Service Thread" daemon [_thread_blocked, id=9672, stack(0x0000000018070000,0x0000000018170000)]
  0x00000000176a5000 JavaThread "C1 CompilerThread3" daemon [_thread_in_native, id=4920, stack(0x0000000017f70000,0x0000000018070000)]
=>0x000000001769f800 JavaThread "C2 CompilerThread2" daemon [_thread_in_native, id=9904, stack(0x0000000017e70000,0x0000000017f70000)]
  0x000000001769d800 JavaThread "C2 CompilerThread1" daemon [_thread_in_native, id=11104, stack(0x0000000017d70000,0x0000000017e70000)]
  0x000000001769a000 JavaThread "C2 CompilerThread0" daemon [_thread_in_native, id=5540, stack(0x0000000017c70000,0x0000000017d70000)]
  0x0000000017697800 JavaThread "Attach Listener" daemon [_thread_blocked, id=9316, stack(0x0000000017b70000,0x0000000017c70000)]
  0x0000000017696800 JavaThread "Signal Dispatcher" daemon [_thread_blocked, id=11284, stack(0x0000000017a70000,0x0000000017b70000)]
  0x0000000002b64000 JavaThread "Finalizer" daemon [_thread_blocked, id=13772, stack(0x0000000017570000,0x0000000017670000)]
  0x0000000002b63000 JavaThread "Reference Handler" daemon [_thread_blocked, id=8868, stack(0x0000000017470000,0x0000000017570000)]
  0x0000000002a2d800 JavaThread "main" [_thread_in_Java, id=6744, stack(0x0000000002880000,0x0000000002980000)]

Other Threads:
  0x0000000015689800 VMThread [stack: 0x0000000017370000,0x0000000017470000] [id=8808]
  0x0000000017713800 WatcherThread [stack: 0x0000000018170000,0x0000000018270000] [id=11140]

VM state:not at safepoint (normal execution)

VM Mutex/Monitor currently owned by a thread:  ([mutex/lock_event])
[0x0000000002a71050] MethodData_lock - owner thread: 0x00000000176a5000

Heap:
 PSYoungGen      total 76288K, used 32964K [0x00000000eab00000, 0x00000000f4000000, 0x0000000100000000)
  eden space 65536K, 33% used [0x00000000eab00000,0x00000000ec0b59f8,0x00000000eeb00000)
  from space 10752K, 99% used [0x00000000eeb00000,0x00000000ef57b7a0,0x00000000ef580000)
  to   space 10752K, 0% used [0x00000000f3580000,0x00000000f3580000,0x00000000f4000000)
 ParOldGen       total 175104K, used 1206K [0x00000000c0000000, 0x00000000cab00000, 0x00000000eab00000)
  object space 175104K, 0% used [0x00000000c0000000,0x00000000c012d8f8,0x00000000cab00000)
 Metaspace       used 6124K, capacity 7088K, committed 7296K, reserved 1056768K
  class space    used 585K, capacity 616K, committed 640K, reserved 1048576K

Card table byte_map: [0x0000000011f30000,0x0000000012140000] byte_map_base: 0x0000000011930000

Marking Bits: (ParMarkBitMap*) 0x000000006de14040
 Begin Bits: [0x0000000012aa0000, 0x0000000013aa0000)
 End Bits:   [0x0000000013aa0000, 0x0000000014aa0000)

Polling page: 0x00000000010a0000

CodeCache: size=245760Kb used=7122Kb max_used=7131Kb free=238638Kb
 bounds [0x0000000002b70000, 0x0000000003270000, 0x0000000011b70000]
 total_blobs=1997 nmethods=1728 adapters=182
 compilation: enabled

Compilation events (10 events):
Event: 1.934 Thread 0x00000000176a5000 1735       3       com.android.dx.rop.cst.CstFieldRef::<init> (7 bytes)
Event: 1.934 Thread 0x00000000176a5000 nmethod 1735 0x0000000003260450 code [0x00000000032605c0, 0x0000000003260748]
Event: 1.934 Thread 0x00000000176a5000 1736       3       com.android.dx.dex.file.ClassDefItem::addDirectMethod (9 bytes)
Event: 1.934 Thread 0x00000000176a5000 nmethod 1736 0x00000000032607d0 code [0x0000000003260980, 0x0000000003261038]
Event: 1.939 Thread 0x00000000176a5000 1740       1       com.android.dx.dex.file.OffsettedItem::getAlignment (5 bytes)
Event: 1.939 Thread 0x00000000176a5000 nmethod 1740 0x0000000003261410 code [0x0000000003261560, 0x0000000003261670]
Event: 1.947 Thread 0x00000000176a5000 1741       3       java.util.concurrent.locks.AbstractQueuedSynchronizer::isOnSyncQueue (33 bytes)
Event: 1.947 Thread 0x00000000176a5000 nmethod 1741 0x00000000032616d0 code [0x0000000003261840, 0x0000000003261bd0]
Event: 1.952 Thread 0x000000001769a000 nmethod 1613 0x0000000003266610 code [0x0000000003266920, 0x0000000003268500]
Event: 1.952 Thread 0x000000001769a000 1687       4       com.android.dx.ssa.SCCP::simulateBlock (54 bytes)

GC Heap History (2 events):
Event: 1.804 GC heap before
{Heap before GC invocations=1 (full 0):
 PSYoungGen      total 76288K, used 65536K [0x00000000eab00000, 0x00000000f0000000, 0x0000000100000000)
  eden space 65536K, 100% used [0x00000000eab00000,0x00000000eeb00000,0x00000000eeb00000)
  from space 10752K, 0% used [0x00000000ef580000,0x00000000ef580000,0x00000000f0000000)
  to   space 10752K, 0% used [0x00000000eeb00000,0x00000000eeb00000,0x00000000ef580000)
 ParOldGen       total 175104K, used 0K [0x00000000c0000000, 0x00000000cab00000, 0x00000000eab00000)
  object space 175104K, 0% used [0x00000000c0000000,0x00000000c0000000,0x00000000cab00000)
 Metaspace       used 6089K, capacity 7088K, committed 7296K, reserved 1056768K
  class space    used 585K, capacity 616K, committed 640K, reserved 1048576K
Event: 1.876 GC heap after
Heap after GC invocations=1 (full 0):
 PSYoungGen      total 76288K, used 10733K [0x00000000eab00000, 0x00000000f4000000, 0x0000000100000000)
  eden space 65536K, 0% used [0x00000000eab00000,0x00000000eab00000,0x00000000eeb00000)
  from space 10752K, 99% used [0x00000000eeb00000,0x00000000ef57b7a0,0x00000000ef580000)
  to   space 10752K, 0% used [0x00000000f3580000,0x00000000f3580000,0x00000000f4000000)
 ParOldGen       total 175104K, used 1206K [0x00000000c0000000, 0x00000000cab00000, 0x00000000eab00000)
  object space 175104K, 0% used [0x00000000c0000000,0x00000000c012d8f8,0x00000000cab00000)
 Metaspace       used 6089K, capacity 7088K, committed 7296K, reserved 1056768K
  class space    used 585K, capacity 616K, committed 640K, reserved 1048576K
}

Deoptimization events (6 events):
Event: 0.668 Thread 0x0000000002a2d800 Uncommon trap: reason=unstable_if action=reinterpret pc=0x0000000002cf2c14 method=java.lang.String.indexOf(II)I @ 49
Event: 1.046 Thread 0x000000001794b800 Uncommon trap: reason=unstable_if action=reinterpret pc=0x0000000002dc5340 method=java.util.HashMap.getNode(ILjava/lang/Object;)Ljava/util/HashMap$Node; @ 62
Event: 1.138 Thread 0x0000000017970000 Uncommon trap: reason=unstable_if action=reinterpret pc=0x0000000002dd8a30 method=java.util.BitSet.nextSetBit(I)I @ 87
Event: 1.344 Thread 0x000000001796d800 Uncommon trap: reason=unstable_if action=reinterpret pc=0x000000000302ff08 method=com.android.dx.rop.code.LocalItem.compareHandlesNulls(Lcom/android/dx/rop/cst/CstString;Lcom/android/dx/rop/cst/CstString;)I @ 8
Event: 1.344 Thread 0x000000001796d800 Uncommon trap: reason=unstable_if action=reinterpret pc=0x0000000002f6e1cc method=com.android.dx.rop.code.LocalItem.compareHandlesNulls(Lcom/android/dx/rop/cst/CstString;Lcom/android/dx/rop/cst/CstString;)I @ 14
Event: 1.575 Thread 0x000000001794b800 Uncommon trap: reason=unstable_if action=reinterpret pc=0x000000000305b520 method=com.android.dx.ssa.SCCP.simulateStmt(Lcom/android/dx/ssa/SsaInsn;)V @ 53

Internal exceptions (4 events):
Event: 0.136 Thread 0x0000000002a2d800 Exception <a 'java/lang/NoSuchMethodError': Method sun.misc.Unsafe.defineClass(Ljava/lang/String;[BII)Ljava/lang/Class; name or signature does not match> (0x00000000eab12f00) thrown at [D:\re\workspace\8-2-build-windows-amd64-cygwin\jdk8u40\3098\hotspot\sr²_|»¥_Á?
Event: 0.136 Thread 0x0000000002a2d800 Exception <a 'java/lang/NoSuchMethodError': Method sun.misc.Unsafe.prefetchRead(Ljava/lang/Object;J)V name or signature does not match> (0x00000000eab13190) thrown at [D:\re\workspace\8-2-build-windows-amd64-cygwin\jdk8u40\3098\hotspot\src\share\vm\prims\j-‡ïØ4€õ?
Event: 1.344 Thread 0x000000001796d800 Implicit null exception at 0x000000000302fcb4 to 0x000000000302fef5
Event: 1.344 Thread 0x000000001796d800 Implicit null exception at 0x0000000002f6df55 to 0x0000000002f6e1b9

Events (10 events):
Event: 1.575 Thread 0x000000001794b800 DEOPT PACKING pc=0x000000000305b520 sp=0x000000001836e680
Event: 1.575 Thread 0x000000001794b800 DEOPT UNPACKING pc=0x0000000002bb582a sp=0x000000001836e668 mode 2
Event: 1.590 loading class java/util/TreeMap$EntrySet
Event: 1.590 loading class java/util/TreeMap$EntrySet done
Event: 1.590 loading class java/util/TreeMap$EntryIterator
Event: 1.590 loading class java/util/TreeMap$EntryIterator done
Event: 1.590 Executing VM operation: Deoptimize
Event: 1.590 Executing VM operation: Deoptimize done
Event: 1.804 Executing VM operation: ParallelGCFailedAllocation
Event: 1.876 Executing VM operation: ParallelGCFailedAllocation done


Dynamic libraries:
0x00007ff756350000 - 0x00007ff756387000 	C:\Program Files\Java\jdk1.8.0_40\bin\java.exe
0x00007ff85e460000 - 0x00007ff85e631000 	C:\WINDOWS\SYSTEM32\ntdll.dll
0x00007ff85ba00000 - 0x00007ff85baab000 	C:\WINDOWS\System32\KERNEL32.DLL
0x00007ff85aca0000 - 0x00007ff85aebd000 	C:\WINDOWS\System32\KERNELBASE.dll
0x00007ff85cc70000 - 0x00007ff85cd12000 	C:\WINDOWS\System32\ADVAPI32.dll
0x00007ff85bcd0000 - 0x00007ff85bd6e000 	C:\WINDOWS\System32\msvcrt.dll
0x00007ff85cd40000 - 0x00007ff85cd99000 	C:\WINDOWS\System32\sechost.dll
0x00007ff85cdb0000 - 0x00007ff85ced1000 	C:\WINDOWS\System32\RPCRT4.dll
0x00007ff85c6b0000 - 0x00007ff85c815000 	C:\WINDOWS\System32\USER32.dll
0x00007ff85aac0000 - 0x00007ff85aade000 	C:\WINDOWS\System32\win32u.dll
0x00007ff85c610000 - 0x00007ff85c644000 	C:\WINDOWS\System32\GDI32.dll
0x00007ff85b860000 - 0x00007ff85b9e2000 	C:\WINDOWS\System32\gdi32full.dll
0x00007ff852140000 - 0x00007ff8523b9000 	C:\WINDOWS\WinSxS\amd64_microsoft.windows.common-controls_6595b64144ccf1df_6.0.14393.447_none_42191651c6827bb3\COMCTL32.dll
0x00007ff85bd70000 - 0x00007ff85c038000 	C:\WINDOWS\System32\combase.dll
0x00007ff85a950000 - 0x00007ff85aa45000 	C:\WINDOWS\System32\ucrtbase.dll
0x00007ff85aa50000 - 0x00007ff85aaba000 	C:\WINDOWS\System32\bcryptPrimitives.dll
0x00007ff85bca0000 - 0x00007ff85bcce000 	C:\WINDOWS\System32\IMM32.DLL
0x000000006dea0000 - 0x000000006df72000 	C:\Program Files\Java\jdk1.8.0_40\jre\bin\msvcr100.dll
0x000000006d610000 - 0x000000006de93000 	C:\Program Files\Java\jdk1.8.0_40\jre\bin\server\jvm.dll
0x00007ff85b9f0000 - 0x00007ff85b9f8000 	C:\WINDOWS\System32\PSAPI.DLL
0x00007ff851270000 - 0x00007ff851279000 	C:\WINDOWS\SYSTEM32\WSOCK32.dll
0x00007ff858120000 - 0x00007ff858143000 	C:\WINDOWS\SYSTEM32\WINMM.dll
0x00007ff85c9e0000 - 0x00007ff85ca4a000 	C:\WINDOWS\System32\WS2_32.dll
0x00007ff855c50000 - 0x00007ff855c5a000 	C:\WINDOWS\SYSTEM32\VERSION.dll
0x00007ff858080000 - 0x00007ff8580ab000 	C:\WINDOWS\SYSTEM32\WINMMBASE.dll
0x00007ff85aec0000 - 0x00007ff85af02000 	C:\WINDOWS\System32\cfgmgr32.dll
0x000000006f710000 - 0x000000006f71f000 	C:\Program Files\Java\jdk1.8.0_40\jre\bin\verify.dll
0x000000006d5e0000 - 0x000000006d609000 	C:\Program Files\Java\jdk1.8.0_40\jre\bin\java.dll
0x000000006f6f0000 - 0x000000006f706000 	C:\Program Files\Java\jdk1.8.0_40\jre\bin\zip.dll
0x00007ff85cf50000 - 0x00007ff85e459000 	C:\WINDOWS\System32\SHELL32.dll
0x00007ff85b0e0000 - 0x00007ff85b7ba000 	C:\WINDOWS\System32\windows.storage.dll
0x00007ff85a8f0000 - 0x00007ff85a93c000 	C:\WINDOWS\System32\powrprof.dll
0x00007ff85c820000 - 0x00007ff85c872000 	C:\WINDOWS\System32\shlwapi.dll
0x00007ff85a8e0000 - 0x00007ff85a8ef000 	C:\WINDOWS\System32\kernel.appcore.dll
0x00007ff85abf0000 - 0x00007ff85ac99000 	C:\WINDOWS\System32\shcore.dll
0x00007ff85a8c0000 - 0x00007ff85a8d4000 	C:\WINDOWS\System32\profapi.dll
0x00007ff84fcf0000 - 0x00007ff84fe82000 	C:\WINDOWS\SYSTEM32\dbghelp.dll

VM Arguments:
jvm_args: -Djava.awt.headless=true -Xmx1024M -Dfile.encoding=windows-1251 -Duser.country=RU -Duser.language=ru -Duser.variant 
java_command: com.android.dx.command.Main --dex --force-jumbo --num-threads=4 --multi-dex --output C:\Users\Ilya\Dropbox\MyDayList\app\build\intermediates\transforms\dex\debug\folders\1000\2\guava-11.0.1_9d330dcfe405ee483911eb908b144f73bd386a93 C:\Users\Ilya\Dropbox\MyDayList\app\libs\guava-11.0.1.jar
java_class_path (initial): C:\Users\Ilya\AppData\Local\Android\sdk\build-tools\23.0.1\lib\dx.jar
Launcher Type: SUN_STANDARD

Environment Variables:
PATH=C:\oraclexe\app\oracle\product\11.2.0\server\bin;C:\Program Files (x86)\Intel\iCLS Client\;C:\Program Files\Intel\iCLS Client\;C:\ProgramData\Oracle\Java\javapath;C:\Windows\system32;C:\Windows;C:\Windows\System32\Wbem;C:\Windows\System32\WindowsPowerShell\v1.0\;C:\Program Files\Intel\Intel(R) Management Engine Components\DAL;C:\Program Files\Intel\Intel(R) Management Engine Components\IPT;C:\Program Files (x86)\Intel\Intel(R) Management Engine Components\DAL;C:\Program Files (x86)\Intel\Intel(R) Management Engine Components\IPT;C:\Program Files\Microsoft SQL Server\110\Tools\Binn\;C:\Program Files (x86)\Common Files\Acronis\SnapAPI\;C:\WINDOWS\system32;C:\WINDOWS;C:\WINDOWS\System32\Wbem;C:\WINDOWS\System32\WindowsPowerShell\v1.0\;D:\android-ndk-r10e;C:\Users\Ilya\AppData\Local\Programs\Python\Python35-32\Scripts;C:\Users\Ilya\AppData\Local\Programs\Python\Python35-32;D:\python 2.7\Scripts;D:\python 2.7;C:\Program Files\Java\jdk1.8.0_40\bin;C:\Users\Ilya\AppData\Local\Android\sdk\platform-tools;C:\Program Files (x86)\Skype\Phone\;C:\Program Files\Microsoft SQL Server\120\Tools\Binn\;C:\Users\Ilya\.dnx\bin;C:\Program Files\Microsoft DNX\Dnvm\;C:\Program Files (x86)\Windows Kits\8.1\Windows Performance Toolkit\;C:\Program Files (x86)\NVIDIA Corporation\PhysX\Common;%SystemRoot%\system32;%SystemRoot%;%SystemRoot%\System32\Wbem;%SYSTEMROOT%\System32\WindowsPowerShell\v1.0\;G:\NMATLAB\runtime\win64;G:\NMATLAB\bin;C:\Users\Ilya\AppData\Local\Microsoft\WindowsApps;
USERNAME=Ilya
OS=Windows_NT
PROCESSOR_IDENTIFIER=Intel64 Family 6 Model 58 Stepping 9, GenuineIntel



---------------  S Y S T E M  ---------------

OS: Windows 10.0 , 64 bit Build 14393 (10.0.14393.0)

CPU:total 8 (4 cores per cpu, 2 threads per core) family 6 model 58 stepping 9, cmov, cx8, fxsr, mmx, sse, sse2, sse3, ssse3, sse4.1, sse4.2, popcnt, avx, aes, clmul, erms, ht, tsc, tscinvbit, tscinv

Memory: 4k page, physical 16718628k(3255808k free), swap 16739108k(5396k free)

vm_info: Java HotSpot(TM) 64-Bit Server VM (25.40-b25) for windows-amd64 JRE (1.8.0_40-b26), built on Mar  7 2015 13:51:59 by "java_re" with MS VC++ 10.0 (VS2010)

time: Fri Dec 16 22:21:20 2016
elapsed time: 1 seconds (0d 0h 0m 1s)

