#
# There is insufficient memory for the Java Runtime Environment to continue.
# Native memory allocation (malloc) failed to allocate 1506976 bytes for Chunk::new
# Possible reasons:
#   The system is out of physical RAM or swap space
#   In 32 bit mode, the process size limit was hit
# Possible solutions:
#   Reduce memory load on the system
#   Increase physical memory or swap space
#   Check if swap backing store is full
#   Use 64 bit Java on a 64 bit OS
#   Decrease Java heap size (-Xmx/-Xms)
#   Decrease number of Java threads
#   Decrease Java thread stack sizes (-Xss)
#   Set larger code cache with -XX:ReservedCodeCacheSize=
# This output file may be truncated or incomplete.
#
#  Out of Memory Error (allocation.cpp:390), pid=12628, tid=14868
#
# JRE version: Java(TM) SE Runtime Environment (8.0_40-b26) (build 1.8.0_40-b26)
# Java VM: Java HotSpot(TM) 64-Bit Server VM (25.40-b25 mixed mode windows-amd64 compressed oops)
# Failed to write core dump. Minidumps are not enabled by default on client versions of Windows
#

---------------  T H R E A D  ---------------

Current thread (0x0000000016c13800):  JavaThread "C2 CompilerThread1" daemon [_thread_in_native, id=14868, stack(0x0000000017290000,0x0000000017390000)]

Stack: [0x0000000017290000,0x0000000017390000]
Native frames: (J=compiled Java code, j=interpreted, Vv=VM code, C=native code)
V  [jvm.dll+0x32b47a]
V  [jvm.dll+0x2797f3]
V  [jvm.dll+0x27a489]
V  [jvm.dll+0x2717a5]
V  [jvm.dll+0xcb9a2]
V  [jvm.dll+0xcbe6c]
V  [jvm.dll+0x476ea2]
V  [jvm.dll+0x4b950f]
V  [jvm.dll+0x46b92f]
V  [jvm.dll+0x46ccbe]
V  [jvm.dll+0x4500d2]
V  [jvm.dll+0xa4312]
V  [jvm.dll+0xa4c4f]
V  [jvm.dll+0x241914]
V  [jvm.dll+0x29848a]
C  [msvcr100.dll+0x21d9f]
C  [msvcr100.dll+0x21e3b]
C  [KERNEL32.DLL+0x12d92]
C  [ntdll.dll+0x9f64]


Current CompileTask:
C2:   9673 1772       4       com.android.dx.cf.code.Simulator$SimVisitor::visitConstant (332 bytes)


---------------  P R O C E S S  ---------------

Java Threads: ( => current thread )
  0x0000000016e8d000 JavaThread "pool-1-thread-4" [_thread_blocked, id=5988, stack(0x0000000017b90000,0x0000000017c90000)]
  0x0000000016e76800 JavaThread "pool-1-thread-3" [_thread_in_Java, id=15036, stack(0x0000000017a90000,0x0000000017b90000)]
  0x0000000016e75800 JavaThread "pool-1-thread-2" [_thread_blocked, id=14152, stack(0x0000000017990000,0x0000000017a90000)]
  0x0000000016e72000 JavaThread "pool-2-thread-1" [_thread_blocked, id=10616, stack(0x0000000017890000,0x0000000017990000)]
  0x0000000016e68000 JavaThread "pool-1-thread-1" [_thread_blocked, id=12068, stack(0x0000000017790000,0x0000000017890000)]
  0x0000000016c22800 JavaThread "Service Thread" daemon [_thread_blocked, id=10196, stack(0x0000000017590000,0x0000000017690000)]
  0x0000000016c1a000 JavaThread "C1 CompilerThread3" daemon [_thread_blocked, id=9120, stack(0x0000000017490000,0x0000000017590000)]
  0x0000000016c17000 JavaThread "C2 CompilerThread2" daemon [_thread_blocked, id=6020, stack(0x0000000017390000,0x0000000017490000)]
=>0x0000000016c13800 JavaThread "C2 CompilerThread1" daemon [_thread_in_native, id=14868, stack(0x0000000017290000,0x0000000017390000)]
  0x0000000016bba800 JavaThread "C2 CompilerThread0" daemon [_thread_blocked, id=1436, stack(0x0000000017190000,0x0000000017290000)]
  0x0000000016bb8800 JavaThread "Attach Listener" daemon [_thread_blocked, id=13512, stack(0x0000000017090000,0x0000000017190000)]
  0x0000000016bb7800 JavaThread "Signal Dispatcher" daemon [_thread_blocked, id=1556, stack(0x0000000016f90000,0x0000000017090000)]
  0x0000000002049800 JavaThread "Finalizer" daemon [_thread_blocked, id=8060, stack(0x0000000016a80000,0x0000000016b80000)]
  0x0000000014b9d800 JavaThread "Reference Handler" daemon [_thread_blocked, id=7756, stack(0x0000000016980000,0x0000000016a80000)]
  0x000000000034d800 JavaThread "main" [_thread_blocked, id=8592, stack(0x0000000001e50000,0x0000000001f50000)]

Other Threads:
  0x0000000014b99000 VMThread [stack: 0x0000000016880000,0x0000000016980000] [id=10496]
  0x0000000016c23800 WatcherThread [stack: 0x0000000017690000,0x0000000017790000] [id=8472]

VM state:not at safepoint (normal execution)

VM Mutex/Monitor currently owned by a thread: None

Heap:
 PSYoungGen      total 76288K, used 27229K [0x00000000eab00000, 0x00000000f0000000, 0x0000000100000000)
  eden space 65536K, 25% used [0x00000000eab00000,0x00000000ebb17df0,0x00000000eeb00000)
  from space 10752K, 99% used [0x00000000eeb00000,0x00000000ef57f8e0,0x00000000ef580000)
  to   space 10752K, 0% used [0x00000000ef580000,0x00000000ef580000,0x00000000f0000000)
 ParOldGen       total 175104K, used 391K [0x00000000c0000000, 0x00000000cab00000, 0x00000000eab00000)
  object space 175104K, 0% used [0x00000000c0000000,0x00000000c0061f58,0x00000000cab00000)
 Metaspace       used 6080K, capacity 7088K, committed 7296K, reserved 1056768K
  class space    used 580K, capacity 616K, committed 640K, reserved 1048576K

Card table byte_map: [0x0000000011420000,0x0000000011630000] byte_map_base: 0x0000000010e20000

Marking Bits: (ParMarkBitMap*) 0x0000000077484040
 Begin Bits: [0x0000000011f90000, 0x0000000012f90000)
 End Bits:   [0x0000000012f90000, 0x0000000013f90000)

Polling page: 0x00000000006b0000

CodeCache: size=245760Kb used=7925Kb max_used=7941Kb free=237834Kb
 bounds [0x0000000002060000, 0x0000000002830000, 0x0000000011060000]
 total_blobs=2039 nmethods=1770 adapters=182
 compilation: enabled

Compilation events (10 events):
Event: 9.439 Thread 0x0000000016c13800 nmethod 1767 0x00000000027fe810 code [0x00000000027fe960, 0x00000000027fea58]
Event: 9.445 Thread 0x0000000016c1a000 1768       3       com.android.dx.dex.file.ClassDefItem::addDirectMethod (9 bytes)
Event: 9.445 Thread 0x0000000016c1a000 nmethod 1768 0x0000000002809810 code [0x00000000028099c0, 0x000000000280a078]
Event: 9.445 Thread 0x0000000016c1a000 1769       3       com.android.dx.dex.file.ClassDataItem::addDirectMethod (24 bytes)
Event: 9.445 Thread 0x0000000016c1a000 nmethod 1769 0x00000000027f9290 code [0x00000000027f9440, 0x00000000027f9ab8]
Event: 9.464 Thread 0x0000000016c1a000 1770       3       java.util.zip.InflaterInputStream::<init> (79 bytes)
Event: 9.465 Thread 0x0000000016c1a000 nmethod 1770 0x0000000002803b50 code [0x0000000002803d00, 0x00000000028043d8]
Event: 9.466 Thread 0x0000000016bba800 1771       4       com.android.dx.ssa.back.FirstFitLocalCombiningAllocator$1::processInsn (169 bytes)
Event: 9.499 Thread 0x0000000016bba800 nmethod 1771 0x000000000282a1d0 code [0x000000000282a400, 0x000000000282b738]
Event: 9.563 Thread 0x0000000016c13800 1772       4       com.android.dx.cf.code.Simulator$SimVisitor::visitConstant (332 bytes)

GC Heap History (2 events):
Event: 7.265 GC heap before
{Heap before GC invocations=1 (full 0):
 PSYoungGen      total 76288K, used 65536K [0x00000000eab00000, 0x00000000f0000000, 0x0000000100000000)
  eden space 65536K, 100% used [0x00000000eab00000,0x00000000eeb00000,0x00000000eeb00000)
  from space 10752K, 0% used [0x00000000ef580000,0x00000000ef580000,0x00000000f0000000)
  to   space 10752K, 0% used [0x00000000eeb00000,0x00000000eeb00000,0x00000000ef580000)
 ParOldGen       total 175104K, used 0K [0x00000000c0000000, 0x00000000cab00000, 0x00000000eab00000)
  object space 175104K, 0% used [0x00000000c0000000,0x00000000c0000000,0x00000000cab00000)
 Metaspace       used 6051K, capacity 7088K, committed 7296K, reserved 1056768K
  class space    used 580K, capacity 616K, committed 640K, reserved 1048576K
Event: 8.139 GC heap after
Heap after GC invocations=1 (full 0):
 PSYoungGen      total 76288K, used 10750K [0x00000000eab00000, 0x00000000f0000000, 0x0000000100000000)
  eden space 65536K, 0% used [0x00000000eab00000,0x00000000eab00000,0x00000000eeb00000)
  from space 10752K, 99% used [0x00000000eeb00000,0x00000000ef57f8e0,0x00000000ef580000)
  to   space 10752K, 0% used [0x00000000ef580000,0x00000000ef580000,0x00000000f0000000)
 ParOldGen       total 175104K, used 391K [0x00000000c0000000, 0x00000000cab00000, 0x00000000eab00000)
  object space 175104K, 0% used [0x00000000c0000000,0x00000000c0061f58,0x00000000cab00000)
 Metaspace       used 6051K, capacity 7088K, committed 7296K, reserved 1056768K
  class space    used 580K, capacity 616K, committed 640K, reserved 1048576K
}

Deoptimization events (10 events):
Event: 6.198 Thread 0x0000000016e8d000 Uncommon trap: reason=unstable_if action=reinterpret pc=0x000000000260050c method=com.android.dx.ssa.SsaRenamer$BlockRenamer.process()V @ 59
Event: 6.199 Thread 0x0000000016e8d000 Uncommon trap: reason=unstable_if action=reinterpret pc=0x0000000002427110 method=com.android.dx.ssa.NormalSsaInsn.getLocalAssignment()Lcom/android/dx/rop/code/RegisterSpec; @ 12
Event: 6.199 Thread 0x0000000016e8d000 Uncommon trap: reason=unstable_if action=reinterpret pc=0x00000000026e63f0 method=com.android.dx.ssa.NormalSsaInsn.getLocalAssignment()Lcom/android/dx/rop/code/RegisterSpec; @ 12
Event: 6.199 Thread 0x0000000016e8d000 Uncommon trap: reason=unstable_if action=reinterpret pc=0x00000000023dbe68 method=com.android.dx.ssa.NormalSsaInsn.getLocalAssignment()Lcom/android/dx/rop/code/RegisterSpec; @ 12
Event: 6.199 Thread 0x0000000016e8d000 Uncommon trap: reason=unstable_if action=reinterpret pc=0x00000000023b3eb0 method=com.android.dx.ssa.NormalSsaInsn.getLocalAssignment()Lcom/android/dx/rop/code/RegisterSpec; @ 12
Event: 6.199 Thread 0x0000000016e8d000 Uncommon trap: reason=unstable_if action=reinterpret pc=0x00000000025eb280 method=com.android.dx.ssa.NormalSsaInsn.getLocalAssignment()Lcom/android/dx/rop/code/RegisterSpec; @ 12
Event: 6.199 Thread 0x0000000016e8d000 Uncommon trap: reason=unstable_if action=reinterpret pc=0x0000000002728edc method=com.android.dx.rop.code.Insn.getLocalAssignment()Lcom/android/dx/rop/code/RegisterSpec; @ 9
Event: 6.349 Thread 0x0000000016e8d000 Uncommon trap: reason=unstable_if action=reinterpret pc=0x00000000022a0f40 method=java.util.HashMap.getNode(ILjava/lang/Object;)Ljava/util/HashMap$Node; @ 62
Event: 6.350 Thread 0x0000000016e8d000 Uncommon trap: reason=unstable_if action=reinterpret pc=0x00000000025dd7b0 method=com.android.dx.rop.code.Insn.getLocalAssignment()Lcom/android/dx/rop/code/RegisterSpec; @ 9
Event: 8.881 Thread 0x0000000016e8d000 Uncommon trap: reason=unstable_if action=reinterpret pc=0x00000000026157cc method=com.android.dx.cf.code.RopperMachine.jopToRopOpcode(ILcom/android/dx/rop/cst/Constant;)I @ 986

Internal exceptions (2 events):
Event: 0.271 Thread 0x000000000034d800 Exception <a 'java/lang/NoSuchMethodError': Method sun.misc.Unsafe.defineClass(Ljava/lang/String;[BII)Ljava/lang/Class; name or signature does not match> (0x00000000eab12f00) thrown at [D:\re\workspace\8-2-build-windows-amd64-cygwin\jdk8u40\3098\hotspot\srÊ7ÔR—?
Event: 0.271 Thread 0x000000000034d800 Exception <a 'java/lang/NoSuchMethodError': Method sun.misc.Unsafe.prefetchRead(Ljava/lang/Object;J)V name or signature does not match> (0x00000000eab13190) thrown at [D:\re\workspace\8-2-build-windows-amd64-cygwin\jdk8u40\3098\hotspot\src\share\vm\prims\j

Events (10 events):
Event: 6.350 Thread 0x0000000016e8d000 Uncommon trap: trap_request=0xffffff65 fr.pc=0x00000000025dd7b0
Event: 6.350 Thread 0x0000000016e8d000 DEOPT PACKING pc=0x00000000025dd7b0 sp=0x0000000017c8eb90
Event: 6.350 Thread 0x0000000016e8d000 DEOPT UNPACKING pc=0x00000000020a582a sp=0x0000000017c8eb18 mode 2
Event: 7.197 loading class com/android/dx/rop/code/RegisterSpec$1
Event: 7.197 loading class com/android/dx/rop/code/RegisterSpec$1 done
Event: 7.265 Executing VM operation: ParallelGCFailedAllocation
Event: 8.139 Executing VM operation: ParallelGCFailedAllocation done
Event: 8.881 Thread 0x0000000016e8d000 Uncommon trap: trap_request=0xffffff65 fr.pc=0x00000000026157cc
Event: 8.881 Thread 0x0000000016e8d000 DEOPT PACKING pc=0x00000000026157cc sp=0x0000000017c8e870
Event: 8.881 Thread 0x0000000016e8d000 DEOPT UNPACKING pc=0x00000000020a582a sp=0x0000000017c8e7f8 mode 2


Dynamic libraries:
0x00007ff677cd0000 - 0x00007ff677d07000 	C:\Program Files\Java\jdk1.8.0_40\bin\java.exe
0x00007ffa09210000 - 0x00007ffa093d1000 	C:\WINDOWS\SYSTEM32\ntdll.dll
0x00007ffa08aa0000 - 0x00007ffa08b4d000 	C:\WINDOWS\system32\KERNEL32.DLL
0x00007ffa063c0000 - 0x00007ffa0659d000 	C:\WINDOWS\system32\KERNELBASE.dll
0x00007ffa08ce0000 - 0x00007ffa08d86000 	C:\WINDOWS\system32\ADVAPI32.dll
0x00007ffa06ef0000 - 0x00007ffa06f8d000 	C:\WINDOWS\system32\msvcrt.dll
0x00007ffa09170000 - 0x00007ffa091cb000 	C:\WINDOWS\system32\sechost.dll
0x00007ffa08bb0000 - 0x00007ffa08cd6000 	C:\WINDOWS\system32\RPCRT4.dll
0x00007ffa06970000 - 0x00007ffa06abe000 	C:\WINDOWS\system32\USER32.dll
0x00007ffa06ac0000 - 0x00007ffa06c46000 	C:\WINDOWS\system32\GDI32.dll
0x00007ffa004a0000 - 0x00007ffa00714000 	C:\WINDOWS\WinSxS\amd64_microsoft.windows.common-controls_6595b64144ccf1df_6.0.10240.16384_none_f41f7b285750ef43\COMCTL32.dll
0x00007ffa091d0000 - 0x00007ffa09206000 	C:\WINDOWS\system32\IMM32.DLL
0x00007ffa06f90000 - 0x00007ffa070ec000 	C:\WINDOWS\system32\MSCTF.dll
0x00000000765b0000 - 0x0000000076682000 	C:\Program Files\Java\jdk1.8.0_40\jre\bin\msvcr100.dll
0x0000000076c80000 - 0x0000000077503000 	C:\Program Files\Java\jdk1.8.0_40\jre\bin\server\jvm.dll
0x00007ffa06e00000 - 0x00007ffa06e08000 	C:\WINDOWS\system32\PSAPI.DLL
0x00007ff9fba30000 - 0x00007ff9fba39000 	C:\WINDOWS\SYSTEM32\WSOCK32.dll
0x00007ffa08a30000 - 0x00007ffa08a99000 	C:\WINDOWS\system32\WS2_32.dll
0x00007ffa068e0000 - 0x00007ffa068e8000 	C:\WINDOWS\system32\NSI.dll
0x00007ffa03f30000 - 0x00007ffa03f53000 	C:\WINDOWS\SYSTEM32\WINMM.dll
0x00007ffa01000000 - 0x00007ffa0100a000 	C:\WINDOWS\SYSTEM32\VERSION.dll
0x00007ffa03cb0000 - 0x00007ffa03cdc000 	C:\WINDOWS\SYSTEM32\WINMMBASE.dll
0x00007ffa06660000 - 0x00007ffa066a4000 	C:\WINDOWS\system32\cfgmgr32.dll
0x00007ffa04510000 - 0x00007ffa04537000 	C:\WINDOWS\SYSTEM32\DEVOBJ.dll
0x0000000050000000 - 0x000000005000f000 	C:\Program Files\Java\jdk1.8.0_40\jre\bin\verify.dll
0x0000000076c50000 - 0x0000000076c79000 	C:\Program Files\Java\jdk1.8.0_40\jre\bin\java.dll
0x0000000076c30000 - 0x0000000076c46000 	C:\Program Files\Java\jdk1.8.0_40\jre\bin\zip.dll
0x00007ffa070f0000 - 0x00007ffa08612000 	C:\WINDOWS\system32\SHELL32.dll
0x00007ffa05ce0000 - 0x00007ffa06308000 	C:\WINDOWS\system32\windows.storage.dll
0x00007ffa08ef0000 - 0x00007ffa0916c000 	C:\WINDOWS\system32\combase.dll
0x00007ffa06910000 - 0x00007ffa06961000 	C:\WINDOWS\system32\shlwapi.dll
0x00007ffa05cb0000 - 0x00007ffa05cbf000 	C:\WINDOWS\system32\kernel.appcore.dll
0x00007ffa065a0000 - 0x00007ffa06653000 	C:\WINDOWS\system32\shcore.dll
0x00007ffa05c60000 - 0x00007ffa05caa000 	C:\WINDOWS\system32\powrprof.dll
0x00007ffa05c40000 - 0x00007ffa05c53000 	C:\WINDOWS\system32\profapi.dll
0x00007ff9fb7a0000 - 0x00007ff9fb92a000 	C:\WINDOWS\SYSTEM32\dbghelp.dll

VM Arguments:
jvm_args: -Djava.awt.headless=true -Xmx1024M -Dfile.encoding=windows-1251 -Duser.country=RU -Duser.language=ru -Duser.variant 
java_command: com.android.dx.command.Main --dex --num-threads=4 --output C:\Users\Ilya\Dropbox\MyDayList\app\build\intermediates\pre-dexed\debug\com.google.android.gms-play-services-nearby-8.3.0_ffd250ba9b6c9db610b32e04c5c4c3f5c107ba45.jar C:\Users\Ilya\Dropbox\MyDayList\app\build\intermediates\exploded-aar\com.google.android.gms\play-services-nearby\8.3.0\jars\classes.jar
java_class_path (initial): C:\Users\Ilya\AppData\Local\Android\sdk\build-tools\23.0.1\lib\dx.jar
Launcher Type: SUN_STANDARD

Environment Variables:
PATH=C:\Program Files (x86)\Intel\iCLS Client\;C:\Program Files\Intel\iCLS Client\;C:\ProgramData\Oracle\Java\javapath;C:\Windows\system32;C:\Windows;C:\Windows\System32\Wbem;C:\Windows\System32\WindowsPowerShell\v1.0\;C:\Program Files (x86)\NVIDIA Corporation\PhysX\Common;C:\Program Files\Intel\Intel(R) Management Engine Components\DAL;C:\Program Files\Intel\Intel(R) Management Engine Components\IPT;C:\Program Files (x86)\Intel\Intel(R) Management Engine Components\DAL;C:\Program Files (x86)\Intel\Intel(R) Management Engine Components\IPT;C:\Program Files (x86)\Windows Kits\8.1\Windows Performance Toolkit\;C:\Program Files\Microsoft SQL Server\110\Tools\Binn\;C:\Program Files (x86)\Microsoft SDKs\TypeScript\1.0\;C:\Program Files (x86)\Common Files\Acronis\SnapAPI\;C:\WINDOWS\system32;C:\WINDOWS;C:\WINDOWS\System32\Wbem;C:\WINDOWS\System32\WindowsPowerShell\v1.0\;C:\Program Files (x86)\Skype\Phone\;C:\Program Files (x86)\MySQL\MySQL Fabric 1.5 & MySQL Utilities 1.5\;C:\Program Files (x86)\MySQL\MySQL Fabric 1.5 & MySQL Utilities 1.5\Doctrine extensions for PHP\;D:\android-ndk-r10e;C:\Users\Ilya\AppData\Local\Programs\Python\Python35-32\Scripts;C:\Users\Ilya\AppData\Local\Programs\Python\Python35-32;D:\python 2.7\Scripts;D:\python 2.7;C:\Program Files\Java\jdk1.8.0_40\bin;
USERNAME=Ilya
OS=Windows_NT
PROCESSOR_IDENTIFIER=Intel64 Family 6 Model 58 Stepping 9, GenuineIntel



---------------  S Y S T E M  ---------------

OS: Windows 10.0 , 64 bit Build 10240 (10.0.10240.16384)

CPU:total 8 (4 cores per cpu, 2 threads per core) family 6 model 58 stepping 9, cmov, cx8, fxsr, mmx, sse, sse2, sse3, ssse3, sse4.1, sse4.2, popcnt, avx, aes, clmul, erms, ht, tsc, tscinvbit, tscinv

Memory: 4k page, physical 16718628k(5899156k free), swap 16739108k(23916k free)

vm_info: Java HotSpot(TM) 64-Bit Server VM (25.40-b25) for windows-amd64 JRE (1.8.0_40-b26), built on Mar  7 2015 13:51:59 by "java_re" with MS VC++ 10.0 (VS2010)

time: Wed Dec 16 17:11:09 2015
elapsed time: 9 seconds (0d 0h 0m 9s)

