#
# There is insufficient memory for the Java Runtime Environment to continue.
# Native memory allocation (malloc) failed to allocate 1005936 bytes for Chunk::new
# Possible reasons:
#   The system is out of physical RAM or swap space
#   In 32 bit mode, the process size limit was hit
# Possible solutions:
#   Reduce memory load on the system
#   Increase physical memory or swap space
#   Check if swap backing store is full
#   Use 64 bit Java on a 64 bit OS
#   Decrease Java heap size (-Xmx/-Xms)
#   Decrease number of Java threads
#   Decrease Java thread stack sizes (-Xss)
#   Set larger code cache with -XX:ReservedCodeCacheSize=
# This output file may be truncated or incomplete.
#
#  Out of Memory Error (allocation.cpp:390), pid=14948, tid=1076
#
# JRE version: Java(TM) SE Runtime Environment (8.0_40-b26) (build 1.8.0_40-b26)
# Java VM: Java HotSpot(TM) 64-Bit Server VM (25.40-b25 mixed mode windows-amd64 compressed oops)
# Failed to write core dump. Minidumps are not enabled by default on client versions of Windows
#

---------------  T H R E A D  ---------------

Current thread (0x0000000017711000):  JavaThread "C2 CompilerThread2" daemon [_thread_in_native, id=1076, stack(0x0000000017ee0000,0x0000000017fe0000)]

Stack: [0x0000000017ee0000,0x0000000017fe0000]
Native frames: (J=compiled Java code, j=interpreted, Vv=VM code, C=native code)
V  [jvm.dll+0x32b47a]


Current CompileTask:
C2:   1465 1190   !   4       com.android.dx.cf.cst.ConstantPoolParser::parse0 (731 bytes)


---------------  P R O C E S S  ---------------

Java Threads: ( => current thread )
  0x00000000179f6000 JavaThread "pool-1-thread-4" [_thread_blocked, id=3680, stack(0x00000000186e0000,0x00000000187e0000)]
  0x00000000179e7000 JavaThread "pool-1-thread-3" [_thread_blocked, id=1844, stack(0x00000000185e0000,0x00000000186e0000)]
  0x00000000179de800 JavaThread "pool-1-thread-2" [_thread_in_Java, id=11276, stack(0x00000000184e0000,0x00000000185e0000)]
  0x00000000179c6000 JavaThread "pool-2-thread-1" [_thread_blocked, id=1780, stack(0x00000000183e0000,0x00000000184e0000)]
  0x00000000179c3000 JavaThread "pool-1-thread-1" [_thread_blocked, id=6936, stack(0x00000000182e0000,0x00000000183e0000)]
  0x0000000017797800 JavaThread "Service Thread" daemon [_thread_blocked, id=16172, stack(0x00000000180e0000,0x00000000181e0000)]
  0x0000000017775000 JavaThread "C1 CompilerThread3" daemon [_thread_blocked, id=9656, stack(0x0000000017fe0000,0x00000000180e0000)]
=>0x0000000017711000 JavaThread "C2 CompilerThread2" daemon [_thread_in_native, id=1076, stack(0x0000000017ee0000,0x0000000017fe0000)]
  0x000000001770c800 JavaThread "C2 CompilerThread1" daemon [_thread_in_native, id=3940, stack(0x0000000017de0000,0x0000000017ee0000)]
  0x0000000017709800 JavaThread "C2 CompilerThread0" daemon [_thread_in_native, id=6516, stack(0x0000000017ce0000,0x0000000017de0000)]
  0x0000000017707800 JavaThread "Attach Listener" daemon [_thread_blocked, id=3584, stack(0x0000000017be0000,0x0000000017ce0000)]
  0x0000000017706000 JavaThread "Signal Dispatcher" daemon [_thread_blocked, id=11144, stack(0x0000000017ae0000,0x0000000017be0000)]
  0x0000000002ae9800 JavaThread "Finalizer" daemon [_thread_blocked, id=12740, stack(0x00000000174e0000,0x00000000175e0000)]
  0x000000001560d800 JavaThread "Reference Handler" daemon [_thread_blocked, id=16276, stack(0x00000000173e0000,0x00000000174e0000)]
  0x00000000029ed800 JavaThread "main" [_thread_blocked, id=16024, stack(0x0000000002810000,0x0000000002910000)]

Other Threads:
  0x0000000015608800 VMThread [stack: 0x00000000172e0000,0x00000000173e0000] [id=14404]
  0x0000000017798800 WatcherThread [stack: 0x00000000181e0000,0x00000000182e0000] [id=2488]

VM state:not at safepoint (normal execution)

VM Mutex/Monitor currently owned by a thread: None

Heap:
 PSYoungGen      total 76288K, used 22588K [0x00000000eab00000, 0x00000000f0000000, 0x0000000100000000)
  eden space 65536K, 18% used [0x00000000eab00000,0x00000000eb6b3090,0x00000000eeb00000)
  from space 10752K, 98% used [0x00000000eeb00000,0x00000000ef55c308,0x00000000ef580000)
  to   space 10752K, 0% used [0x00000000ef580000,0x00000000ef580000,0x00000000f0000000)
 ParOldGen       total 175104K, used 16K [0x00000000c0000000, 0x00000000cab00000, 0x00000000eab00000)
  object space 175104K, 0% used [0x00000000c0000000,0x00000000c0004000,0x00000000cab00000)
 Metaspace       used 5994K, capacity 7024K, committed 7296K, reserved 1056768K
  class space    used 580K, capacity 616K, committed 640K, reserved 1048576K

Card table byte_map: [0x0000000011eb0000,0x00000000120c0000] byte_map_base: 0x00000000118b0000

Marking Bits: (ParMarkBitMap*) 0x00000000747d4040
 Begin Bits: [0x0000000012a20000, 0x0000000013a20000)
 End Bits:   [0x0000000013a20000, 0x0000000014a20000)

Polling page: 0x0000000000eb0000

CodeCache: size=245760Kb used=6176Kb max_used=6196Kb free=239583Kb
 bounds [0x0000000002af0000, 0x0000000003110000, 0x0000000011af0000]
 total_blobs=1740 nmethods=1471 adapters=182
 compilation: enabled

Compilation events (10 events):
Event: 1.314 Thread 0x0000000017775000 nmethod 1482 0x00000000030f35d0 code [0x00000000030f38e0, 0x00000000030f5378]
Event: 1.314 Thread 0x0000000017775000 1483       3       com.android.dx.cf.code.BasicBlocker::identifyBlocks (18 bytes)
Event: 1.314 Thread 0x0000000017775000 nmethod 1483 0x00000000030e6b90 code [0x00000000030e6d20, 0x00000000030e6f68]
Event: 1.314 Thread 0x0000000017775000 1486  s    3       com.android.dx.dex.file.FieldIdsSection::intern (55 bytes)
Event: 1.363 Thread 0x0000000017709800 nmethod 1472 0x00000000030f9750 code [0x00000000030f98e0, 0x00000000030f9eb8]
Event: 1.363 Thread 0x0000000017709800 1487       4       java.util.HashMap::putVal (300 bytes)
Event: 1.372 Thread 0x0000000017709800 nmethod 1487 0x00000000030f6f10 code [0x00000000030f70c0, 0x00000000030f78a8]
Event: 1.372 Thread 0x0000000017709800 1453       4       com.android.dx.ssa.SCCP::simulatePhi (169 bytes)
Event: 1.380 Thread 0x000000001770c800 nmethod 1433 0x00000000030ffd90 code [0x00000000031000a0, 0x00000000031022d0]
Event: 1.381 Thread 0x000000001770c800 1504       4       com.android.dx.ssa.LocalVariableExtractor::processBlock (383 bytes)

GC Heap History (2 events):
Event: 1.314 GC heap before
{Heap before GC invocations=1 (full 0):
 PSYoungGen      total 76288K, used 65536K [0x00000000eab00000, 0x00000000f0000000, 0x0000000100000000)
  eden space 65536K, 100% used [0x00000000eab00000,0x00000000eeb00000,0x00000000eeb00000)
  from space 10752K, 0% used [0x00000000ef580000,0x00000000ef580000,0x00000000f0000000)
  to   space 10752K, 0% used [0x00000000eeb00000,0x00000000eeb00000,0x00000000ef580000)
 ParOldGen       total 175104K, used 0K [0x00000000c0000000, 0x00000000cab00000, 0x00000000eab00000)
  object space 175104K, 0% used [0x00000000c0000000,0x00000000c0000000,0x00000000cab00000)
 Metaspace       used 5986K, capacity 7024K, committed 7296K, reserved 1056768K
  class space    used 580K, capacity 616K, committed 640K, reserved 1048576K
Event: 1.357 GC heap after
Heap after GC invocations=1 (full 0):
 PSYoungGen      total 76288K, used 10608K [0x00000000eab00000, 0x00000000f0000000, 0x0000000100000000)
  eden space 65536K, 0% used [0x00000000eab00000,0x00000000eab00000,0x00000000eeb00000)
  from space 10752K, 98% used [0x00000000eeb00000,0x00000000ef55c308,0x00000000ef580000)
  to   space 10752K, 0% used [0x00000000ef580000,0x00000000ef580000,0x00000000f0000000)
 ParOldGen       total 175104K, used 16K [0x00000000c0000000, 0x00000000cab00000, 0x00000000eab00000)
  object space 175104K, 0% used [0x00000000c0000000,0x00000000c0004000,0x00000000cab00000)
 Metaspace       used 5986K, capacity 7024K, committed 7296K, reserved 1056768K
  class space    used 580K, capacity 616K, committed 640K, reserved 1048576K
}

Deoptimization events (10 events):
Event: 1.310 Thread 0x00000000029ed800 Uncommon trap: reason=class_check action=maybe_recompile pc=0x0000000002e56920 method=com.android.dx.ssa.NormalSsaInsn.accept(Lcom/android/dx/ssa/SsaInsn$Visitor;)V @ 9
Event: 1.311 Thread 0x00000000029ed800 Uncommon trap: reason=class_check action=maybe_recompile pc=0x0000000002e56920 method=com.android.dx.ssa.NormalSsaInsn.accept(Lcom/android/dx/ssa/SsaInsn$Visitor;)V @ 9
Event: 1.311 Thread 0x00000000029ed800 Uncommon trap: reason=class_check action=maybe_recompile pc=0x0000000002e56920 method=com.android.dx.ssa.NormalSsaInsn.accept(Lcom/android/dx/ssa/SsaInsn$Visitor;)V @ 9
Event: 1.379 Thread 0x00000000179de800 Uncommon trap: reason=bimorphic action=maybe_recompile pc=0x00000000030f77f4 method=java.util.HashMap.putVal(ILjava/lang/Object;Ljava/lang/Object;ZZ)Ljava/lang/Object; @ 203
Event: 1.380 Thread 0x00000000179de800 Uncommon trap: reason=bimorphic action=maybe_recompile pc=0x00000000030f77f4 method=java.util.HashMap.putVal(ILjava/lang/Object;Ljava/lang/Object;ZZ)Ljava/lang/Object; @ 203
Event: 1.426 Thread 0x00000000029ed800 Uncommon trap: reason=class_check action=maybe_recompile pc=0x0000000002ec18a8 method=com.android.dx.ssa.NormalSsaInsn.accept(Lcom/android/dx/ssa/SsaInsn$Visitor;)V @ 9
Event: 1.428 Thread 0x00000000029ed800 Uncommon trap: reason=unstable_if action=reinterpret pc=0x0000000002e5491c method=com.android.dx.ssa.SsaMethod.updateOneDefinition(Lcom/android/dx/ssa/SsaInsn;Lcom/android/dx/rop/code/RegisterSpec;)V @ 4
Event: 1.456 Thread 0x00000000179de800 Uncommon trap: reason=bimorphic action=maybe_recompile pc=0x00000000030f77f4 method=java.util.HashMap.putVal(ILjava/lang/Object;Ljava/lang/Object;ZZ)Ljava/lang/Object; @ 203
Event: 1.456 Thread 0x00000000179de800 Uncommon trap: reason=bimorphic action=maybe_recompile pc=0x00000000030f77f4 method=java.util.HashMap.putVal(ILjava/lang/Object;Ljava/lang/Object;ZZ)Ljava/lang/Object; @ 203
Event: 1.457 Thread 0x00000000179de800 Uncommon trap: reason=class_check action=maybe_recompile pc=0x0000000002e5b0cc method=com.android.dx.ssa.NormalSsaInsn.accept(Lcom/android/dx/ssa/SsaInsn$Visitor;)V @ 9

Internal exceptions (3 events):
Event: 0.047 Thread 0x00000000029ed800 Exception <a 'java/lang/NoSuchMethodError': Method sun.misc.Unsafe.defineClass(Ljava/lang/String;[BII)Ljava/lang/Class; name or signature does not match> (0x00000000eab12f00) thrown at [D:\re\workspace\8-2-build-windows-amd64-cygwin\jdk8u40\3098\hotspot\sr¬ÄaÂ¨?
Event: 0.047 Thread 0x00000000029ed800 Exception <a 'java/lang/NoSuchMethodError': Method sun.misc.Unsafe.prefetchRead(Ljava/lang/Object;J)V name or signature does not match> (0x00000000eab13190) thrown at [D:\re\workspace\8-2-build-windows-amd64-cygwin\jdk8u40\3098\hotspot\src\share\vm\prims\joúõ±åæ?
Event: 0.690 Thread 0x00000000179c3000 Implicit null exception at 0x0000000002de142a to 0x0000000002de333d

Events (10 events):
Event: 1.428 Thread 0x00000000029ed800 DEOPT UNPACKING pc=0x0000000002b3582a sp=0x000000000290e198 mode 2
Event: 1.456 Thread 0x00000000179de800 Uncommon trap: trap_request=0xffffffc6 fr.pc=0x00000000030f77f4
Event: 1.456 Thread 0x00000000179de800 DEOPT PACKING pc=0x00000000030f77f4 sp=0x00000000185ded00
Event: 1.456 Thread 0x00000000179de800 DEOPT UNPACKING pc=0x0000000002b3582a sp=0x00000000185dec88 mode 2
Event: 1.456 Thread 0x00000000179de800 Uncommon trap: trap_request=0xffffffc6 fr.pc=0x00000000030f77f4
Event: 1.456 Thread 0x00000000179de800 DEOPT PACKING pc=0x00000000030f77f4 sp=0x00000000185dede0
Event: 1.456 Thread 0x00000000179de800 DEOPT UNPACKING pc=0x0000000002b3582a sp=0x00000000185ded68 mode 2
Event: 1.457 Thread 0x00000000179de800 Uncommon trap: trap_request=0xffffffde fr.pc=0x0000000002e5b0cc
Event: 1.457 Thread 0x00000000179de800 DEOPT PACKING pc=0x0000000002e5b0cc sp=0x00000000185deca0
Event: 1.457 Thread 0x00000000179de800 DEOPT UNPACKING pc=0x0000000002b3582a sp=0x00000000185dec30 mode 2


Dynamic libraries:
0x00007ff678e00000 - 0x00007ff678e37000 	C:\Program Files\Java\jdk1.8.0_40\bin\java.exe
0x00007ff886840000 - 0x00007ff886a01000 	C:\WINDOWS\SYSTEM32\ntdll.dll
0x00007ff8857d0000 - 0x00007ff88587d000 	C:\WINDOWS\system32\KERNEL32.DLL
0x00007ff883d30000 - 0x00007ff883f0d000 	C:\WINDOWS\system32\KERNELBASE.dll
0x00007ff8860c0000 - 0x00007ff886166000 	C:\WINDOWS\system32\ADVAPI32.dll
0x00007ff885f10000 - 0x00007ff885fad000 	C:\WINDOWS\system32\msvcrt.dll
0x00007ff883ff0000 - 0x00007ff88404b000 	C:\WINDOWS\system32\sechost.dll
0x00007ff8858f0000 - 0x00007ff885a16000 	C:\WINDOWS\system32\RPCRT4.dll
0x00007ff8866e0000 - 0x00007ff88682e000 	C:\WINDOWS\system32\USER32.dll
0x00007ff886530000 - 0x00007ff8866b6000 	C:\WINDOWS\system32\GDI32.dll
0x00007ff880440000 - 0x00007ff8806b4000 	C:\WINDOWS\WinSxS\amd64_microsoft.windows.common-controls_6595b64144ccf1df_6.0.10240.16384_none_f41f7b285750ef43\COMCTL32.dll
0x00007ff8855e0000 - 0x00007ff885616000 	C:\WINDOWS\system32\IMM32.DLL
0x00007ff885db0000 - 0x00007ff885f0c000 	C:\WINDOWS\system32\MSCTF.dll
0x0000000073db0000 - 0x0000000073e82000 	C:\Program Files\Java\jdk1.8.0_40\jre\bin\msvcr100.dll
0x0000000073fd0000 - 0x0000000074853000 	C:\Program Files\Java\jdk1.8.0_40\jre\bin\server\jvm.dll
0x00007ff886170000 - 0x00007ff886178000 	C:\WINDOWS\system32\PSAPI.DLL
0x00007ff877d10000 - 0x00007ff877d19000 	C:\WINDOWS\SYSTEM32\WSOCK32.dll
0x00007ff885a20000 - 0x00007ff885a89000 	C:\WINDOWS\system32\WS2_32.dll
0x00007ff886830000 - 0x00007ff886838000 	C:\WINDOWS\system32\NSI.dll
0x00007ff8812e0000 - 0x00007ff881303000 	C:\WINDOWS\SYSTEM32\WINMM.dll
0x00007ff87f6d0000 - 0x00007ff87f6da000 	C:\WINDOWS\SYSTEM32\VERSION.dll
0x00007ff881280000 - 0x00007ff8812ac000 	C:\WINDOWS\SYSTEM32\WINMMBASE.dll
0x00007ff883650000 - 0x00007ff883694000 	C:\WINDOWS\system32\cfgmgr32.dll
0x00007ff881be0000 - 0x00007ff881c07000 	C:\WINDOWS\SYSTEM32\DEVOBJ.dll
0x0000000077080000 - 0x000000007708f000 	C:\Program Files\Java\jdk1.8.0_40\jre\bin\verify.dll
0x0000000074c80000 - 0x0000000074ca9000 	C:\Program Files\Java\jdk1.8.0_40\jre\bin\java.dll
0x0000000074c60000 - 0x0000000074c76000 	C:\Program Files\Java\jdk1.8.0_40\jre\bin\zip.dll
0x00007ff8840b0000 - 0x00007ff8855d2000 	C:\WINDOWS\system32\SHELL32.dll
0x00007ff8836a0000 - 0x00007ff883cc8000 	C:\WINDOWS\system32\windows.storage.dll
0x00007ff886180000 - 0x00007ff8863fc000 	C:\WINDOWS\system32\combase.dll
0x00007ff8864c0000 - 0x00007ff886511000 	C:\WINDOWS\system32\shlwapi.dll
0x00007ff8832e0000 - 0x00007ff8832ef000 	C:\WINDOWS\system32\kernel.appcore.dll
0x00007ff883590000 - 0x00007ff883643000 	C:\WINDOWS\system32\shcore.dll
0x00007ff883290000 - 0x00007ff8832da000 	C:\WINDOWS\system32\powrprof.dll
0x00007ff883270000 - 0x00007ff883283000 	C:\WINDOWS\system32\profapi.dll
0x00007ff878180000 - 0x00007ff87830a000 	C:\WINDOWS\SYSTEM32\dbghelp.dll

VM Arguments:
jvm_args: -Djava.awt.headless=true -Xmx1024M -Dfile.encoding=windows-1251 -Duser.country=RU -Duser.language=ru -Duser.variant 
java_command: com.android.dx.command.Main --dex --num-threads=4 --output C:\Users\Ilya\Dropbox\MyDayList\app\build\intermediates\pre-dexed\debug\com.google.android.gms-play-services-maps-8.3.0_390fcca56a8869bc5e90a00448f9bd082bcebb59.jar C:\Users\Ilya\Dropbox\MyDayList\app\build\intermediates\exploded-aar\com.google.android.gms\play-services-maps\8.3.0\jars\classes.jar
java_class_path (initial): C:\Users\Ilya\AppData\Local\Android\sdk\build-tools\23.0.1\lib\dx.jar
Launcher Type: SUN_STANDARD

Environment Variables:
PATH=C:\Program Files (x86)\Intel\iCLS Client\;C:\Program Files\Intel\iCLS Client\;C:\ProgramData\Oracle\Java\javapath;C:\Windows\system32;C:\Windows;C:\Windows\System32\Wbem;C:\Windows\System32\WindowsPowerShell\v1.0\;C:\Program Files (x86)\NVIDIA Corporation\PhysX\Common;C:\Program Files\Intel\Intel(R) Management Engine Components\DAL;C:\Program Files\Intel\Intel(R) Management Engine Components\IPT;C:\Program Files (x86)\Intel\Intel(R) Management Engine Components\DAL;C:\Program Files (x86)\Intel\Intel(R) Management Engine Components\IPT;C:\Program Files (x86)\Windows Kits\8.1\Windows Performance Toolkit\;C:\Program Files\Microsoft SQL Server\110\Tools\Binn\;C:\Program Files (x86)\Microsoft SDKs\TypeScript\1.0\;C:\Program Files (x86)\Common Files\Acronis\SnapAPI\;C:\WINDOWS\system32;C:\WINDOWS;C:\WINDOWS\System32\Wbem;C:\WINDOWS\System32\WindowsPowerShell\v1.0\;C:\Program Files (x86)\Skype\Phone\;C:\Program Files (x86)\MySQL\MySQL Fabric 1.5 & MySQL Utilities 1.5\;C:\Program Files (x86)\MySQL\MySQL Fabric 1.5 & MySQL Utilities 1.5\Doctrine extensions for PHP\;D:\android-ndk-r10e;C:\Users\Ilya\AppData\Local\Programs\Python\Python35-32\Scripts;C:\Users\Ilya\AppData\Local\Programs\Python\Python35-32;D:\python 2.7\Scripts;D:\python 2.7;C:\Program Files\Java\jdk1.8.0_40\bin;
USERNAME=Ilya
OS=Windows_NT
PROCESSOR_IDENTIFIER=Intel64 Family 6 Model 58 Stepping 9, GenuineIntel



---------------  S Y S T E M  ---------------

OS: Windows 10.0 , 64 bit Build 10240 (10.0.10240.16384)

CPU:total 8 (4 cores per cpu, 2 threads per core) family 6 model 58 stepping 9, cmov, cx8, fxsr, mmx, sse, sse2, sse3, ssse3, sse4.1, sse4.2, popcnt, avx, aes, clmul, erms, ht, tsc, tscinvbit, tscinv

Memory: 4k page, physical 16718628k(6237532k free), swap 16739108k(4136k free)

vm_info: Java HotSpot(TM) 64-Bit Server VM (25.40-b25) for windows-amd64 JRE (1.8.0_40-b26), built on Mar  7 2015 13:51:59 by "java_re" with MS VC++ 10.0 (VS2010)

time: Wed Dec 16 19:11:27 2015
elapsed time: 1 seconds (0d 0h 0m 1s)

