#
# There is insufficient memory for the Java Runtime Environment to continue.
# Native memory allocation (malloc) failed to allocate 1679216 bytes for Chunk::new
# Possible reasons:
#   The system is out of physical RAM or swap space
#   In 32 bit mode, the process size limit was hit
# Possible solutions:
#   Reduce memory load on the system
#   Increase physical memory or swap space
#   Check if swap backing store is full
#   Use 64 bit Java on a 64 bit OS
#   Decrease Java heap size (-Xmx/-Xms)
#   Decrease number of Java threads
#   Decrease Java thread stack sizes (-Xss)
#   Set larger code cache with -XX:ReservedCodeCacheSize=
# This output file may be truncated or incomplete.
#
#  Out of Memory Error (allocation.cpp:390), pid=11056, tid=3120
#
# JRE version: Java(TM) SE Runtime Environment (8.0_40-b26) (build 1.8.0_40-b26)
# Java VM: Java HotSpot(TM) 64-Bit Server VM (25.40-b25 mixed mode windows-amd64 compressed oops)
# Failed to write core dump. Minidumps are not enabled by default on client versions of Windows
#

---------------  T H R E A D  ---------------

Current thread (0x000000001721e800):  JavaThread "C2 CompilerThread2" daemon [_thread_in_native, id=3120, stack(0x00000000179f0000,0x0000000017af0000)]

Stack: [0x00000000179f0000,0x0000000017af0000]
Native frames: (J=compiled Java code, j=interpreted, Vv=VM code, C=native code)
V  [jvm.dll+0x32b47a]
V  [jvm.dll+0x2797f3]
V  [jvm.dll+0x27a489]
V  [jvm.dll+0x2717a5]
V  [jvm.dll+0xcb9a2]
V  [jvm.dll+0xcbe6c]
V  [jvm.dll+0x476ea2]
V  [jvm.dll+0x4b950f]
V  [jvm.dll+0x46baa8]
V  [jvm.dll+0x46ccbe]
V  [jvm.dll+0x4500d2]
V  [jvm.dll+0xa4312]
V  [jvm.dll+0xa4c4f]
V  [jvm.dll+0x241914]
V  [jvm.dll+0x29848a]
C  [msvcr100.dll+0x21d9f]
C  [msvcr100.dll+0x21e3b]
C  [KERNEL32.DLL+0x8364]
C  [ntdll.dll+0x670d1]


Current CompileTask:
C2:   3519 1744       4       com.android.dx.rop.code.Rops::ropFor (771 bytes)


---------------  P R O C E S S  ---------------

Java Threads: ( => current thread )
  0x00000000174e3800 JavaThread "pool-1-thread-1" [_thread_in_vm, id=10616, stack(0x000000001aa90000,0x000000001ab90000)]
  0x0000000017286800 JavaThread "Service Thread" daemon [_thread_blocked, id=12272, stack(0x0000000017bf0000,0x0000000017cf0000)]
  0x0000000017225000 JavaThread "C1 CompilerThread3" daemon [_thread_in_native, id=1716, stack(0x0000000017af0000,0x0000000017bf0000)]
=>0x000000001721e800 JavaThread "C2 CompilerThread2" daemon [_thread_in_native, id=3120, stack(0x00000000179f0000,0x0000000017af0000)]
  0x000000001721d800 JavaThread "C2 CompilerThread1" daemon [_thread_in_native, id=13204, stack(0x00000000178f0000,0x00000000179f0000)]
  0x000000001721a000 JavaThread "C2 CompilerThread0" daemon [_thread_in_vm, id=1036, stack(0x00000000177f0000,0x00000000178f0000)]
  0x0000000017217800 JavaThread "Attach Listener" daemon [_thread_blocked, id=13228, stack(0x00000000176f0000,0x00000000177f0000)]
  0x0000000017216800 JavaThread "Signal Dispatcher" daemon [_thread_blocked, id=12912, stack(0x00000000175f0000,0x00000000176f0000)]
  0x00000000026c9800 JavaThread "Finalizer" daemon [_thread_blocked, id=12508, stack(0x00000000170f0000,0x00000000171f0000)]
  0x00000000026c3000 JavaThread "Reference Handler" daemon [_thread_blocked, id=7184, stack(0x0000000016ff0000,0x00000000170f0000)]
  0x00000000022dd800 JavaThread "main" [_thread_blocked, id=11548, stack(0x00000000023d0000,0x00000000024d0000)]

Other Threads:
  0x00000000151e9000 VMThread [stack: 0x0000000016ef0000,0x0000000016ff0000] [id=412]
  0x000000001728b800 WatcherThread [stack: 0x0000000017cf0000,0x0000000017df0000] [id=7472]

VM state:not at safepoint (normal execution)

VM Mutex/Monitor currently owned by a thread:  ([mutex/lock_event])
[0x00000000022dc350] CodeCache_lock - owner thread: 0x0000000000000000
[0x00000000025d1050] Compile_lock - owner thread: 0x0000000000000000
[0x00000000025d1850] MethodCompileQueue_lock - owner thread: 0x0000000000000000

Heap:
 PSYoungGen      total 141824K, used 99023K [0x00000000eab00000, 0x00000000fc000000, 0x0000000100000000)
  eden space 131072K, 67% used [0x00000000eab00000,0x00000000f0135de0,0x00000000f2b00000)
  from space 10752K, 99% used [0x00000000f2b00000,0x00000000f357de90,0x00000000f3580000)
  to   space 10752K, 0% used [0x00000000fb580000,0x00000000fb580000,0x00000000fc000000)
 ParOldGen       total 175104K, used 24775K [0x00000000c0000000, 0x00000000cab00000, 0x00000000eab00000)
  object space 175104K, 14% used [0x00000000c0000000,0x00000000c1831f38,0x00000000cab00000)
 Metaspace       used 6749K, capacity 7608K, committed 7936K, reserved 1056768K
  class space    used 630K, capacity 688K, committed 768K, reserved 1048576K

Card table byte_map: [0x0000000011a90000,0x0000000011ca0000] byte_map_base: 0x0000000011490000

Marking Bits: (ParMarkBitMap*) 0x000000006de14040
 Begin Bits: [0x0000000012600000, 0x0000000013600000)
 End Bits:   [0x0000000013600000, 0x0000000014600000)

Polling page: 0x0000000002260000

CodeCache: size=245760Kb used=9998Kb max_used=10009Kb free=235761Kb
 bounds [0x00000000026d0000, 0x00000000030a0000, 0x00000000116d0000]
 total_blobs=2716 nmethods=2445 adapters=183
 compilation: enabled

Compilation events (10 events):
Event: 3.494 Thread 0x0000000017225000 nmethod 2487 0x000000000307b650 code [0x000000000307b7a0, 0x000000000307b8f0]
Event: 3.494 Thread 0x0000000017225000 2488       3       com.android.dx.util.ByteArrayAnnotatedOutput::writeInt (90 bytes)
Event: 3.495 Thread 0x0000000017225000 nmethod 2488 0x000000000307b990 code [0x000000000307bb20, 0x000000000307bf18]
Event: 3.495 Thread 0x0000000017225000 2489       3       com.android.dx.util.ByteArrayAnnotatedOutput::alignTo (69 bytes)
Event: 3.495 Thread 0x0000000017225000 nmethod 2489 0x000000000307c150 code [0x000000000307c300, 0x000000000307c7a8]
Event: 3.495 Thread 0x0000000017225000 2490       3       com.android.dx.dex.file.StringIdItem::writeTo (95 bytes)
Event: 3.496 Thread 0x0000000017225000 nmethod 2490 0x000000000307c990 code [0x000000000307cd20, 0x000000000307ec28]
Event: 3.498 Thread 0x0000000017225000 2492       3       com.android.dx.rop.cst.CstType::getDescriptor (30 bytes)
Event: 3.498 Thread 0x0000000017225000 nmethod 2492 0x000000000307fd50 code [0x000000000307fec0, 0x00000000030801a8]
Event: 3.498 Thread 0x0000000017225000 2493       3       com.android.dx.dex.file.TypeIdItem::writeTo (107 bytes)

GC Heap History (6 events):
Event: 1.533 GC heap before
{Heap before GC invocations=1 (full 0):
 PSYoungGen      total 76288K, used 65536K [0x00000000eab00000, 0x00000000f0000000, 0x0000000100000000)
  eden space 65536K, 100% used [0x00000000eab00000,0x00000000eeb00000,0x00000000eeb00000)
  from space 10752K, 0% used [0x00000000ef580000,0x00000000ef580000,0x00000000f0000000)
  to   space 10752K, 0% used [0x00000000eeb00000,0x00000000eeb00000,0x00000000ef580000)
 ParOldGen       total 175104K, used 0K [0x00000000c0000000, 0x00000000cab00000, 0x00000000eab00000)
  object space 175104K, 0% used [0x00000000c0000000,0x00000000c0000000,0x00000000cab00000)
 Metaspace       used 6047K, capacity 7028K, committed 7296K, reserved 1056768K
  class space    used 604K, capacity 620K, committed 640K, reserved 1048576K
Event: 1.579 GC heap after
Heap after GC invocations=1 (full 0):
 PSYoungGen      total 76288K, used 10722K [0x00000000eab00000, 0x00000000f4000000, 0x0000000100000000)
  eden space 65536K, 0% used [0x00000000eab00000,0x00000000eab00000,0x00000000eeb00000)
  from space 10752K, 99% used [0x00000000eeb00000,0x00000000ef578b38,0x00000000ef580000)
  to   space 10752K, 0% used [0x00000000f3580000,0x00000000f3580000,0x00000000f4000000)
 ParOldGen       total 175104K, used 132K [0x00000000c0000000, 0x00000000cab00000, 0x00000000eab00000)
  object space 175104K, 0% used [0x00000000c0000000,0x00000000c00211d0,0x00000000cab00000)
 Metaspace       used 6047K, capacity 7028K, committed 7296K, reserved 1056768K
  class space    used 604K, capacity 620K, committed 640K, reserved 1048576K
}
Event: 2.071 GC heap before
{Heap before GC invocations=2 (full 0):
 PSYoungGen      total 76288K, used 76258K [0x00000000eab00000, 0x00000000f4000000, 0x0000000100000000)
  eden space 65536K, 100% used [0x00000000eab00000,0x00000000eeb00000,0x00000000eeb00000)
  from space 10752K, 99% used [0x00000000eeb00000,0x00000000ef578b38,0x00000000ef580000)
  to   space 10752K, 0% used [0x00000000f3580000,0x00000000f3580000,0x00000000f4000000)
 ParOldGen       total 175104K, used 132K [0x00000000c0000000, 0x00000000cab00000, 0x00000000eab00000)
  object space 175104K, 0% used [0x00000000c0000000,0x00000000c00211d0,0x00000000cab00000)
 Metaspace       used 6178K, capacity 7092K, committed 7296K, reserved 1056768K
  class space    used 604K, capacity 620K, committed 640K, reserved 1048576K
Event: 2.120 GC heap after
Heap after GC invocations=2 (full 0):
 PSYoungGen      total 141824K, used 10732K [0x00000000eab00000, 0x00000000f4000000, 0x0000000100000000)
  eden space 131072K, 0% used [0x00000000eab00000,0x00000000eab00000,0x00000000f2b00000)
  from space 10752K, 99% used [0x00000000f3580000,0x00000000f3ffb2e0,0x00000000f4000000)
  to   space 10752K, 0% used [0x00000000f2b00000,0x00000000f2b00000,0x00000000f3580000)
 ParOldGen       total 175104K, used 6071K [0x00000000c0000000, 0x00000000cab00000, 0x00000000eab00000)
  object space 175104K, 3% used [0x00000000c0000000,0x00000000c05edda0,0x00000000cab00000)
 Metaspace       used 6178K, capacity 7092K, committed 7296K, reserved 1056768K
  class space    used 604K, capacity 620K, committed 640K, reserved 1048576K
}
Event: 2.675 GC heap before
{Heap before GC invocations=3 (full 0):
 PSYoungGen      total 141824K, used 141804K [0x00000000eab00000, 0x00000000f4000000, 0x0000000100000000)
  eden space 131072K, 100% used [0x00000000eab00000,0x00000000f2b00000,0x00000000f2b00000)
  from space 10752K, 99% used [0x00000000f3580000,0x00000000f3ffb2e0,0x00000000f4000000)
  to   space 10752K, 0% used [0x00000000f2b00000,0x00000000f2b00000,0x00000000f3580000)
 ParOldGen       total 175104K, used 6071K [0x00000000c0000000, 0x00000000cab00000, 0x00000000eab00000)
  object space 175104K, 3% used [0x00000000c0000000,0x00000000c05edda0,0x00000000cab00000)
 Metaspace       used 6267K, capacity 7156K, committed 7296K, reserved 1056768K
  class space    used 605K, capacity 620K, committed 640K, reserved 1048576K
Event: 2.701 GC heap after
Heap after GC invocations=3 (full 0):
 PSYoungGen      total 141824K, used 10743K [0x00000000eab00000, 0x00000000fc000000, 0x0000000100000000)
  eden space 131072K, 0% used [0x00000000eab00000,0x00000000eab00000,0x00000000f2b00000)
  from space 10752K, 99% used [0x00000000f2b00000,0x00000000f357de90,0x00000000f3580000)
  to   space 10752K, 0% used [0x00000000fb580000,0x00000000fb580000,0x00000000fc000000)
 ParOldGen       total 175104K, used 24775K [0x00000000c0000000, 0x00000000cab00000, 0x00000000eab00000)
  object space 175104K, 14% used [0x00000000c0000000,0x00000000c1831f38,0x00000000cab00000)
 Metaspace       used 6267K, capacity 7156K, committed 7296K, reserved 1056768K
  class space    used 605K, capacity 620K, committed 640K, reserved 1048576K
}

Deoptimization events (10 events):
Event: 2.958 Thread 0x00000000174e3800 Uncommon trap: reason=class_check action=maybe_recompile pc=0x0000000002b0b878 method=java.util.Arrays.hashCode([Ljava/lang/Object;)I @ 43
Event: 3.160 Thread 0x00000000174e3800 Uncommon trap: reason=speculate_class_check action=maybe_recompile pc=0x0000000002a8737c method=com.android.dx.util.FixedSizeList.equals(Ljava/lang/Object;)Z @ 25
Event: 3.160 Thread 0x00000000174e3800 Uncommon trap: reason=unstable_if action=reinterpret pc=0x0000000002a11270 method=java.util.Arrays.equals([Ljava/lang/Object;[Ljava/lang/Object;)Z @ 23
Event: 3.199 Thread 0x00000000174e3800 Uncommon trap: reason=speculate_class_check action=maybe_recompile pc=0x0000000002a8737c method=com.android.dx.util.FixedSizeList.equals(Ljava/lang/Object;)Z @ 25
Event: 3.199 Thread 0x00000000174e3800 Uncommon trap: reason=speculate_class_check action=maybe_recompile pc=0x0000000002a8737c method=com.android.dx.util.FixedSizeList.equals(Ljava/lang/Object;)Z @ 25
Event: 3.199 Thread 0x00000000174e3800 Uncommon trap: reason=speculate_class_check action=maybe_recompile pc=0x0000000002a8737c method=com.android.dx.util.FixedSizeList.equals(Ljava/lang/Object;)Z @ 25
Event: 3.266 Thread 0x00000000174e3800 Uncommon trap: reason=unstable_if action=reinterpret pc=0x0000000002f0e8b8 method=java.util.TreeMap.put(Ljava/lang/Object;Ljava/lang/Object;)Ljava/lang/Object; @ 163
Event: 3.267 Thread 0x00000000174e3800 Uncommon trap: reason=unstable_if action=reinterpret pc=0x0000000002d51200 method=com.android.dx.rop.code.RegisterSpecSet.equals(Ljava/lang/Object;)Z @ 30
Event: 3.431 Thread 0x00000000174e3800 Uncommon trap: reason=unstable_if action=reinterpret pc=0x0000000002fc5f64 method=java.util.ArrayList.<init>(I)V @ 5
Event: 3.494 Thread 0x00000000174e3800 Uncommon trap: reason=unstable_if action=reinterpret pc=0x0000000003047944 method=com.android.dx.util.ByteArrayAnnotatedOutput.writeByte(I)V @ 13

Internal exceptions (6 events):
Event: 0.325 Thread 0x00000000022dd800 Exception <a 'java/lang/NoSuchMethodError': Method sun.misc.Unsafe.defineClass(Ljava/lang/String;[BII)Ljava/lang/Class; name or signature does not match> (0x00000000eab12f00) thrown at [D:\re\workspace\8-2-build-windows-amd64-cygwin\jdk8u40\3098\hotspot\sr£¿ÈŒ‘?
Event: 0.325 Thread 0x00000000022dd800 Exception <a 'java/lang/NoSuchMethodError': Method sun.misc.Unsafe.prefetchRead(Ljava/lang/Object;J)V name or signature does not match> (0x00000000eab13190) thrown at [D:\re\workspace\8-2-build-windows-amd64-cygwin\jdk8u40\3098\hotspot\src\share\vm\prims\j‰Î∂#⁄ÀÍ?
Event: 0.837 Thread 0x00000000174ca800 Implicit null exception at 0x00000000029cafac to 0x00000000029cd509
Event: 1.468 Thread 0x00000000174ca800 Exception <a 'java/lang/ArrayIndexOutOfBoundsException': 18> (0x00000000ee5823e8) thrown at [D:\re\workspace\8-2-build-windows-amd64-cygwin\jdk8u40\3098\hotspot\src\share\vm\interpreter\interpreterRuntime.cpp, line 366]
Event: 1.468 Thread 0x00000000174ca800 Exception <a 'java/lang/ArrayIndexOutOfBoundsException': 145> (0x00000000ee583eb8) thrown at [D:\re\workspace\8-2-build-windows-amd64-cygwin\jdk8u40\3098\hotspot\src\share\vm\interpreter\interpreterRuntime.cpp, line 366]
Event: 1.469 Thread 0x00000000174ca800 Exception <a 'java/lang/ArrayIndexOutOfBoundsException'> (0x00000000ee5850f0) thrown at [D:\re\workspace\8-2-build-windows-amd64-cygwin\jdk8u40\3098\hotspot\src\share\vm\runtime\sharedRuntime.cpp, line 605]

Events (10 events):
Event: 3.451 Executing VM operation: ForceSafepoint done
Event: 3.476 loading class com/android/dex/EncodedValueCodec
Event: 3.476 loading class com/android/dex/EncodedValueCodec done
Event: 3.487 loading class com/android/dx/dex/file/MapItem
Event: 3.487 loading class com/android/dx/dex/file/MapItem done
Event: 3.494 loading class com/android/dex/DexFormat
Event: 3.494 loading class com/android/dex/DexFormat done
Event: 3.494 Thread 0x00000000174e3800 Uncommon trap: trap_request=0xffffff65 fr.pc=0x0000000003047944
Event: 3.494 Thread 0x00000000174e3800 DEOPT PACKING pc=0x0000000003047944 sp=0x000000001ab8f080
Event: 3.494 Thread 0x00000000174e3800 DEOPT UNPACKING pc=0x000000000271582a sp=0x000000001ab8f038 mode 2


Dynamic libraries:
0x00007ff756350000 - 0x00007ff756387000 	C:\Program Files\Java\jdk1.8.0_40\bin\java.exe
0x00007ff85e460000 - 0x00007ff85e631000 	C:\WINDOWS\SYSTEM32\ntdll.dll
0x00007ff85ba00000 - 0x00007ff85baab000 	C:\WINDOWS\System32\KERNEL32.DLL
0x00007ff85aca0000 - 0x00007ff85aebd000 	C:\WINDOWS\System32\KERNELBASE.dll
0x00007ff85cc70000 - 0x00007ff85cd12000 	C:\WINDOWS\System32\ADVAPI32.dll
0x00007ff85bcd0000 - 0x00007ff85bd6e000 	C:\WINDOWS\System32\msvcrt.dll
0x00007ff85cd40000 - 0x00007ff85cd99000 	C:\WINDOWS\System32\sechost.dll
0x00007ff85cdb0000 - 0x00007ff85ced1000 	C:\WINDOWS\System32\RPCRT4.dll
0x00007ff85c6b0000 - 0x00007ff85c815000 	C:\WINDOWS\System32\USER32.dll
0x00007ff85aac0000 - 0x00007ff85aade000 	C:\WINDOWS\System32\win32u.dll
0x00007ff85c610000 - 0x00007ff85c644000 	C:\WINDOWS\System32\GDI32.dll
0x00007ff85b860000 - 0x00007ff85b9e2000 	C:\WINDOWS\System32\gdi32full.dll
0x00007ff852140000 - 0x00007ff8523b9000 	C:\WINDOWS\WinSxS\amd64_microsoft.windows.common-controls_6595b64144ccf1df_6.0.14393.447_none_42191651c6827bb3\COMCTL32.dll
0x00007ff85bd70000 - 0x00007ff85c038000 	C:\WINDOWS\System32\combase.dll
0x00007ff85a950000 - 0x00007ff85aa45000 	C:\WINDOWS\System32\ucrtbase.dll
0x00007ff85aa50000 - 0x00007ff85aaba000 	C:\WINDOWS\System32\bcryptPrimitives.dll
0x00007ff85bca0000 - 0x00007ff85bcce000 	C:\WINDOWS\System32\IMM32.DLL
0x000000006dea0000 - 0x000000006df72000 	C:\Program Files\Java\jdk1.8.0_40\jre\bin\msvcr100.dll
0x000000006d610000 - 0x000000006de93000 	C:\Program Files\Java\jdk1.8.0_40\jre\bin\server\jvm.dll
0x00007ff85b9f0000 - 0x00007ff85b9f8000 	C:\WINDOWS\System32\PSAPI.DLL
0x00007ff851270000 - 0x00007ff851279000 	C:\WINDOWS\SYSTEM32\WSOCK32.dll
0x00007ff85c9e0000 - 0x00007ff85ca4a000 	C:\WINDOWS\System32\WS2_32.dll
0x00007ff858120000 - 0x00007ff858143000 	C:\WINDOWS\SYSTEM32\WINMM.dll
0x00007ff855c50000 - 0x00007ff855c5a000 	C:\WINDOWS\SYSTEM32\VERSION.dll
0x00007ff858080000 - 0x00007ff8580ab000 	C:\WINDOWS\SYSTEM32\WINMMBASE.dll
0x00007ff85aec0000 - 0x00007ff85af02000 	C:\WINDOWS\System32\cfgmgr32.dll
0x000000006f710000 - 0x000000006f71f000 	C:\Program Files\Java\jdk1.8.0_40\jre\bin\verify.dll
0x000000006d5e0000 - 0x000000006d609000 	C:\Program Files\Java\jdk1.8.0_40\jre\bin\java.dll
0x000000006f6f0000 - 0x000000006f706000 	C:\Program Files\Java\jdk1.8.0_40\jre\bin\zip.dll
0x00007ff85cf50000 - 0x00007ff85e459000 	C:\WINDOWS\System32\SHELL32.dll
0x00007ff85b0e0000 - 0x00007ff85b7ba000 	C:\WINDOWS\System32\windows.storage.dll
0x00007ff85a8f0000 - 0x00007ff85a93c000 	C:\WINDOWS\System32\powrprof.dll
0x00007ff85c820000 - 0x00007ff85c872000 	C:\WINDOWS\System32\shlwapi.dll
0x00007ff85a8e0000 - 0x00007ff85a8ef000 	C:\WINDOWS\System32\kernel.appcore.dll
0x00007ff85abf0000 - 0x00007ff85ac99000 	C:\WINDOWS\System32\shcore.dll
0x00007ff85a8c0000 - 0x00007ff85a8d4000 	C:\WINDOWS\System32\profapi.dll
0x00007ff84fcf0000 - 0x00007ff84fe82000 	C:\WINDOWS\SYSTEM32\dbghelp.dll

VM Arguments:
jvm_args: -Djava.awt.headless=true -Xmx1024M -Dfile.encoding=windows-1251 -Duser.country=RU -Duser.language=ru -Duser.variant 
java_command: com.android.dx.command.Main --dex --force-jumbo --num-threads=4 --multi-dex --output C:\Users\Ilya\Dropbox\MyDayList\app\build\intermediates\transforms\dex\debug\folders\1000\10\com.android.support-appcompat-v7-23.2.0_905826164bbf75193ca2522e890a0ddcd1876205 C:\Users\Ilya\Dropbox\MyDayList\app\build\intermediates\exploded-aar\com.android.support\appcompat-v7\23.2.0\jars\classes.jar
java_class_path (initial): C:\Users\Ilya\AppData\Local\Android\sdk\build-tools\23.0.1\lib\dx.jar
Launcher Type: SUN_STANDARD

Environment Variables:
PATH=C:\oraclexe\app\oracle\product\11.2.0\server\bin;C:\Program Files (x86)\Intel\iCLS Client\;C:\Program Files\Intel\iCLS Client\;C:\ProgramData\Oracle\Java\javapath;C:\Windows\system32;C:\Windows;C:\Windows\System32\Wbem;C:\Windows\System32\WindowsPowerShell\v1.0\;C:\Program Files\Intel\Intel(R) Management Engine Components\DAL;C:\Program Files\Intel\Intel(R) Management Engine Components\IPT;C:\Program Files (x86)\Intel\Intel(R) Management Engine Components\DAL;C:\Program Files (x86)\Intel\Intel(R) Management Engine Components\IPT;C:\Program Files\Microsoft SQL Server\110\Tools\Binn\;C:\Program Files (x86)\Common Files\Acronis\SnapAPI\;C:\WINDOWS\system32;C:\WINDOWS;C:\WINDOWS\System32\Wbem;C:\WINDOWS\System32\WindowsPowerShell\v1.0\;D:\android-ndk-r10e;C:\Users\Ilya\AppData\Local\Programs\Python\Python35-32\Scripts;C:\Users\Ilya\AppData\Local\Programs\Python\Python35-32;D:\python 2.7\Scripts;D:\python 2.7;C:\Program Files\Java\jdk1.8.0_40\bin;C:\Users\Ilya\AppData\Local\Android\sdk\platform-tools;C:\Program Files (x86)\Skype\Phone\;C:\Program Files\Microsoft SQL Server\120\Tools\Binn\;C:\Users\Ilya\.dnx\bin;C:\Program Files\Microsoft DNX\Dnvm\;C:\Program Files (x86)\Windows Kits\8.1\Windows Performance Toolkit\;C:\Program Files (x86)\NVIDIA Corporation\PhysX\Common;%SystemRoot%\system32;%SystemRoot%;%SystemRoot%\System32\Wbem;%SYSTEMROOT%\System32\WindowsPowerShell\v1.0\;G:\NMATLAB\runtime\win64;G:\NMATLAB\bin;C:\Users\Ilya\AppData\Local\Microsoft\WindowsApps;
USERNAME=Ilya
OS=Windows_NT
PROCESSOR_IDENTIFIER=Intel64 Family 6 Model 58 Stepping 9, GenuineIntel



---------------  S Y S T E M  ---------------

OS: Windows 10.0 , 64 bit Build 14393 (10.0.14393.0)

CPU:total 8 (4 cores per cpu, 2 threads per core) family 6 model 58 stepping 9, cmov, cx8, fxsr, mmx, sse, sse2, sse3, ssse3, sse4.1, sse4.2, popcnt, avx, aes, clmul, erms, ht, tsc, tscinvbit, tscinv

Memory: 4k page, physical 16718628k(3563628k free), swap 16739108k(3652k free)

vm_info: Java HotSpot(TM) 64-Bit Server VM (25.40-b25) for windows-amd64 JRE (1.8.0_40-b26), built on Mar  7 2015 13:51:59 by "java_re" with MS VC++ 10.0 (VS2010)

time: Fri Dec 16 21:54:51 2016
elapsed time: 3 seconds (0d 0h 0m 3s)

