#
# There is insufficient memory for the Java Runtime Environment to continue.
# Native memory allocation (malloc) failed to allocate 1167696 bytes for Chunk::new
# Possible reasons:
#   The system is out of physical RAM or swap space
#   In 32 bit mode, the process size limit was hit
# Possible solutions:
#   Reduce memory load on the system
#   Increase physical memory or swap space
#   Check if swap backing store is full
#   Use 64 bit Java on a 64 bit OS
#   Decrease Java heap size (-Xmx/-Xms)
#   Decrease number of Java threads
#   Decrease Java thread stack sizes (-Xss)
#   Set larger code cache with -XX:ReservedCodeCacheSize=
# This output file may be truncated or incomplete.
#
#  Out of Memory Error (allocation.cpp:390), pid=6080, tid=15960
#
# JRE version: Java(TM) SE Runtime Environment (8.0_40-b26) (build 1.8.0_40-b26)
# Java VM: Java HotSpot(TM) 64-Bit Server VM (25.40-b25 mixed mode windows-amd64 compressed oops)
# Failed to write core dump. Minidumps are not enabled by default on client versions of Windows
#

---------------  T H R E A D  ---------------

Current thread (0x00000000171c6800):  JavaThread "C2 CompilerThread2" daemon [_thread_in_native, id=15960, stack(0x0000000017940000,0x0000000017a40000)]

Stack: [0x0000000017940000,0x0000000017a40000]
Native frames: (J=compiled Java code, j=interpreted, Vv=VM code, C=native code)
V  [jvm.dll+0x32b47a]
V  [jvm.dll+0x2797f3]
V  [jvm.dll+0x27a489]
V  [jvm.dll+0x2717a5]
V  [jvm.dll+0xcb9a2]
V  [jvm.dll+0xcbe6c]
V  [jvm.dll+0x49294c]
V  [jvm.dll+0x45f77f]
V  [jvm.dll+0x46a73b]
V  [jvm.dll+0x46cd52]
V  [jvm.dll+0x4500d2]
V  [jvm.dll+0xa4312]
V  [jvm.dll+0xa4c4f]
V  [jvm.dll+0x241914]
V  [jvm.dll+0x29848a]
C  [msvcr100.dll+0x21d9f]
C  [msvcr100.dll+0x21e3b]
C  [KERNEL32.DLL+0x12d92]
C  [ntdll.dll+0x9f64]


Current CompileTask:
C2:   1486 1224   !   4       com.android.dx.cf.code.BytecodeArray::parseInstruction (2764 bytes)


---------------  P R O C E S S  ---------------

Java Threads: ( => current thread )
  0x000000001743f800 JavaThread "pool-1-thread-4" [_thread_in_Java, id=12712, stack(0x0000000018140000,0x0000000018240000)]
  0x0000000017423800 JavaThread "pool-1-thread-3" [_thread_in_Java, id=9644, stack(0x0000000018040000,0x0000000018140000)]
  0x000000001741a000 JavaThread "pool-1-thread-2" [_thread_in_Java, id=6816, stack(0x0000000017f40000,0x0000000018040000)]
  0x0000000017419800 JavaThread "pool-2-thread-1" [_thread_blocked, id=2112, stack(0x0000000017e40000,0x0000000017f40000)]
  0x000000001741e800 JavaThread "pool-1-thread-1" [_thread_in_Java, id=8812, stack(0x0000000017d40000,0x0000000017e40000)]
  0x00000000171cc800 JavaThread "Service Thread" daemon [_thread_blocked, id=14852, stack(0x0000000017b40000,0x0000000017c40000)]
  0x00000000171c9000 JavaThread "C1 CompilerThread3" daemon [_thread_in_native, id=4384, stack(0x0000000017a40000,0x0000000017b40000)]
=>0x00000000171c6800 JavaThread "C2 CompilerThread2" daemon [_thread_in_native, id=15960, stack(0x0000000017940000,0x0000000017a40000)]
  0x00000000171c4800 JavaThread "C2 CompilerThread1" daemon [_thread_in_native, id=4504, stack(0x0000000017840000,0x0000000017940000)]
  0x000000001716a000 JavaThread "C2 CompilerThread0" daemon [_thread_in_native, id=12564, stack(0x0000000017740000,0x0000000017840000)]
  0x0000000017167800 JavaThread "Attach Listener" daemon [_thread_blocked, id=16116, stack(0x0000000017640000,0x0000000017740000)]
  0x0000000017166800 JavaThread "Signal Dispatcher" daemon [_thread_blocked, id=10256, stack(0x0000000017540000,0x0000000017640000)]
  0x0000000002623800 JavaThread "Finalizer" daemon [_thread_blocked, id=4108, stack(0x0000000017040000,0x0000000017140000)]
  0x000000001514d800 JavaThread "Reference Handler" daemon [_thread_blocked, id=9496, stack(0x0000000016f40000,0x0000000017040000)]
  0x0000000000b0d800 JavaThread "main" [_thread_in_Java, id=5724, stack(0x0000000002430000,0x0000000002530000)]

Other Threads:
  0x0000000015149000 VMThread [stack: 0x0000000016e40000,0x0000000016f40000] [id=9564]
  0x00000000171cf800 WatcherThread [stack: 0x0000000017c40000,0x0000000017d40000] [id=9428]

VM state:not at safepoint (normal execution)

VM Mutex/Monitor currently owned by a thread: None

Heap:
 PSYoungGen      total 76288K, used 24960K [0x00000000eab00000, 0x00000000f0000000, 0x0000000100000000)
  eden space 65536K, 21% used [0x00000000eab00000,0x00000000eb8e6e60,0x00000000eeb00000)
  from space 10752K, 99% used [0x00000000eeb00000,0x00000000ef579218,0x00000000ef580000)
  to   space 10752K, 0% used [0x00000000ef580000,0x00000000ef580000,0x00000000f0000000)
 ParOldGen       total 175104K, used 497K [0x00000000c0000000, 0x00000000cab00000, 0x00000000eab00000)
  object space 175104K, 0% used [0x00000000c0000000,0x00000000c007c6e8,0x00000000cab00000)
 Metaspace       used 5995K, capacity 7024K, committed 7296K, reserved 1056768K
  class space    used 581K, capacity 616K, committed 640K, reserved 1048576K

Card table byte_map: [0x00000000119f0000,0x0000000011c00000] byte_map_base: 0x00000000113f0000

Marking Bits: (ParMarkBitMap*) 0x00000000747d4040
 Begin Bits: [0x0000000012560000, 0x0000000013560000)
 End Bits:   [0x0000000013560000, 0x0000000014560000)

Polling page: 0x0000000000ae0000

CodeCache: size=245760Kb used=5995Kb max_used=6008Kb free=239764Kb
 bounds [0x0000000002630000, 0x0000000002c20000, 0x0000000011630000]
 total_blobs=1763 nmethods=1494 adapters=182
 compilation: enabled

Compilation events (10 events):
Event: 1.470 Thread 0x00000000171c4800 1504       4       com.android.dx.cf.code.LineNumberList::pcToLine (73 bytes)
Event: 1.470 Thread 0x00000000171c9000 nmethod 1507 0x0000000002c04510 code [0x0000000002c04660, 0x0000000002c048d0]
Event: 1.470 Thread 0x00000000171c4800 nmethod 1504 0x0000000002c04210 code [0x0000000002c04340, 0x0000000002c043d8]
Event: 1.470 Thread 0x00000000171c4800 1505       4       com.android.dx.rop.code.SourcePosition::<init> (50 bytes)
Event: 1.471 Thread 0x00000000171c4800 nmethod 1505 0x0000000002c119d0 code [0x0000000002c11b00, 0x0000000002c11bb8]
Event: 1.471 Thread 0x00000000171c4800 1501       4       com.android.dx.rop.cst.Constant::<init> (5 bytes)
Event: 1.471 Thread 0x00000000171c4800 nmethod 1501 0x0000000002a9cfd0 code [0x0000000002a9d100, 0x0000000002a9d158]
Event: 1.471 Thread 0x00000000171c4800 1395   !   4       com.android.dx.cf.code.BaseMachine::arg (36 bytes)
Event: 1.471 Thread 0x00000000171c4800 nmethod 1395 0x0000000002c11c50 code [0x0000000002c11d80, 0x0000000002c11e38]
Event: 1.471 Thread 0x00000000171c4800 1484       4       com.android.dx.ssa.SsaBasicBlock::<init> (109 bytes)

GC Heap History (2 events):
Event: 1.339 GC heap before
{Heap before GC invocations=1 (full 0):
 PSYoungGen      total 76288K, used 65536K [0x00000000eab00000, 0x00000000f0000000, 0x0000000100000000)
  eden space 65536K, 100% used [0x00000000eab00000,0x00000000eeb00000,0x00000000eeb00000)
  from space 10752K, 0% used [0x00000000ef580000,0x00000000ef580000,0x00000000f0000000)
  to   space 10752K, 0% used [0x00000000eeb00000,0x00000000eeb00000,0x00000000ef580000)
 ParOldGen       total 175104K, used 0K [0x00000000c0000000, 0x00000000cab00000, 0x00000000eab00000)
  object space 175104K, 0% used [0x00000000c0000000,0x00000000c0000000,0x00000000cab00000)
 Metaspace       used 5974K, capacity 7024K, committed 7296K, reserved 1056768K
  class space    used 581K, capacity 616K, committed 640K, reserved 1048576K
Event: 1.354 GC heap after
Heap after GC invocations=1 (full 0):
 PSYoungGen      total 76288K, used 10724K [0x00000000eab00000, 0x00000000f0000000, 0x0000000100000000)
  eden space 65536K, 0% used [0x00000000eab00000,0x00000000eab00000,0x00000000eeb00000)
  from space 10752K, 99% used [0x00000000eeb00000,0x00000000ef579218,0x00000000ef580000)
  to   space 10752K, 0% used [0x00000000ef580000,0x00000000ef580000,0x00000000f0000000)
 ParOldGen       total 175104K, used 497K [0x00000000c0000000, 0x00000000cab00000, 0x00000000eab00000)
  object space 175104K, 0% used [0x00000000c0000000,0x00000000c007c6e8,0x00000000cab00000)
 Metaspace       used 5974K, capacity 7024K, committed 7296K, reserved 1056768K
  class space    used 581K, capacity 616K, committed 640K, reserved 1048576K
}

Deoptimization events (10 events):
Event: 0.898 Thread 0x000000001743f800 Uncommon trap: reason=bimorphic action=maybe_recompile pc=0x0000000002a82294 method=com.android.dx.ssa.SCCP.setLatticeValueTo(IILcom/android/dx/rop/cst/Constant;)Z @ 43
Event: 0.898 Thread 0x000000001743f800 Uncommon trap: reason=bimorphic action=maybe_recompile pc=0x0000000002a82294 method=com.android.dx.ssa.SCCP.setLatticeValueTo(IILcom/android/dx/rop/cst/Constant;)Z @ 43
Event: 0.898 Thread 0x000000001743f800 Uncommon trap: reason=bimorphic action=maybe_recompile pc=0x0000000002a82294 method=com.android.dx.ssa.SCCP.setLatticeValueTo(IILcom/android/dx/rop/cst/Constant;)Z @ 43
Event: 0.898 Thread 0x000000001743f800 Uncommon trap: reason=bimorphic action=maybe_recompile pc=0x0000000002a82294 method=com.android.dx.ssa.SCCP.setLatticeValueTo(IILcom/android/dx/rop/cst/Constant;)Z @ 43
Event: 1.333 Thread 0x000000001741a000 Uncommon trap: reason=class_check action=maybe_recompile pc=0x0000000002ba1440 method=com.android.dx.ssa.SCCP.simulateBranch(Lcom/android/dx/ssa/SsaInsn;)V @ 145
Event: 1.333 Thread 0x000000001741a000 Uncommon trap: reason=class_check action=maybe_recompile pc=0x0000000002ba1440 method=com.android.dx.ssa.SCCP.simulateBranch(Lcom/android/dx/ssa/SsaInsn;)V @ 145
Event: 1.333 Thread 0x000000001741a000 Uncommon trap: reason=class_check action=maybe_recompile pc=0x0000000002ba1440 method=com.android.dx.ssa.SCCP.simulateBranch(Lcom/android/dx/ssa/SsaInsn;)V @ 145
Event: 1.333 Thread 0x000000001741a000 Uncommon trap: reason=class_check action=maybe_recompile pc=0x0000000002ba1440 method=com.android.dx.ssa.SCCP.simulateBranch(Lcom/android/dx/ssa/SsaInsn;)V @ 145
Event: 1.438 Thread 0x0000000017423800 Uncommon trap: reason=bimorphic action=maybe_recompile pc=0x000000000284e1b0 method=java.util.HashMap.getNode(ILjava/lang/Object;)Ljava/util/HashMap$Node; @ 126
Event: 1.438 Thread 0x0000000017423800 Uncommon trap: reason=class_check action=maybe_recompile pc=0x00000000029d9ac4 method=java.util.HashMap.putVal(ILjava/lang/Object;Ljava/lang/Object;ZZ)Ljava/lang/Object; @ 203

Internal exceptions (2 events):
Event: 0.043 Thread 0x0000000000b0d800 Exception <a 'java/lang/NoSuchMethodError': Method sun.misc.Unsafe.defineClass(Ljava/lang/String;[BII)Ljava/lang/Class; name or signature does not match> (0x00000000eab12e90) thrown at [D:\re\workspace\8-2-build-windows-amd64-cygwin\jdk8u40\3098\hotspot\srð/¦?
Event: 0.043 Thread 0x0000000000b0d800 Exception <a 'java/lang/NoSuchMethodError': Method sun.misc.Unsafe.prefetchRead(Ljava/lang/Object;J)V name or signature does not match> (0x00000000eab13120) thrown at [D:\re\workspace\8-2-build-windows-amd64-cygwin\jdk8u40\3098\hotspot\src\share\vm\prims\j

Events (10 events):
Event: 1.333 Thread 0x000000001741a000 DEOPT PACKING pc=0x0000000002ba1440 sp=0x000000001803e7f0
Event: 1.333 Thread 0x000000001741a000 DEOPT UNPACKING pc=0x000000000267582a sp=0x000000001803e7d8 mode 2
Event: 1.339 Executing VM operation: ParallelGCFailedAllocation
Event: 1.354 Executing VM operation: ParallelGCFailedAllocation done
Event: 1.438 Thread 0x0000000017423800 Uncommon trap: trap_request=0xffffffc6 fr.pc=0x000000000284e1b0
Event: 1.438 Thread 0x0000000017423800 DEOPT PACKING pc=0x000000000284e1b0 sp=0x000000001813e730
Event: 1.438 Thread 0x0000000017423800 DEOPT UNPACKING pc=0x000000000267582a sp=0x000000001813e6b0 mode 2
Event: 1.438 Thread 0x0000000017423800 Uncommon trap: trap_request=0xffffffde fr.pc=0x00000000029d9ac4
Event: 1.438 Thread 0x0000000017423800 DEOPT PACKING pc=0x00000000029d9ac4 sp=0x000000001813e710
Event: 1.438 Thread 0x0000000017423800 DEOPT UNPACKING pc=0x000000000267582a sp=0x000000001813e688 mode 2


Dynamic libraries:
0x00007ff678e00000 - 0x00007ff678e37000 	C:\Program Files\Java\jdk1.8.0_40\bin\java.exe
0x00007ff886840000 - 0x00007ff886a01000 	C:\WINDOWS\SYSTEM32\ntdll.dll
0x00007ff8857d0000 - 0x00007ff88587d000 	C:\WINDOWS\system32\KERNEL32.DLL
0x00007ff883d30000 - 0x00007ff883f0d000 	C:\WINDOWS\system32\KERNELBASE.dll
0x00007ff8860c0000 - 0x00007ff886166000 	C:\WINDOWS\system32\ADVAPI32.dll
0x00007ff885f10000 - 0x00007ff885fad000 	C:\WINDOWS\system32\msvcrt.dll
0x00007ff883ff0000 - 0x00007ff88404b000 	C:\WINDOWS\system32\sechost.dll
0x00007ff8858f0000 - 0x00007ff885a16000 	C:\WINDOWS\system32\RPCRT4.dll
0x00007ff8866e0000 - 0x00007ff88682e000 	C:\WINDOWS\system32\USER32.dll
0x00007ff886530000 - 0x00007ff8866b6000 	C:\WINDOWS\system32\GDI32.dll
0x00007ff880440000 - 0x00007ff8806b4000 	C:\WINDOWS\WinSxS\amd64_microsoft.windows.common-controls_6595b64144ccf1df_6.0.10240.16384_none_f41f7b285750ef43\COMCTL32.dll
0x00007ff8855e0000 - 0x00007ff885616000 	C:\WINDOWS\system32\IMM32.DLL
0x00007ff885db0000 - 0x00007ff885f0c000 	C:\WINDOWS\system32\MSCTF.dll
0x0000000073db0000 - 0x0000000073e82000 	C:\Program Files\Java\jdk1.8.0_40\jre\bin\msvcr100.dll
0x0000000073fd0000 - 0x0000000074853000 	C:\Program Files\Java\jdk1.8.0_40\jre\bin\server\jvm.dll
0x00007ff886170000 - 0x00007ff886178000 	C:\WINDOWS\system32\PSAPI.DLL
0x00007ff877d10000 - 0x00007ff877d19000 	C:\WINDOWS\SYSTEM32\WSOCK32.dll
0x00007ff8812e0000 - 0x00007ff881303000 	C:\WINDOWS\SYSTEM32\WINMM.dll
0x00007ff885a20000 - 0x00007ff885a89000 	C:\WINDOWS\system32\WS2_32.dll
0x00007ff87f6d0000 - 0x00007ff87f6da000 	C:\WINDOWS\SYSTEM32\VERSION.dll
0x00007ff886830000 - 0x00007ff886838000 	C:\WINDOWS\system32\NSI.dll
0x0000000000a70000 - 0x0000000000a9c000 	C:\WINDOWS\SYSTEM32\WINMMBASE.dll
0x00007ff883650000 - 0x00007ff883694000 	C:\WINDOWS\system32\cfgmgr32.dll
0x00007ff881be0000 - 0x00007ff881c07000 	C:\WINDOWS\SYSTEM32\DEVOBJ.dll
0x0000000077080000 - 0x000000007708f000 	C:\Program Files\Java\jdk1.8.0_40\jre\bin\verify.dll
0x0000000074c80000 - 0x0000000074ca9000 	C:\Program Files\Java\jdk1.8.0_40\jre\bin\java.dll
0x0000000074c60000 - 0x0000000074c76000 	C:\Program Files\Java\jdk1.8.0_40\jre\bin\zip.dll
0x00007ff8840b0000 - 0x00007ff8855d2000 	C:\WINDOWS\system32\SHELL32.dll
0x00007ff8836a0000 - 0x00007ff883cc8000 	C:\WINDOWS\system32\windows.storage.dll
0x00007ff886180000 - 0x00007ff8863fc000 	C:\WINDOWS\system32\combase.dll
0x00007ff8864c0000 - 0x00007ff886511000 	C:\WINDOWS\system32\shlwapi.dll
0x00007ff8832e0000 - 0x00007ff8832ef000 	C:\WINDOWS\system32\kernel.appcore.dll
0x00007ff883590000 - 0x00007ff883643000 	C:\WINDOWS\system32\shcore.dll
0x00007ff883290000 - 0x00007ff8832da000 	C:\WINDOWS\system32\powrprof.dll
0x00007ff883270000 - 0x00007ff883283000 	C:\WINDOWS\system32\profapi.dll
0x00007ff878180000 - 0x00007ff87830a000 	C:\WINDOWS\SYSTEM32\dbghelp.dll

VM Arguments:
jvm_args: -Djava.awt.headless=true -Xmx1024M -Dfile.encoding=windows-1251 -Duser.country=RU -Duser.language=ru -Duser.variant 
java_command: com.android.dx.command.Main --dex --num-threads=4 --output C:\Users\Ilya\Dropbox\MyDayList\app\build\intermediates\pre-dexed\debug\com.google.android.gms-play-services-cast-8.3.0_fcbdfb60c8da17e8f96b49ebd1080ef05cd79488.jar C:\Users\Ilya\Dropbox\MyDayList\app\build\intermediates\exploded-aar\com.google.android.gms\play-services-cast\8.3.0\jars\classes.jar
java_class_path (initial): C:\Users\Ilya\AppData\Local\Android\sdk\build-tools\23.0.1\lib\dx.jar
Launcher Type: SUN_STANDARD

Environment Variables:
PATH=C:\Program Files (x86)\Intel\iCLS Client\;C:\Program Files\Intel\iCLS Client\;C:\ProgramData\Oracle\Java\javapath;C:\Windows\system32;C:\Windows;C:\Windows\System32\Wbem;C:\Windows\System32\WindowsPowerShell\v1.0\;C:\Program Files (x86)\NVIDIA Corporation\PhysX\Common;C:\Program Files\Intel\Intel(R) Management Engine Components\DAL;C:\Program Files\Intel\Intel(R) Management Engine Components\IPT;C:\Program Files (x86)\Intel\Intel(R) Management Engine Components\DAL;C:\Program Files (x86)\Intel\Intel(R) Management Engine Components\IPT;C:\Program Files (x86)\Windows Kits\8.1\Windows Performance Toolkit\;C:\Program Files\Microsoft SQL Server\110\Tools\Binn\;C:\Program Files (x86)\Microsoft SDKs\TypeScript\1.0\;C:\Program Files (x86)\Common Files\Acronis\SnapAPI\;C:\WINDOWS\system32;C:\WINDOWS;C:\WINDOWS\System32\Wbem;C:\WINDOWS\System32\WindowsPowerShell\v1.0\;C:\Program Files (x86)\Skype\Phone\;C:\Program Files (x86)\MySQL\MySQL Fabric 1.5 & MySQL Utilities 1.5\;C:\Program Files (x86)\MySQL\MySQL Fabric 1.5 & MySQL Utilities 1.5\Doctrine extensions for PHP\;D:\android-ndk-r10e;C:\Users\Ilya\AppData\Local\Programs\Python\Python35-32\Scripts;C:\Users\Ilya\AppData\Local\Programs\Python\Python35-32;D:\python 2.7\Scripts;D:\python 2.7;C:\Program Files\Java\jdk1.8.0_40\bin;
USERNAME=Ilya
OS=Windows_NT
PROCESSOR_IDENTIFIER=Intel64 Family 6 Model 58 Stepping 9, GenuineIntel



---------------  S Y S T E M  ---------------

OS: Windows 10.0 , 64 bit Build 10240 (10.0.10240.16384)

CPU:total 8 (4 cores per cpu, 2 threads per core) family 6 model 58 stepping 9, cmov, cx8, fxsr, mmx, sse, sse2, sse3, ssse3, sse4.1, sse4.2, popcnt, avx, aes, clmul, erms, ht, tsc, tscinvbit, tscinv

Memory: 4k page, physical 16718628k(6237396k free), swap 16739108k(6208k free)

vm_info: Java HotSpot(TM) 64-Bit Server VM (25.40-b25) for windows-amd64 JRE (1.8.0_40-b26), built on Mar  7 2015 13:51:59 by "java_re" with MS VC++ 10.0 (VS2010)

time: Wed Dec 16 19:11:27 2015
elapsed time: 1 seconds (0d 0h 0m 1s)

