#
# There is insufficient memory for the Java Runtime Environment to continue.
# Native memory allocation (malloc) failed to allocate 691856 bytes for Chunk::new
# Possible reasons:
#   The system is out of physical RAM or swap space
#   In 32 bit mode, the process size limit was hit
# Possible solutions:
#   Reduce memory load on the system
#   Increase physical memory or swap space
#   Check if swap backing store is full
#   Use 64 bit Java on a 64 bit OS
#   Decrease Java heap size (-Xmx/-Xms)
#   Decrease number of Java threads
#   Decrease Java thread stack sizes (-Xss)
#   Set larger code cache with -XX:ReservedCodeCacheSize=
# This output file may be truncated or incomplete.
#
#  Out of Memory Error (allocation.cpp:390), pid=11012, tid=8228
#
# JRE version: Java(TM) SE Runtime Environment (8.0_40-b26) (build 1.8.0_40-b26)
# Java VM: Java HotSpot(TM) 64-Bit Server VM (25.40-b25 mixed mode windows-amd64 compressed oops)
# Failed to write core dump. Minidumps are not enabled by default on client versions of Windows
#

---------------  T H R E A D  ---------------

Current thread (0x000000001743a000):  JavaThread "C2 CompilerThread0" daemon [_thread_in_native, id=8228, stack(0x0000000017a10000,0x0000000017b10000)]

Stack: [0x0000000017a10000,0x0000000017b10000]
Native frames: (J=compiled Java code, j=interpreted, Vv=VM code, C=native code)
V  [jvm.dll+0x32b47a]
V  [jvm.dll+0x2797f3]
V  [jvm.dll+0x27a489]
V  [jvm.dll+0x2717a5]
V  [jvm.dll+0xcb9a2]
V  [jvm.dll+0xcbe6c]
V  [jvm.dll+0x49294c]
V  [jvm.dll+0x45f639]
V  [jvm.dll+0x46a73b]
V  [jvm.dll+0x46cd52]
V  [jvm.dll+0x4500d2]
V  [jvm.dll+0xa4312]
V  [jvm.dll+0xa4c4f]
V  [jvm.dll+0x241914]
V  [jvm.dll+0x29848a]
C  [msvcr100.dll+0x21d9f]
C  [msvcr100.dll+0x21e3b]
C  [KERNEL32.DLL+0x12d92]
C  [ntdll.dll+0x9f64]


Current CompileTask:
C2:   8145 1961       4       com.android.dx.cf.code.Simulator$SimVisitor::visitConstant (332 bytes)


---------------  P R O C E S S  ---------------

Java Threads: ( => current thread )
  0x00000000176fb000 JavaThread "pool-1-thread-4" [_thread_blocked, id=5924, stack(0x0000000018410000,0x0000000018510000)]
  0x00000000176fa000 JavaThread "pool-1-thread-3" [_thread_blocked, id=1060, stack(0x0000000018310000,0x0000000018410000)]
  0x00000000176f7800 JavaThread "pool-1-thread-2" [_thread_blocked, id=7292, stack(0x0000000018210000,0x0000000018310000)]
  0x00000000176f2800 JavaThread "pool-2-thread-1" [_thread_blocked, id=14960, stack(0x0000000018110000,0x0000000018210000)]
  0x00000000176ed000 JavaThread "pool-1-thread-1" [_thread_blocked, id=12936, stack(0x0000000018010000,0x0000000018110000)]
  0x00000000174a3800 JavaThread "Service Thread" daemon [_thread_blocked, id=1180, stack(0x0000000017e10000,0x0000000017f10000)]
  0x000000001749b000 JavaThread "C1 CompilerThread3" daemon [_thread_blocked, id=8468, stack(0x0000000017d10000,0x0000000017e10000)]
  0x0000000017498800 JavaThread "C2 CompilerThread2" daemon [_thread_in_native, id=7072, stack(0x0000000017c10000,0x0000000017d10000)]
  0x0000000017492800 JavaThread "C2 CompilerThread1" daemon [_thread_in_native, id=12724, stack(0x0000000017b10000,0x0000000017c10000)]
=>0x000000001743a000 JavaThread "C2 CompilerThread0" daemon [_thread_in_native, id=8228, stack(0x0000000017a10000,0x0000000017b10000)]
  0x0000000017438000 JavaThread "Attach Listener" daemon [_thread_blocked, id=11032, stack(0x0000000017910000,0x0000000017a10000)]
  0x0000000017437000 JavaThread "Signal Dispatcher" daemon [_thread_blocked, id=11700, stack(0x0000000017810000,0x0000000017910000)]
  0x000000000290a800 JavaThread "Finalizer" daemon [_thread_blocked, id=12568, stack(0x0000000017310000,0x0000000017410000)]
  0x0000000002904000 JavaThread "Reference Handler" daemon [_thread_blocked, id=11080, stack(0x0000000017210000,0x0000000017310000)]
  0x000000000260d800 JavaThread "main" [_thread_blocked, id=15260, stack(0x0000000002710000,0x0000000002810000)]

Other Threads:
  0x0000000015429000 VMThread [stack: 0x0000000017110000,0x0000000017210000] [id=13084]
  0x00000000174a4800 WatcherThread [stack: 0x0000000017f10000,0x0000000018010000] [id=13036]

VM state:not at safepoint (normal execution)

VM Mutex/Monitor currently owned by a thread: None

Heap:
 PSYoungGen      total 141824K, used 25378K [0x00000000eab00000, 0x00000000f4000000, 0x0000000100000000)
  eden space 131072K, 11% used [0x00000000eab00000,0x00000000eb94a6b0,0x00000000f2b00000)
  from space 10752K, 99% used [0x00000000f3580000,0x00000000f3ffe340,0x00000000f4000000)
  to   space 10752K, 0% used [0x00000000f2b00000,0x00000000f2b00000,0x00000000f3580000)
 ParOldGen       total 175104K, used 7015K [0x00000000c0000000, 0x00000000cab00000, 0x00000000eab00000)
  object space 175104K, 4% used [0x00000000c0000000,0x00000000c06d9db8,0x00000000cab00000)
 Metaspace       used 6112K, capacity 7088K, committed 7296K, reserved 1056768K
  class space    used 581K, capacity 616K, committed 640K, reserved 1048576K

Card table byte_map: [0x0000000011cd0000,0x0000000011ee0000] byte_map_base: 0x00000000116d0000

Marking Bits: (ParMarkBitMap*) 0x0000000077484040
 Begin Bits: [0x0000000012840000, 0x0000000013840000)
 End Bits:   [0x0000000013840000, 0x0000000014840000)

Polling page: 0x0000000000de0000

CodeCache: size=245760Kb used=9503Kb max_used=9519Kb free=236256Kb
 bounds [0x0000000002910000, 0x0000000003270000, 0x0000000011910000]
 total_blobs=2205 nmethods=1935 adapters=182
 compilation: enabled

Compilation events (10 events):
Event: 8.033 Thread 0x0000000017492800 nmethod 1962 0x0000000003257c90 code [0x0000000003257fc0, 0x000000000325aee0]
Event: 8.033 Thread 0x0000000017492800 1964       4       com.android.dx.util.LabeledList::rebuildLabelToIndex (46 bytes)
Event: 8.036 Thread 0x0000000017492800 nmethod 1964 0x00000000031c8e90 code [0x00000000031c8fe0, 0x00000000031c9238]
Event: 8.036 Thread 0x0000000017492800 1963       4       com.android.dx.cf.code.Simulator$SimVisitor::visitLocal (329 bytes)
Event: 8.066 Thread 0x0000000017492800 nmethod 1963 0x000000000325e350 code [0x000000000325e620, 0x00000000032604c8]
Event: 8.066 Thread 0x0000000017492800 1965       4       com.android.dx.rop.cst.CstFieldRef::compareTo0 (43 bytes)
Event: 8.069 Thread 0x0000000017492800 nmethod 1965 0x000000000323fcd0 code [0x000000000323fe40, 0x0000000003240298]
Event: 8.085 Thread 0x0000000017492800 1969       4       com.android.dx.rop.cst.CstBaseMethodRef::getPrototype (41 bytes)
Event: 8.119 Thread 0x0000000017492800 nmethod 1969 0x0000000003262b10 code [0x0000000003262ce0, 0x0000000003264248]
Event: 8.119 Thread 0x0000000017492800 1970       4       com.android.dx.ssa.SCCP::simulateBranch (666 bytes)

GC Heap History (4 events):
Event: 2.313 GC heap before
{Heap before GC invocations=1 (full 0):
 PSYoungGen      total 76288K, used 65536K [0x00000000eab00000, 0x00000000f0000000, 0x0000000100000000)
  eden space 65536K, 100% used [0x00000000eab00000,0x00000000eeb00000,0x00000000eeb00000)
  from space 10752K, 0% used [0x00000000ef580000,0x00000000ef580000,0x00000000f0000000)
  to   space 10752K, 0% used [0x00000000eeb00000,0x00000000eeb00000,0x00000000ef580000)
 ParOldGen       total 175104K, used 0K [0x00000000c0000000, 0x00000000cab00000, 0x00000000eab00000)
  object space 175104K, 0% used [0x00000000c0000000,0x00000000c0000000,0x00000000cab00000)
 Metaspace       used 6017K, capacity 7088K, committed 7296K, reserved 1056768K
  class space    used 580K, capacity 616K, committed 640K, reserved 1048576K
Event: 2.691 GC heap after
Heap after GC invocations=1 (full 0):
 PSYoungGen      total 76288K, used 10736K [0x00000000eab00000, 0x00000000f4000000, 0x0000000100000000)
  eden space 65536K, 0% used [0x00000000eab00000,0x00000000eab00000,0x00000000eeb00000)
  from space 10752K, 99% used [0x00000000eeb00000,0x00000000ef57c2d0,0x00000000ef580000)
  to   space 10752K, 0% used [0x00000000f3580000,0x00000000f3580000,0x00000000f4000000)
 ParOldGen       total 175104K, used 0K [0x00000000c0000000, 0x00000000cab00000, 0x00000000eab00000)
  object space 175104K, 0% used [0x00000000c0000000,0x00000000c0000000,0x00000000cab00000)
 Metaspace       used 6017K, capacity 7088K, committed 7296K, reserved 1056768K
  class space    used 580K, capacity 616K, committed 640K, reserved 1048576K
}
Event: 7.092 GC heap before
{Heap before GC invocations=2 (full 0):
 PSYoungGen      total 76288K, used 76272K [0x00000000eab00000, 0x00000000f4000000, 0x0000000100000000)
  eden space 65536K, 100% used [0x00000000eab00000,0x00000000eeb00000,0x00000000eeb00000)
  from space 10752K, 99% used [0x00000000eeb00000,0x00000000ef57c2d0,0x00000000ef580000)
  to   space 10752K, 0% used [0x00000000f3580000,0x00000000f3580000,0x00000000f4000000)
 ParOldGen       total 175104K, used 0K [0x00000000c0000000, 0x00000000cab00000, 0x00000000eab00000)
  object space 175104K, 0% used [0x00000000c0000000,0x00000000c0000000,0x00000000cab00000)
 Metaspace       used 6107K, capacity 7088K, committed 7296K, reserved 1056768K
  class space    used 581K, capacity 616K, committed 640K, reserved 1048576K
Event: 7.617 GC heap after
Heap after GC invocations=2 (full 0):
 PSYoungGen      total 141824K, used 10744K [0x00000000eab00000, 0x00000000f4000000, 0x0000000100000000)
  eden space 131072K, 0% used [0x00000000eab00000,0x00000000eab00000,0x00000000f2b00000)
  from space 10752K, 99% used [0x00000000f3580000,0x00000000f3ffe340,0x00000000f4000000)
  to   space 10752K, 0% used [0x00000000f2b00000,0x00000000f2b00000,0x00000000f3580000)
 ParOldGen       total 175104K, used 7015K [0x00000000c0000000, 0x00000000cab00000, 0x00000000eab00000)
  object space 175104K, 4% used [0x00000000c0000000,0x00000000c06d9db8,0x00000000cab00000)
 Metaspace       used 6107K, capacity 7088K, committed 7296K, reserved 1056768K
  class space    used 581K, capacity 616K, committed 640K, reserved 1048576K
}

Deoptimization events (10 events):
Event: 2.739 Thread 0x00000000176f7800 Uncommon trap: reason=class_check action=maybe_recompile pc=0x0000000002d94afc method=com.android.dx.ssa.NormalSsaInsn.accept(Lcom/android/dx/ssa/SsaInsn$Visitor;)V @ 9
Event: 2.863 Thread 0x00000000176ed000 Uncommon trap: reason=bimorphic action=maybe_recompile pc=0x0000000002fc5888 method=com.android.dx.ssa.LiteralOpUpgrader.tryReplacingWithConstant(Lcom/android/dx/ssa/NormalSsaInsn;)Z @ 62
Event: 2.864 Thread 0x00000000176ed000 Uncommon trap: reason=unstable_if action=reinterpret pc=0x0000000002daec1c method=com.android.dx.ssa.SsaMethod.updateOneDefinition(Lcom/android/dx/ssa/SsaInsn;Lcom/android/dx/rop/code/RegisterSpec;)V @ 4
Event: 2.864 Thread 0x00000000176ed000 Uncommon trap: reason=unstable_if action=reinterpret pc=0x0000000002fee8fc method=com.android.dx.ssa.LiteralOpUpgrader$1.visitNonMoveInsn(Lcom/android/dx/ssa/NormalSsaInsn;)V @ 24
Event: 3.533 Thread 0x00000000176fb000 Uncommon trap: reason=unstable_if action=reinterpret pc=0x0000000002e27610 method=com.android.dx.ssa.SCCP.simulateBranch(Lcom/android/dx/ssa/SsaInsn;)V @ 64
Event: 4.012 Thread 0x00000000176fb000 Uncommon trap: reason=unstable_if action=reinterpret pc=0x00000000030efe8c method=com.android.dx.cf.code.ByteCatchList$Item.getExceptionClass()Lcom/android/dx/rop/cst/CstType; @ 4
Event: 7.975 Thread 0x00000000176ed000 Uncommon trap: reason=class_check action=maybe_recompile pc=0x00000000031f1330 method=com.android.dx.ssa.SsaMethod.isRegALocal(Lcom/android/dx/rop/code/RegisterSpec;)Z @ 16
Event: 7.975 Thread 0x00000000176ed000 Uncommon trap: reason=class_check action=maybe_recompile pc=0x00000000031f1330 method=com.android.dx.ssa.SsaMethod.isRegALocal(Lcom/android/dx/rop/code/RegisterSpec;)Z @ 16
Event: 7.975 Thread 0x00000000176ed000 Uncommon trap: reason=class_check action=maybe_recompile pc=0x00000000031f1330 method=com.android.dx.ssa.SsaMethod.isRegALocal(Lcom/android/dx/rop/code/RegisterSpec;)Z @ 16
Event: 8.096 Thread 0x00000000176ed000 Uncommon trap: reason=class_check action=maybe_recompile pc=0x00000000031f1330 method=com.android.dx.ssa.SsaMethod.isRegALocal(Lcom/android/dx/rop/code/RegisterSpec;)Z @ 16

Internal exceptions (3 events):
Event: 0.047 Thread 0x000000000260d800 Exception <a 'java/lang/NoSuchMethodError': Method sun.misc.Unsafe.defineClass(Ljava/lang/String;[BII)Ljava/lang/Class; name or signature does not match> (0x00000000eab12f00) thrown at [D:\re\workspace\8-2-build-windows-amd64-cygwin\jdk8u40\3098\hotspot\sr±ð=“Ï¨?
Event: 0.047 Thread 0x000000000260d800 Exception <a 'java/lang/NoSuchMethodError': Method sun.misc.Unsafe.prefetchRead(Ljava/lang/Object;J)V name or signature does not match> (0x00000000eab13190) thrown at [D:\re\workspace\8-2-build-windows-amd64-cygwin\jdk8u40\3098\hotspot\src\share\vm\prims\j»-Ú¼ó?
Event: 1.234 Thread 0x00000000176fb000 Implicit null exception at 0x0000000002d57974 to 0x0000000002d59145

Events (10 events):
Event: 7.975 Thread 0x00000000176ed000 DEOPT UNPACKING pc=0x000000000295582a sp=0x000000001810e918 mode 2
Event: 7.975 Thread 0x00000000176ed000 Uncommon trap: trap_request=0xffffffde fr.pc=0x00000000031f1330
Event: 7.975 Thread 0x00000000176ed000 DEOPT PACKING pc=0x00000000031f1330 sp=0x000000001810ea80
Event: 7.975 Thread 0x00000000176ed000 DEOPT UNPACKING pc=0x000000000295582a sp=0x000000001810e9f8 mode 2
Event: 7.975 Thread 0x00000000176ed000 Uncommon trap: trap_request=0xffffffde fr.pc=0x00000000031f1330
Event: 7.975 Thread 0x00000000176ed000 DEOPT PACKING pc=0x00000000031f1330 sp=0x000000001810ea80
Event: 7.975 Thread 0x00000000176ed000 DEOPT UNPACKING pc=0x000000000295582a sp=0x000000001810e9f8 mode 2
Event: 8.096 Thread 0x00000000176ed000 Uncommon trap: trap_request=0xffffffde fr.pc=0x00000000031f1330
Event: 8.096 Thread 0x00000000176ed000 DEOPT PACKING pc=0x00000000031f1330 sp=0x000000001810e9a0
Event: 8.096 Thread 0x00000000176ed000 DEOPT UNPACKING pc=0x000000000295582a sp=0x000000001810e918 mode 2


Dynamic libraries:
0x00007ff677cd0000 - 0x00007ff677d07000 	C:\Program Files\Java\jdk1.8.0_40\bin\java.exe
0x00007ffa09210000 - 0x00007ffa093d1000 	C:\WINDOWS\SYSTEM32\ntdll.dll
0x00007ffa08aa0000 - 0x00007ffa08b4d000 	C:\WINDOWS\system32\KERNEL32.DLL
0x00007ffa063c0000 - 0x00007ffa0659d000 	C:\WINDOWS\system32\KERNELBASE.dll
0x00007ffa08ce0000 - 0x00007ffa08d86000 	C:\WINDOWS\system32\ADVAPI32.dll
0x00007ffa06ef0000 - 0x00007ffa06f8d000 	C:\WINDOWS\system32\msvcrt.dll
0x00007ffa09170000 - 0x00007ffa091cb000 	C:\WINDOWS\system32\sechost.dll
0x00007ffa08bb0000 - 0x00007ffa08cd6000 	C:\WINDOWS\system32\RPCRT4.dll
0x00007ffa06970000 - 0x00007ffa06abe000 	C:\WINDOWS\system32\USER32.dll
0x00007ffa06ac0000 - 0x00007ffa06c46000 	C:\WINDOWS\system32\GDI32.dll
0x00007ffa004a0000 - 0x00007ffa00714000 	C:\WINDOWS\WinSxS\amd64_microsoft.windows.common-controls_6595b64144ccf1df_6.0.10240.16384_none_f41f7b285750ef43\COMCTL32.dll
0x00007ffa091d0000 - 0x00007ffa09206000 	C:\WINDOWS\system32\IMM32.DLL
0x00007ffa06f90000 - 0x00007ffa070ec000 	C:\WINDOWS\system32\MSCTF.dll
0x00000000765b0000 - 0x0000000076682000 	C:\Program Files\Java\jdk1.8.0_40\jre\bin\msvcr100.dll
0x0000000076c80000 - 0x0000000077503000 	C:\Program Files\Java\jdk1.8.0_40\jre\bin\server\jvm.dll
0x00007ffa06e00000 - 0x00007ffa06e08000 	C:\WINDOWS\system32\PSAPI.DLL
0x00007ff9fba30000 - 0x00007ff9fba39000 	C:\WINDOWS\SYSTEM32\WSOCK32.dll
0x00007ffa08a30000 - 0x00007ffa08a99000 	C:\WINDOWS\system32\WS2_32.dll
0x00007ffa068e0000 - 0x00007ffa068e8000 	C:\WINDOWS\system32\NSI.dll
0x00007ffa03f30000 - 0x00007ffa03f53000 	C:\WINDOWS\SYSTEM32\WINMM.dll
0x00007ffa01000000 - 0x00007ffa0100a000 	C:\WINDOWS\SYSTEM32\VERSION.dll
0x0000000000e00000 - 0x0000000000e2c000 	C:\WINDOWS\SYSTEM32\WINMMBASE.dll
0x00007ffa06660000 - 0x00007ffa066a4000 	C:\WINDOWS\system32\cfgmgr32.dll
0x00007ffa04510000 - 0x00007ffa04537000 	C:\WINDOWS\SYSTEM32\DEVOBJ.dll
0x0000000050000000 - 0x000000005000f000 	C:\Program Files\Java\jdk1.8.0_40\jre\bin\verify.dll
0x0000000076c50000 - 0x0000000076c79000 	C:\Program Files\Java\jdk1.8.0_40\jre\bin\java.dll
0x0000000076c30000 - 0x0000000076c46000 	C:\Program Files\Java\jdk1.8.0_40\jre\bin\zip.dll
0x00007ffa070f0000 - 0x00007ffa08612000 	C:\WINDOWS\system32\SHELL32.dll
0x00007ffa05ce0000 - 0x00007ffa06308000 	C:\WINDOWS\system32\windows.storage.dll
0x00007ffa08ef0000 - 0x00007ffa0916c000 	C:\WINDOWS\system32\combase.dll
0x00007ffa06910000 - 0x00007ffa06961000 	C:\WINDOWS\system32\shlwapi.dll
0x00007ffa05cb0000 - 0x00007ffa05cbf000 	C:\WINDOWS\system32\kernel.appcore.dll
0x00007ffa065a0000 - 0x00007ffa06653000 	C:\WINDOWS\system32\shcore.dll
0x00007ffa05c60000 - 0x00007ffa05caa000 	C:\WINDOWS\system32\powrprof.dll
0x00007ffa05c40000 - 0x00007ffa05c53000 	C:\WINDOWS\system32\profapi.dll
0x00007ff9fb7a0000 - 0x00007ff9fb92a000 	C:\WINDOWS\SYSTEM32\dbghelp.dll

VM Arguments:
jvm_args: -Djava.awt.headless=true -Xmx1024M -Dfile.encoding=windows-1251 -Duser.country=RU -Duser.language=ru -Duser.variant 
java_command: com.android.dx.command.Main --dex --num-threads=4 --output C:\Users\Ilya\Dropbox\MyDayList\app\build\intermediates\pre-dexed\debug\com.google.android.gms-play-services-maps-8.3.0_390fcca56a8869bc5e90a00448f9bd082bcebb59.jar C:\Users\Ilya\Dropbox\MyDayList\app\build\intermediates\exploded-aar\com.google.android.gms\play-services-maps\8.3.0\jars\classes.jar
java_class_path (initial): C:\Users\Ilya\AppData\Local\Android\sdk\build-tools\23.0.1\lib\dx.jar
Launcher Type: SUN_STANDARD

Environment Variables:
PATH=C:\Program Files (x86)\Intel\iCLS Client\;C:\Program Files\Intel\iCLS Client\;C:\ProgramData\Oracle\Java\javapath;C:\Windows\system32;C:\Windows;C:\Windows\System32\Wbem;C:\Windows\System32\WindowsPowerShell\v1.0\;C:\Program Files (x86)\NVIDIA Corporation\PhysX\Common;C:\Program Files\Intel\Intel(R) Management Engine Components\DAL;C:\Program Files\Intel\Intel(R) Management Engine Components\IPT;C:\Program Files (x86)\Intel\Intel(R) Management Engine Components\DAL;C:\Program Files (x86)\Intel\Intel(R) Management Engine Components\IPT;C:\Program Files (x86)\Windows Kits\8.1\Windows Performance Toolkit\;C:\Program Files\Microsoft SQL Server\110\Tools\Binn\;C:\Program Files (x86)\Microsoft SDKs\TypeScript\1.0\;C:\Program Files (x86)\Common Files\Acronis\SnapAPI\;C:\WINDOWS\system32;C:\WINDOWS;C:\WINDOWS\System32\Wbem;C:\WINDOWS\System32\WindowsPowerShell\v1.0\;C:\Program Files (x86)\Skype\Phone\;C:\Program Files (x86)\MySQL\MySQL Fabric 1.5 & MySQL Utilities 1.5\;C:\Program Files (x86)\MySQL\MySQL Fabric 1.5 & MySQL Utilities 1.5\Doctrine extensions for PHP\;D:\android-ndk-r10e;C:\Users\Ilya\AppData\Local\Programs\Python\Python35-32\Scripts;C:\Users\Ilya\AppData\Local\Programs\Python\Python35-32;D:\python 2.7\Scripts;D:\python 2.7;C:\Program Files\Java\jdk1.8.0_40\bin;
USERNAME=Ilya
OS=Windows_NT
PROCESSOR_IDENTIFIER=Intel64 Family 6 Model 58 Stepping 9, GenuineIntel



---------------  S Y S T E M  ---------------

OS: Windows 10.0 , 64 bit Build 10240 (10.0.10240.16384)

CPU:total 8 (4 cores per cpu, 2 threads per core) family 6 model 58 stepping 9, cmov, cx8, fxsr, mmx, sse, sse2, sse3, ssse3, sse4.1, sse4.2, popcnt, avx, aes, clmul, erms, ht, tsc, tscinvbit, tscinv

Memory: 4k page, physical 16718628k(6462300k free), swap 16739108k(4140k free)

vm_info: Java HotSpot(TM) 64-Bit Server VM (25.40-b25) for windows-amd64 JRE (1.8.0_40-b26), built on Mar  7 2015 13:51:59 by "java_re" with MS VC++ 10.0 (VS2010)

time: Wed Dec 16 17:11:47 2015
elapsed time: 8 seconds (0d 0h 0m 8s)

