#
# There is insufficient memory for the Java Runtime Environment to continue.
# Native memory allocation (malloc) failed to allocate 1660336 bytes for Chunk::new
# Possible reasons:
#   The system is out of physical RAM or swap space
#   In 32 bit mode, the process size limit was hit
# Possible solutions:
#   Reduce memory load on the system
#   Increase physical memory or swap space
#   Check if swap backing store is full
#   Use 64 bit Java on a 64 bit OS
#   Decrease Java heap size (-Xmx/-Xms)
#   Decrease number of Java threads
#   Decrease Java thread stack sizes (-Xss)
#   Set larger code cache with -XX:ReservedCodeCacheSize=
# This output file may be truncated or incomplete.
#
#  Out of Memory Error (allocation.cpp:390), pid=8064, tid=10544
#
# JRE version: Java(TM) SE Runtime Environment (8.0_40-b26) (build 1.8.0_40-b26)
# Java VM: Java HotSpot(TM) 64-Bit Server VM (25.40-b25 mixed mode windows-amd64 compressed oops)
# Failed to write core dump. Minidumps are not enabled by default on client versions of Windows
#

---------------  T H R E A D  ---------------

Current thread (0x00000000172c7000):  JavaThread "C2 CompilerThread2" daemon [_thread_in_native, id=10544, stack(0x0000000017a90000,0x0000000017b90000)]

Stack: [0x0000000017a90000,0x0000000017b90000]
Native frames: (J=compiled Java code, j=interpreted, Vv=VM code, C=native code)
V  [jvm.dll+0x32b47a]


Current CompileTask:
C2:   2062 1247   !   4       com.android.dx.cf.cst.ConstantPoolParser::parse0 (731 bytes)


---------------  P R O C E S S  ---------------

Java Threads: ( => current thread )
  0x0000000017580000 JavaThread "pool-1-thread-4" [_thread_blocked, id=14080, stack(0x0000000018290000,0x0000000018390000)]
  0x00000000174f5800 JavaThread "pool-1-thread-3" [_thread_in_Java, id=9220, stack(0x0000000018190000,0x0000000018290000)]
  0x00000000174dc800 JavaThread "pool-1-thread-2" [_thread_blocked, id=9820, stack(0x0000000018090000,0x0000000018190000)]
  0x000000001746d800 JavaThread "pool-2-thread-1" [_thread_blocked, id=14552, stack(0x0000000017f90000,0x0000000018090000)]
  0x0000000017473800 JavaThread "pool-1-thread-1" [_thread_blocked, id=14948, stack(0x0000000017e90000,0x0000000017f90000)]
  0x000000001735b800 JavaThread "Service Thread" daemon [_thread_blocked, id=9136, stack(0x0000000017c90000,0x0000000017d90000)]
  0x00000000172d3000 JavaThread "C1 CompilerThread3" daemon [_thread_blocked, id=16308, stack(0x0000000017b90000,0x0000000017c90000)]
=>0x00000000172c7000 JavaThread "C2 CompilerThread2" daemon [_thread_in_native, id=10544, stack(0x0000000017a90000,0x0000000017b90000)]
  0x00000000172bd800 JavaThread "C2 CompilerThread1" daemon [_thread_in_native, id=13800, stack(0x0000000017990000,0x0000000017a90000)]
  0x00000000172ba800 JavaThread "C2 CompilerThread0" daemon [_thread_in_native, id=15700, stack(0x0000000017890000,0x0000000017990000)]
  0x00000000172b8800 JavaThread "Attach Listener" daemon [_thread_blocked, id=6612, stack(0x0000000017790000,0x0000000017890000)]
  0x00000000172b7800 JavaThread "Signal Dispatcher" daemon [_thread_blocked, id=9616, stack(0x0000000017690000,0x0000000017790000)]
  0x00000000152bd000 JavaThread "Finalizer" daemon [_thread_blocked, id=12152, stack(0x0000000017190000,0x0000000017290000)]
  0x0000000002795800 JavaThread "Reference Handler" daemon [_thread_blocked, id=9568, stack(0x0000000017090000,0x0000000017190000)]
  0x000000000259d800 JavaThread "main" [_thread_blocked, id=5720, stack(0x00000000025a0000,0x00000000026a0000)]

Other Threads:
  0x00000000152b9000 VMThread [stack: 0x0000000016f90000,0x0000000017090000] [id=11344]
  0x000000001736c800 WatcherThread [stack: 0x0000000017d90000,0x0000000017e90000] [id=4320]

VM state:not at safepoint (normal execution)

VM Mutex/Monitor currently owned by a thread: None

Heap:
 PSYoungGen      total 76288K, used 43263K [0x00000000eab00000, 0x00000000f0000000, 0x0000000100000000)
  eden space 65536K, 66% used [0x00000000eab00000,0x00000000ed53fd58,0x00000000eeb00000)
  from space 10752K, 0% used [0x00000000ef580000,0x00000000ef580000,0x00000000f0000000)
  to   space 10752K, 0% used [0x00000000eeb00000,0x00000000eeb00000,0x00000000ef580000)
 ParOldGen       total 175104K, used 0K [0x00000000c0000000, 0x00000000cab00000, 0x00000000eab00000)
  object space 175104K, 0% used [0x00000000c0000000,0x00000000c0000000,0x00000000cab00000)
 Metaspace       used 5901K, capacity 6960K, committed 7040K, reserved 1056768K
  class space    used 581K, capacity 616K, committed 640K, reserved 1048576K

Card table byte_map: [0x0000000011b60000,0x0000000011d70000] byte_map_base: 0x0000000011560000

Marking Bits: (ParMarkBitMap*) 0x00000000747d4040
 Begin Bits: [0x00000000126d0000, 0x00000000136d0000)
 End Bits:   [0x00000000136d0000, 0x00000000146d0000)

Polling page: 0x0000000000ad0000

CodeCache: size=245760Kb used=5557Kb max_used=5568Kb free=240202Kb
 bounds [0x00000000027a0000, 0x0000000002d20000, 0x00000000117a0000]
 total_blobs=1626 nmethods=1356 adapters=182
 compilation: enabled

Compilation events (10 events):
Event: 2.049 Thread 0x00000000172ba800 nmethod 1354 0x0000000002d11190 code [0x0000000002d112e0, 0x0000000002d11498]
Event: 2.049 Thread 0x00000000172ba800 1355       4       com.android.dx.rop.code.ThrowingCstInsn::accept (8 bytes)
Event: 2.049 Thread 0x00000000172ba800 nmethod 1355 0x0000000002cd66d0 code [0x0000000002cd6800, 0x0000000002cd6878]
Event: 2.049 Thread 0x00000000172ba800 1356       4       com.android.dx.ssa.InterferenceRegisterMapper::interferes (78 bytes)
Event: 2.051 Thread 0x00000000172ba800 nmethod 1356 0x0000000002d0f610 code [0x0000000002d0f760, 0x0000000002d0f968]
Event: 2.053 Thread 0x00000000172d3000 1358   !   3       com.android.dx.cf.code.Ropper::doit (126 bytes)
Event: 2.054 Thread 0x00000000172ba800 1359       4       com.android.dx.rop.code.ThrowingCstInsn::withNewRegisters (25 bytes)
Event: 2.054 Thread 0x00000000172d3000 nmethod 1358 0x0000000002d12f90 code [0x0000000002d13280, 0x0000000002d146d8]
Event: 2.055 Thread 0x00000000172ba800 nmethod 1359 0x0000000002d0efd0 code [0x0000000002d0f120, 0x0000000002d0f358]
Event: 2.056 Thread 0x00000000172ba800 1360       4       com.android.dx.ssa.DeadCodeRemover::isCircularNoSideEffect (140 bytes)

GC Heap History (0 events):
No events

Deoptimization events (10 events):
Event: 1.741 Thread 0x00000000174f5800 Uncommon trap: reason=unstable_if action=reinterpret pc=0x0000000002ba3e94 method=com.android.dx.rop.code.RegisterSpecSet.put(Lcom/android/dx/rop/code/RegisterSpec;)V @ 77
Event: 1.752 Thread 0x00000000174f5800 Uncommon trap: reason=unstable_if action=reinterpret pc=0x0000000002b9c340 method=com.android.dx.rop.code.RegisterSpec.equals(ILcom/android/dx/rop/type/TypeBearer;Lcom/android/dx/rop/code/LocalItem;)Z @ 16
Event: 1.752 Thread 0x00000000174f5800 Uncommon trap: reason=unstable_if action=reinterpret pc=0x0000000002b24044 method=com.android.dx.rop.code.RegisterSpec.equals(ILcom/android/dx/rop/type/TypeBearer;Lcom/android/dx/rop/code/LocalItem;)Z @ 16
Event: 1.752 Thread 0x00000000174f5800 Uncommon trap: reason=unstable_if action=reinterpret pc=0x0000000002b97498 method=com.android.dx.rop.code.RegisterSpec.equals(ILcom/android/dx/rop/type/TypeBearer;Lcom/android/dx/rop/code/LocalItem;)Z @ 16
Event: 1.752 Thread 0x00000000174f5800 Uncommon trap: reason=unstable_if action=reinterpret pc=0x0000000002b4fdf8 method=com.android.dx.rop.code.RegisterSpec.equals(ILcom/android/dx/rop/type/TypeBearer;Lcom/android/dx/rop/code/LocalItem;)Z @ 16
Event: 1.793 Thread 0x0000000017473800 Uncommon trap: reason=bimorphic action=maybe_recompile pc=0x0000000002c2103c method=java.util.HashMap.getNode(ILjava/lang/Object;)Ljava/util/HashMap$Node; @ 126
Event: 1.828 Thread 0x0000000017580000 Uncommon trap: reason=unstable_if action=reinterpret pc=0x0000000002bd509c method=com.android.dx.ssa.SsaMethod.updateOneDefinition(Lcom/android/dx/ssa/SsaInsn;Lcom/android/dx/rop/code/RegisterSpec;)V @ 4
Event: 1.850 Thread 0x00000000174dc800 Uncommon trap: reason=unstable_if action=reinterpret pc=0x0000000002ab4e1c method=com.android.dx.rop.cst.Constant.compareTo(Lcom/android/dx/rop/cst/Constant;)I @ 12
Event: 1.860 Thread 0x000000000259d800 Uncommon trap: reason=unstable_if action=reinterpret pc=0x00000000029e28b4 method=java.util.BitSet.ensureCapacity(I)V @ 6
Event: 1.941 Thread 0x00000000174f5800 Uncommon trap: reason=bimorphic action=maybe_recompile pc=0x0000000002c2103c method=java.util.HashMap.getNode(ILjava/lang/Object;)Ljava/util/HashMap$Node; @ 126

Internal exceptions (2 events):
Event: 0.062 Thread 0x000000000259d800 Exception <a 'java/lang/NoSuchMethodError': Method sun.misc.Unsafe.defineClass(Ljava/lang/String;[BII)Ljava/lang/Class; name or signature does not match> (0x00000000eab12f00) thrown at [D:\re\workspace\8-2-build-windows-amd64-cygwin\jdk8u40\3098\hotspot\sr•üº‰óâ¯?
Event: 0.062 Thread 0x000000000259d800 Exception <a 'java/lang/NoSuchMethodError': Method sun.misc.Unsafe.prefetchRead(Ljava/lang/Object;J)V name or signature does not match> (0x00000000eab13190) thrown at [D:\re\workspace\8-2-build-windows-amd64-cygwin\jdk8u40\3098\hotspot\src\share\vm\prims\j

Events (10 events):
Event: 1.850 Thread 0x00000000174dc800 DEOPT PACKING pc=0x0000000002ab4e1c sp=0x000000001818e620
Event: 1.850 Thread 0x00000000174dc800 DEOPT UNPACKING pc=0x00000000027e582a sp=0x000000001818e5c0 mode 2
Event: 1.860 Thread 0x000000000259d800 Uncommon trap: trap_request=0xffffff65 fr.pc=0x00000000029e28b4
Event: 1.860 Thread 0x000000000259d800 DEOPT PACKING pc=0x00000000029e28b4 sp=0x000000000269e180
Event: 1.860 Thread 0x000000000259d800 DEOPT UNPACKING pc=0x00000000027e582a sp=0x000000000269e068 mode 2
Event: 1.941 Thread 0x00000000174f5800 Uncommon trap: trap_request=0xffffffc6 fr.pc=0x0000000002c2103c
Event: 1.941 Thread 0x00000000174f5800 DEOPT PACKING pc=0x0000000002c2103c sp=0x000000001828e6c0
Event: 1.941 Thread 0x00000000174f5800 DEOPT UNPACKING pc=0x00000000027e582a sp=0x000000001828e640 mode 2
Event: 2.009 Executing VM operation: ForceSafepoint
Event: 2.009 Executing VM operation: ForceSafepoint done


Dynamic libraries:
0x00007ff678e00000 - 0x00007ff678e37000 	C:\Program Files\Java\jdk1.8.0_40\bin\java.exe
0x00007ff886840000 - 0x00007ff886a01000 	C:\WINDOWS\SYSTEM32\ntdll.dll
0x00007ff8857d0000 - 0x00007ff88587d000 	C:\WINDOWS\system32\KERNEL32.DLL
0x00007ff883d30000 - 0x00007ff883f0d000 	C:\WINDOWS\system32\KERNELBASE.dll
0x00007ff8860c0000 - 0x00007ff886166000 	C:\WINDOWS\system32\ADVAPI32.dll
0x00007ff885f10000 - 0x00007ff885fad000 	C:\WINDOWS\system32\msvcrt.dll
0x00007ff883ff0000 - 0x00007ff88404b000 	C:\WINDOWS\system32\sechost.dll
0x00007ff8858f0000 - 0x00007ff885a16000 	C:\WINDOWS\system32\RPCRT4.dll
0x00007ff8866e0000 - 0x00007ff88682e000 	C:\WINDOWS\system32\USER32.dll
0x00007ff886530000 - 0x00007ff8866b6000 	C:\WINDOWS\system32\GDI32.dll
0x00007ff880440000 - 0x00007ff8806b4000 	C:\WINDOWS\WinSxS\amd64_microsoft.windows.common-controls_6595b64144ccf1df_6.0.10240.16384_none_f41f7b285750ef43\COMCTL32.dll
0x00007ff8855e0000 - 0x00007ff885616000 	C:\WINDOWS\system32\IMM32.DLL
0x00007ff885db0000 - 0x00007ff885f0c000 	C:\WINDOWS\system32\MSCTF.dll
0x0000000073db0000 - 0x0000000073e82000 	C:\Program Files\Java\jdk1.8.0_40\jre\bin\msvcr100.dll
0x0000000073fd0000 - 0x0000000074853000 	C:\Program Files\Java\jdk1.8.0_40\jre\bin\server\jvm.dll
0x00007ff886170000 - 0x00007ff886178000 	C:\WINDOWS\system32\PSAPI.DLL
0x00007ff877d10000 - 0x00007ff877d19000 	C:\WINDOWS\SYSTEM32\WSOCK32.dll
0x00007ff885a20000 - 0x00007ff885a89000 	C:\WINDOWS\system32\WS2_32.dll
0x00007ff886830000 - 0x00007ff886838000 	C:\WINDOWS\system32\NSI.dll
0x00007ff8812e0000 - 0x00007ff881303000 	C:\WINDOWS\SYSTEM32\WINMM.dll
0x00007ff87f6d0000 - 0x00007ff87f6da000 	C:\WINDOWS\SYSTEM32\VERSION.dll
0x00007ff881280000 - 0x00007ff8812ac000 	C:\WINDOWS\SYSTEM32\WINMMBASE.dll
0x00007ff883650000 - 0x00007ff883694000 	C:\WINDOWS\system32\cfgmgr32.dll
0x00007ff881be0000 - 0x00007ff881c07000 	C:\WINDOWS\SYSTEM32\DEVOBJ.dll
0x0000000077080000 - 0x000000007708f000 	C:\Program Files\Java\jdk1.8.0_40\jre\bin\verify.dll
0x0000000074c80000 - 0x0000000074ca9000 	C:\Program Files\Java\jdk1.8.0_40\jre\bin\java.dll
0x0000000074c60000 - 0x0000000074c76000 	C:\Program Files\Java\jdk1.8.0_40\jre\bin\zip.dll
0x00007ff8840b0000 - 0x00007ff8855d2000 	C:\WINDOWS\system32\SHELL32.dll
0x00007ff8836a0000 - 0x00007ff883cc8000 	C:\WINDOWS\system32\windows.storage.dll
0x00007ff886180000 - 0x00007ff8863fc000 	C:\WINDOWS\system32\combase.dll
0x00007ff8864c0000 - 0x00007ff886511000 	C:\WINDOWS\system32\shlwapi.dll
0x00007ff8832e0000 - 0x00007ff8832ef000 	C:\WINDOWS\system32\kernel.appcore.dll
0x00007ff883590000 - 0x00007ff883643000 	C:\WINDOWS\system32\shcore.dll
0x00007ff883290000 - 0x00007ff8832da000 	C:\WINDOWS\system32\powrprof.dll
0x00007ff883270000 - 0x00007ff883283000 	C:\WINDOWS\system32\profapi.dll

VM Arguments:
jvm_args: -Djava.awt.headless=true -Xmx1024M -Dfile.encoding=windows-1251 -Duser.country=RU -Duser.language=ru -Duser.variant 
java_command: com.android.dx.command.Main --dex --num-threads=4 --output C:\Users\Ilya\Dropbox\MyDayList\app\build\intermediates\pre-dexed\debug\com.google.android.gms-play-services-appindexing-8.3.0_329fdf19d849438a24f04b21ba5a203a2c381b77.jar C:\Users\Ilya\Dropbox\MyDayList\app\build\intermediates\exploded-aar\com.google.android.gms\play-services-appindexing\8.3.0\jars\classes.jar
java_class_path (initial): C:\Users\Ilya\AppData\Local\Android\sdk\build-tools\23.0.1\lib\dx.jar
Launcher Type: SUN_STANDARD

Environment Variables:
PATH=C:\Program Files (x86)\Intel\iCLS Client\;C:\Program Files\Intel\iCLS Client\;C:\ProgramData\Oracle\Java\javapath;C:\Windows\system32;C:\Windows;C:\Windows\System32\Wbem;C:\Windows\System32\WindowsPowerShell\v1.0\;C:\Program Files (x86)\NVIDIA Corporation\PhysX\Common;C:\Program Files\Intel\Intel(R) Management Engine Components\DAL;C:\Program Files\Intel\Intel(R) Management Engine Components\IPT;C:\Program Files (x86)\Intel\Intel(R) Management Engine Components\DAL;C:\Program Files (x86)\Intel\Intel(R) Management Engine Components\IPT;C:\Program Files (x86)\Windows Kits\8.1\Windows Performance Toolkit\;C:\Program Files\Microsoft SQL Server\110\Tools\Binn\;C:\Program Files (x86)\Microsoft SDKs\TypeScript\1.0\;C:\Program Files (x86)\Common Files\Acronis\SnapAPI\;C:\WINDOWS\system32;C:\WINDOWS;C:\WINDOWS\System32\Wbem;C:\WINDOWS\System32\WindowsPowerShell\v1.0\;C:\Program Files (x86)\Skype\Phone\;C:\Program Files (x86)\MySQL\MySQL Fabric 1.5 & MySQL Utilities 1.5\;C:\Program Files (x86)\MySQL\MySQL Fabric 1.5 & MySQL Utilities 1.5\Doctrine extensions for PHP\;D:\android-ndk-r10e;C:\Users\Ilya\AppData\Local\Programs\Python\Python35-32\Scripts;C:\Users\Ilya\AppData\Local\Programs\Python\Python35-32;D:\python 2.7\Scripts;D:\python 2.7;C:\Program Files\Java\jdk1.8.0_40\bin;
USERNAME=Ilya
OS=Windows_NT
PROCESSOR_IDENTIFIER=Intel64 Family 6 Model 58 Stepping 9, GenuineIntel



---------------  S Y S T E M  ---------------

OS: Windows 10.0 , 64 bit Build 10240 (10.0.10240.16384)

CPU:total 8 (4 cores per cpu, 2 threads per core) family 6 model 58 stepping 9, cmov, cx8, fxsr, mmx, sse, sse2, sse3, ssse3, sse4.1, sse4.2, popcnt, avx, aes, clmul, erms, ht, tsc, tscinvbit, tscinv

Memory: 4k page, physical 16718628k(7357080k free), swap 16739108k(4440k free)

vm_info: Java HotSpot(TM) 64-Bit Server VM (25.40-b25) for windows-amd64 JRE (1.8.0_40-b26), built on Mar  7 2015 13:51:59 by "java_re" with MS VC++ 10.0 (VS2010)

time: Wed Dec 16 19:12:08 2015
elapsed time: 2 seconds (0d 0h 0m 2s)

